ARM GAS  C:\Users\Shahed\AppData\Local\Temp\ccuqXEms.s 			page 1


   1              		.cpu cortex-m0
   2              		.fpu softvfp
   3              		.eabi_attribute 20, 1
   4              		.eabi_attribute 21, 1
   5              		.eabi_attribute 23, 3
   6              		.eabi_attribute 24, 1
   7              		.eabi_attribute 25, 1
   8              		.eabi_attribute 26, 1
   9              		.eabi_attribute 30, 6
  10              		.eabi_attribute 34, 0
  11              		.eabi_attribute 18, 4
  12              		.code	16
  13              		.file	"BLE_dis.c"
  14              		.text
  15              	.Ltext0:
  16              		.cfi_sections	.debug_frame
  17              		.global	cyBle_diss
  18              		.section	.rodata
  19              		.align	2
  20              		.type	cyBle_diss, %object
  21              		.size	cyBle_diss, 20
  22              	cyBle_diss:
  23 0000 0F00     		.short	15
  24 0002 1100     		.short	17
  25 0004 1300     		.short	19
  26 0006 1500     		.short	21
  27 0008 1700     		.short	23
  28 000a 1900     		.short	25
  29 000c 1B00     		.short	27
  30 000e 1D00     		.short	29
  31 0010 1F00     		.short	31
  32 0012 2100     		.short	33
  33              		.section	.text.CyBle_DisInit,"ax",%progbits
  34              		.align	2
  35              		.global	CyBle_DisInit
  36              		.code	16
  37              		.thumb_func
  38              		.type	CyBle_DisInit, %function
  39              	CyBle_DisInit:
  40              	.LFB2:
  41              		.file 1 ".\\Generated_Source\\PSoC4\\BLE_dis.c"
   1:.\Generated_Source\PSoC4/BLE_dis.c **** /*******************************************************************************
   2:.\Generated_Source\PSoC4/BLE_dis.c **** File Name: CYBLE_dis.c
   3:.\Generated_Source\PSoC4/BLE_dis.c **** Version 1.20
   4:.\Generated_Source\PSoC4/BLE_dis.c **** 
   5:.\Generated_Source\PSoC4/BLE_dis.c **** Description:
   6:.\Generated_Source\PSoC4/BLE_dis.c ****  Contains the source code for the Device Information Service.
   7:.\Generated_Source\PSoC4/BLE_dis.c **** 
   8:.\Generated_Source\PSoC4/BLE_dis.c **** ********************************************************************************
   9:.\Generated_Source\PSoC4/BLE_dis.c **** Copyright 2014-2015, Cypress Semiconductor Corporation.  All rights reserved.
  10:.\Generated_Source\PSoC4/BLE_dis.c **** You may use this file only in accordance with the license, terms, conditions,
  11:.\Generated_Source\PSoC4/BLE_dis.c **** disclaimers, and limitations in the end user license agreement accompanying
  12:.\Generated_Source\PSoC4/BLE_dis.c **** the software package with which this file was provided.
  13:.\Generated_Source\PSoC4/BLE_dis.c **** *******************************************************************************/
  14:.\Generated_Source\PSoC4/BLE_dis.c **** 
  15:.\Generated_Source\PSoC4/BLE_dis.c **** 
  16:.\Generated_Source\PSoC4/BLE_dis.c **** #include "BLE_eventHandler.h"
ARM GAS  C:\Users\Shahed\AppData\Local\Temp\ccuqXEms.s 			page 2


  17:.\Generated_Source\PSoC4/BLE_dis.c **** 
  18:.\Generated_Source\PSoC4/BLE_dis.c **** #ifdef CYBLE_DIS_SERVER
  19:.\Generated_Source\PSoC4/BLE_dis.c **** 
  20:.\Generated_Source\PSoC4/BLE_dis.c **** const CYBLE_DISS_T cyBle_diss =
  21:.\Generated_Source\PSoC4/BLE_dis.c **** {
  22:.\Generated_Source\PSoC4/BLE_dis.c ****     0x000Fu,    /* Handle of the DIS service */
  23:.\Generated_Source\PSoC4/BLE_dis.c ****     {
  24:.\Generated_Source\PSoC4/BLE_dis.c ****         0x0011u, /* Handle of the Manufacturer Name String characteristic */ 
  25:.\Generated_Source\PSoC4/BLE_dis.c ****         0x0013u, /* Handle of the Model Number String characteristic */ 
  26:.\Generated_Source\PSoC4/BLE_dis.c ****         0x0015u, /* Handle of the Serial Number String characteristic */ 
  27:.\Generated_Source\PSoC4/BLE_dis.c ****         0x0017u, /* Handle of the Hardware Revision String characteristic */ 
  28:.\Generated_Source\PSoC4/BLE_dis.c ****         0x0019u, /* Handle of the Firmware Revision String characteristic */ 
  29:.\Generated_Source\PSoC4/BLE_dis.c ****         0x001Bu, /* Handle of the Software Revision String characteristic */ 
  30:.\Generated_Source\PSoC4/BLE_dis.c ****         0x001Du, /* Handle of the System ID characteristic */ 
  31:.\Generated_Source\PSoC4/BLE_dis.c ****         0x001Fu, /* Handle of the IEEE 11073-20601 Regulatory Certification Data List characteristi
  32:.\Generated_Source\PSoC4/BLE_dis.c ****         0x0021u, /* Handle of the PnP ID characteristic */ 
  33:.\Generated_Source\PSoC4/BLE_dis.c ****     },
  34:.\Generated_Source\PSoC4/BLE_dis.c **** };
  35:.\Generated_Source\PSoC4/BLE_dis.c **** 
  36:.\Generated_Source\PSoC4/BLE_dis.c **** #endif /* CYBLE_DIS_SERVER */
  37:.\Generated_Source\PSoC4/BLE_dis.c **** 
  38:.\Generated_Source\PSoC4/BLE_dis.c **** #ifdef CYBLE_DIS_CLIENT
  39:.\Generated_Source\PSoC4/BLE_dis.c **** 
  40:.\Generated_Source\PSoC4/BLE_dis.c **** CYBLE_DISC_T cyBle_disc;
  41:.\Generated_Source\PSoC4/BLE_dis.c **** static CYBLE_GATT_DB_ATTR_HANDLE_T cyBle_discReqHandle;
  42:.\Generated_Source\PSoC4/BLE_dis.c **** static CYBLE_CALLBACK_T CyBle_DisApplCallback = NULL;
  43:.\Generated_Source\PSoC4/BLE_dis.c **** 
  44:.\Generated_Source\PSoC4/BLE_dis.c **** #endif /* (CYBLE_DIS_CLIENT) */
  45:.\Generated_Source\PSoC4/BLE_dis.c **** 
  46:.\Generated_Source\PSoC4/BLE_dis.c **** 
  47:.\Generated_Source\PSoC4/BLE_dis.c **** /****************************************************************************** 
  48:.\Generated_Source\PSoC4/BLE_dis.c **** ##Function Name: CyBle_DisInit
  49:.\Generated_Source\PSoC4/BLE_dis.c **** *******************************************************************************
  50:.\Generated_Source\PSoC4/BLE_dis.c **** 
  51:.\Generated_Source\PSoC4/BLE_dis.c **** Summary:
  52:.\Generated_Source\PSoC4/BLE_dis.c ****  This function initializes the DIS service.
  53:.\Generated_Source\PSoC4/BLE_dis.c **** 
  54:.\Generated_Source\PSoC4/BLE_dis.c **** Parameters:
  55:.\Generated_Source\PSoC4/BLE_dis.c ****  None
  56:.\Generated_Source\PSoC4/BLE_dis.c **** 
  57:.\Generated_Source\PSoC4/BLE_dis.c **** Return:
  58:.\Generated_Source\PSoC4/BLE_dis.c ****  None
  59:.\Generated_Source\PSoC4/BLE_dis.c **** 
  60:.\Generated_Source\PSoC4/BLE_dis.c **** ******************************************************************************/
  61:.\Generated_Source\PSoC4/BLE_dis.c **** void CyBle_DisInit(void)
  62:.\Generated_Source\PSoC4/BLE_dis.c **** {
  42              		.loc 1 62 0
  43              		.cfi_startproc
  44 0000 80B5     		push	{r7, lr}
  45              		.cfi_def_cfa_offset 8
  46              		.cfi_offset 7, -8
  47              		.cfi_offset 14, -4
  48 0002 00AF     		add	r7, sp, #0
  49              		.cfi_def_cfa_register 7
  63:.\Generated_Source\PSoC4/BLE_dis.c **** 
  64:.\Generated_Source\PSoC4/BLE_dis.c **** #ifdef CYBLE_DIS_CLIENT
  65:.\Generated_Source\PSoC4/BLE_dis.c **** 
ARM GAS  C:\Users\Shahed\AppData\Local\Temp\ccuqXEms.s 			page 3


  66:.\Generated_Source\PSoC4/BLE_dis.c ****     (void)memset(&cyBle_disc, 0, sizeof(cyBle_disc));
  67:.\Generated_Source\PSoC4/BLE_dis.c ****     cyBle_discReqHandle = CYBLE_GATT_INVALID_ATTR_HANDLE_VALUE;
  68:.\Generated_Source\PSoC4/BLE_dis.c **** 
  69:.\Generated_Source\PSoC4/BLE_dis.c **** #endif /* CYBLE_DIS_CLIENT */
  70:.\Generated_Source\PSoC4/BLE_dis.c **** 
  71:.\Generated_Source\PSoC4/BLE_dis.c **** }
  50              		.loc 1 71 0
  51 0004 BD46     		mov	sp, r7
  52              		@ sp needed
  53 0006 80BD     		pop	{r7, pc}
  54              		.cfi_endproc
  55              	.LFE2:
  56              		.size	CyBle_DisInit, .-CyBle_DisInit
  57              		.section	.text.CyBle_DisRegisterAttrCallback,"ax",%progbits
  58              		.align	2
  59              		.global	CyBle_DisRegisterAttrCallback
  60              		.code	16
  61              		.thumb_func
  62              		.type	CyBle_DisRegisterAttrCallback, %function
  63              	CyBle_DisRegisterAttrCallback:
  64              	.LFB3:
  72:.\Generated_Source\PSoC4/BLE_dis.c **** 
  73:.\Generated_Source\PSoC4/BLE_dis.c **** 
  74:.\Generated_Source\PSoC4/BLE_dis.c **** /****************************************************************************** 
  75:.\Generated_Source\PSoC4/BLE_dis.c **** ##Function Name: CyBle_DisRegisterAttrCallback
  76:.\Generated_Source\PSoC4/BLE_dis.c **** *******************************************************************************
  77:.\Generated_Source\PSoC4/BLE_dis.c **** 
  78:.\Generated_Source\PSoC4/BLE_dis.c **** Summary:
  79:.\Generated_Source\PSoC4/BLE_dis.c ****  Registers a callback function for service specific attribute operations.
  80:.\Generated_Source\PSoC4/BLE_dis.c **** 
  81:.\Generated_Source\PSoC4/BLE_dis.c **** Parameters:
  82:.\Generated_Source\PSoC4/BLE_dis.c ****  callbackFunc: An application layer event callback function to receive 
  83:.\Generated_Source\PSoC4/BLE_dis.c ****                    events from the BLE Component. The definition of 
  84:.\Generated_Source\PSoC4/BLE_dis.c ****                    CYBLE_CALLBACK_T for Device Information Service is,
  85:.\Generated_Source\PSoC4/BLE_dis.c ****             
  86:.\Generated_Source\PSoC4/BLE_dis.c ****                    typedef void (* CYBLE_CALLBACK_T) (uint32 eventCode, 
  87:.\Generated_Source\PSoC4/BLE_dis.c ****                                                       void *eventParam)
  88:.\Generated_Source\PSoC4/BLE_dis.c **** 
  89:.\Generated_Source\PSoC4/BLE_dis.c ****                    * eventCode indicates the event that triggered this 
  90:.\Generated_Source\PSoC4/BLE_dis.c ****                      callback.
  91:.\Generated_Source\PSoC4/BLE_dis.c ****                    * eventParam contains the parameters corresponding to the 
  92:.\Generated_Source\PSoC4/BLE_dis.c ****                      current event.
  93:.\Generated_Source\PSoC4/BLE_dis.c **** 
  94:.\Generated_Source\PSoC4/BLE_dis.c **** Return:
  95:.\Generated_Source\PSoC4/BLE_dis.c ****  None
  96:.\Generated_Source\PSoC4/BLE_dis.c **** 
  97:.\Generated_Source\PSoC4/BLE_dis.c **** ******************************************************************************/
  98:.\Generated_Source\PSoC4/BLE_dis.c **** void CyBle_DisRegisterAttrCallback(CYBLE_CALLBACK_T callbackFunc)
  99:.\Generated_Source\PSoC4/BLE_dis.c **** {
  65              		.loc 1 99 0
  66              		.cfi_startproc
  67 0000 80B5     		push	{r7, lr}
  68              		.cfi_def_cfa_offset 8
  69              		.cfi_offset 7, -8
  70              		.cfi_offset 14, -4
  71 0002 82B0     		sub	sp, sp, #8
  72              		.cfi_def_cfa_offset 16
ARM GAS  C:\Users\Shahed\AppData\Local\Temp\ccuqXEms.s 			page 4


  73 0004 00AF     		add	r7, sp, #0
  74              		.cfi_def_cfa_register 7
  75 0006 7860     		str	r0, [r7, #4]
 100:.\Generated_Source\PSoC4/BLE_dis.c ****     
 101:.\Generated_Source\PSoC4/BLE_dis.c **** #ifdef CYBLE_DIS_CLIENT
 102:.\Generated_Source\PSoC4/BLE_dis.c ****     CyBle_DisApplCallback = callbackFunc;
 103:.\Generated_Source\PSoC4/BLE_dis.c **** #else
 104:.\Generated_Source\PSoC4/BLE_dis.c ****     if(callbackFunc != NULL) /* Callback doesn't have events in server mode */
 105:.\Generated_Source\PSoC4/BLE_dis.c ****     {
 106:.\Generated_Source\PSoC4/BLE_dis.c ****     }
 107:.\Generated_Source\PSoC4/BLE_dis.c **** #endif /* CYBLE_DIS_CLIENT */
 108:.\Generated_Source\PSoC4/BLE_dis.c ****     
 109:.\Generated_Source\PSoC4/BLE_dis.c **** }
  76              		.loc 1 109 0
  77 0008 BD46     		mov	sp, r7
  78 000a 02B0     		add	sp, sp, #8
  79              		@ sp needed
  80 000c 80BD     		pop	{r7, pc}
  81              		.cfi_endproc
  82              	.LFE3:
  83              		.size	CyBle_DisRegisterAttrCallback, .-CyBle_DisRegisterAttrCallback
  84 000e C046     		.section	.text.CyBle_DissSetCharacteristicValue,"ax",%progbits
  85              		.align	2
  86              		.global	CyBle_DissSetCharacteristicValue
  87              		.code	16
  88              		.thumb_func
  89              		.type	CyBle_DissSetCharacteristicValue, %function
  90              	CyBle_DissSetCharacteristicValue:
  91              	.LFB4:
 110:.\Generated_Source\PSoC4/BLE_dis.c **** 
 111:.\Generated_Source\PSoC4/BLE_dis.c **** #ifdef CYBLE_DIS_SERVER
 112:.\Generated_Source\PSoC4/BLE_dis.c **** 
 113:.\Generated_Source\PSoC4/BLE_dis.c **** 
 114:.\Generated_Source\PSoC4/BLE_dis.c **** /******************************************************************************
 115:.\Generated_Source\PSoC4/BLE_dis.c **** ##Function Name: CyBle_DissSetCharacteristicValue
 116:.\Generated_Source\PSoC4/BLE_dis.c **** *******************************************************************************
 117:.\Generated_Source\PSoC4/BLE_dis.c **** 
 118:.\Generated_Source\PSoC4/BLE_dis.c **** Summary:
 119:.\Generated_Source\PSoC4/BLE_dis.c ****  Sets a characteristic value of the service, which is identified by charIndex,
 120:.\Generated_Source\PSoC4/BLE_dis.c ****  to the local database.
 121:.\Generated_Source\PSoC4/BLE_dis.c **** 
 122:.\Generated_Source\PSoC4/BLE_dis.c **** 
 123:.\Generated_Source\PSoC4/BLE_dis.c **** Parameters:
 124:.\Generated_Source\PSoC4/BLE_dis.c ****  charIndex: The index of a service characteristic.
 125:.\Generated_Source\PSoC4/BLE_dis.c ****  attrSize: The size of the characteristic value attribute.
 126:.\Generated_Source\PSoC4/BLE_dis.c ****  *attrValue: The pointer to the characteristic value data that should be
 127:.\Generated_Source\PSoC4/BLE_dis.c ****                   stored to the GATT database.
 128:.\Generated_Source\PSoC4/BLE_dis.c **** 
 129:.\Generated_Source\PSoC4/BLE_dis.c **** Return:
 130:.\Generated_Source\PSoC4/BLE_dis.c ****  Return value is of type CYBLE_API_RESULT_T.
 131:.\Generated_Source\PSoC4/BLE_dis.c ****  * CYBLE_ERROR_OK - The request handled successfully
 132:.\Generated_Source\PSoC4/BLE_dis.c ****  * CYBLE_ERROR_INVALID_PARAMETER - Validation of the input parameter failed
 133:.\Generated_Source\PSoC4/BLE_dis.c **** 
 134:.\Generated_Source\PSoC4/BLE_dis.c **** ******************************************************************************/
 135:.\Generated_Source\PSoC4/BLE_dis.c **** CYBLE_API_RESULT_T CyBle_DissSetCharacteristicValue(CYBLE_DIS_CHAR_INDEX_T charIndex, uint8 attrSiz
 136:.\Generated_Source\PSoC4/BLE_dis.c **** {
  92              		.loc 1 136 0
ARM GAS  C:\Users\Shahed\AppData\Local\Temp\ccuqXEms.s 			page 5


  93              		.cfi_startproc
  94 0000 80B5     		push	{r7, lr}
  95              		.cfi_def_cfa_offset 8
  96              		.cfi_offset 7, -8
  97              		.cfi_offset 14, -4
  98 0002 86B0     		sub	sp, sp, #24
  99              		.cfi_def_cfa_offset 32
 100 0004 00AF     		add	r7, sp, #0
 101              		.cfi_def_cfa_register 7
 102 0006 3A60     		str	r2, [r7]
 103 0008 FB1D     		add	r3, r7, #7
 104 000a 021C     		add	r2, r0, #0
 105 000c 1A70     		strb	r2, [r3]
 106 000e BB1D     		add	r3, r7, #6
 107 0010 0A1C     		add	r2, r1, #0
 108 0012 1A70     		strb	r2, [r3]
 137:.\Generated_Source\PSoC4/BLE_dis.c ****     CYBLE_API_RESULT_T apiResult = CYBLE_ERROR_OK;
 109              		.loc 1 137 0
 110 0014 3B1C     		mov	r3, r7
 111 0016 1633     		add	r3, r3, #22
 112 0018 0022     		mov	r2, #0
 113 001a 1A80     		strh	r2, [r3]
 138:.\Generated_Source\PSoC4/BLE_dis.c ****     CYBLE_GATT_HANDLE_VALUE_PAIR_T locHandleValuePair;
 139:.\Generated_Source\PSoC4/BLE_dis.c **** 
 140:.\Generated_Source\PSoC4/BLE_dis.c ****     if(charIndex >= CYBLE_DIS_CHAR_COUNT)
 114              		.loc 1 140 0
 115 001c FB1D     		add	r3, r7, #7
 116 001e 1B78     		ldrb	r3, [r3]
 117 0020 082B     		cmp	r3, #8
 118 0022 04D9     		bls	.L4
 141:.\Generated_Source\PSoC4/BLE_dis.c ****     {
 142:.\Generated_Source\PSoC4/BLE_dis.c ****         apiResult = CYBLE_ERROR_INVALID_PARAMETER;
 119              		.loc 1 142 0
 120 0024 3B1C     		mov	r3, r7
 121 0026 1633     		add	r3, r3, #22
 122 0028 0122     		mov	r2, #1
 123 002a 1A80     		strh	r2, [r3]
 124 002c 21E0     		b	.L5
 125              	.L4:
 143:.\Generated_Source\PSoC4/BLE_dis.c ****     }
 144:.\Generated_Source\PSoC4/BLE_dis.c ****     else
 145:.\Generated_Source\PSoC4/BLE_dis.c ****     {
 146:.\Generated_Source\PSoC4/BLE_dis.c ****         /* Store data in database */
 147:.\Generated_Source\PSoC4/BLE_dis.c ****         locHandleValuePair.attrHandle = cyBle_diss.charHandle[charIndex];
 126              		.loc 1 147 0
 127 002e FB1D     		add	r3, r7, #7
 128 0030 1B78     		ldrb	r3, [r3]
 129 0032 134A     		ldr	r2, .L7
 130 0034 5B00     		lsl	r3, r3, #1
 131 0036 D318     		add	r3, r2, r3
 132 0038 5A88     		ldrh	r2, [r3, #2]
 133 003a 3B1C     		mov	r3, r7
 134 003c 0833     		add	r3, r3, #8
 135 003e 1A81     		strh	r2, [r3, #8]
 148:.\Generated_Source\PSoC4/BLE_dis.c ****         locHandleValuePair.value.len = attrSize;
 136              		.loc 1 148 0
 137 0040 BB1D     		add	r3, r7, #6
ARM GAS  C:\Users\Shahed\AppData\Local\Temp\ccuqXEms.s 			page 6


 138 0042 1B78     		ldrb	r3, [r3]
 139 0044 9AB2     		uxth	r2, r3
 140 0046 3B1C     		mov	r3, r7
 141 0048 0833     		add	r3, r3, #8
 142 004a 9A80     		strh	r2, [r3, #4]
 149:.\Generated_Source\PSoC4/BLE_dis.c ****         locHandleValuePair.value.val = attrValue;
 143              		.loc 1 149 0
 144 004c 3B1C     		mov	r3, r7
 145 004e 0833     		add	r3, r3, #8
 146 0050 3A68     		ldr	r2, [r7]
 147 0052 1A60     		str	r2, [r3]
 150:.\Generated_Source\PSoC4/BLE_dis.c ****         if(CYBLE_GATT_ERR_NONE !=
 151:.\Generated_Source\PSoC4/BLE_dis.c ****             CyBle_GattsWriteAttributeValue(&locHandleValuePair, 0u, NULL, CYBLE_GATT_DB_LOCALLY_INI
 148              		.loc 1 151 0
 149 0054 3B1C     		mov	r3, r7
 150 0056 0833     		add	r3, r3, #8
 151 0058 181C     		mov	r0, r3
 152 005a 0021     		mov	r1, #0
 153 005c 0022     		mov	r2, #0
 154 005e 0023     		mov	r3, #0
 155 0060 FFF7FEFF 		bl	CyBle_GattsWriteAttributeValue
 156 0064 031C     		mov	r3, r0
 150:.\Generated_Source\PSoC4/BLE_dis.c ****         if(CYBLE_GATT_ERR_NONE !=
 157              		.loc 1 150 0
 158 0066 002B     		cmp	r3, #0
 159 0068 03D0     		beq	.L5
 152:.\Generated_Source\PSoC4/BLE_dis.c ****         {
 153:.\Generated_Source\PSoC4/BLE_dis.c ****             apiResult = CYBLE_ERROR_INVALID_PARAMETER;
 160              		.loc 1 153 0
 161 006a 3B1C     		mov	r3, r7
 162 006c 1633     		add	r3, r3, #22
 163 006e 0122     		mov	r2, #1
 164 0070 1A80     		strh	r2, [r3]
 165              	.L5:
 154:.\Generated_Source\PSoC4/BLE_dis.c ****         }
 155:.\Generated_Source\PSoC4/BLE_dis.c ****     }
 156:.\Generated_Source\PSoC4/BLE_dis.c ****     return (apiResult);
 166              		.loc 1 156 0
 167 0072 3B1C     		mov	r3, r7
 168 0074 1633     		add	r3, r3, #22
 169 0076 1B88     		ldrh	r3, [r3]
 157:.\Generated_Source\PSoC4/BLE_dis.c **** }
 170              		.loc 1 157 0
 171 0078 181C     		mov	r0, r3
 172 007a BD46     		mov	sp, r7
 173 007c 06B0     		add	sp, sp, #24
 174              		@ sp needed
 175 007e 80BD     		pop	{r7, pc}
 176              	.L8:
 177              		.align	2
 178              	.L7:
 179 0080 00000000 		.word	cyBle_diss
 180              		.cfi_endproc
 181              	.LFE4:
 182              		.size	CyBle_DissSetCharacteristicValue, .-CyBle_DissSetCharacteristicValue
 183              		.section	.text.CyBle_DissGetCharacteristicValue,"ax",%progbits
 184              		.align	2
ARM GAS  C:\Users\Shahed\AppData\Local\Temp\ccuqXEms.s 			page 7


 185              		.global	CyBle_DissGetCharacteristicValue
 186              		.code	16
 187              		.thumb_func
 188              		.type	CyBle_DissGetCharacteristicValue, %function
 189              	CyBle_DissGetCharacteristicValue:
 190              	.LFB5:
 158:.\Generated_Source\PSoC4/BLE_dis.c **** 
 159:.\Generated_Source\PSoC4/BLE_dis.c **** 
 160:.\Generated_Source\PSoC4/BLE_dis.c **** /******************************************************************************
 161:.\Generated_Source\PSoC4/BLE_dis.c **** ##Function Name: CyBle_DissGetCharacteristicValue
 162:.\Generated_Source\PSoC4/BLE_dis.c **** *******************************************************************************
 163:.\Generated_Source\PSoC4/BLE_dis.c **** 
 164:.\Generated_Source\PSoC4/BLE_dis.c **** Summary:
 165:.\Generated_Source\PSoC4/BLE_dis.c ****  Gets a characteristic value of the service, which is identified by charIndex,
 166:.\Generated_Source\PSoC4/BLE_dis.c ****  from the GATT database.
 167:.\Generated_Source\PSoC4/BLE_dis.c **** 
 168:.\Generated_Source\PSoC4/BLE_dis.c **** Parameters:
 169:.\Generated_Source\PSoC4/BLE_dis.c ****  charIndex: The index of a service characteristic.
 170:.\Generated_Source\PSoC4/BLE_dis.c ****  attrSize: The size of the characteristic value attribute.
 171:.\Generated_Source\PSoC4/BLE_dis.c ****  *attrValue: The pointer to the location where characteristic value data
 172:.\Generated_Source\PSoC4/BLE_dis.c ****               should be stored.
 173:.\Generated_Source\PSoC4/BLE_dis.c **** 
 174:.\Generated_Source\PSoC4/BLE_dis.c **** Return:
 175:.\Generated_Source\PSoC4/BLE_dis.c ****  Return value is of type CYBLE_API_RESULT_T.
 176:.\Generated_Source\PSoC4/BLE_dis.c ****  Return value is of type CYBLE_API_RESULT_T.
 177:.\Generated_Source\PSoC4/BLE_dis.c ****  * CYBLE_ERROR_OK - The request handled successfully
 178:.\Generated_Source\PSoC4/BLE_dis.c ****  * CYBLE_ERROR_INVALID_PARAMETER - Validation of the input parameter failed
 179:.\Generated_Source\PSoC4/BLE_dis.c **** 
 180:.\Generated_Source\PSoC4/BLE_dis.c **** ******************************************************************************/
 181:.\Generated_Source\PSoC4/BLE_dis.c **** CYBLE_API_RESULT_T CyBle_DissGetCharacteristicValue(CYBLE_DIS_CHAR_INDEX_T charIndex, uint8 attrSiz
 182:.\Generated_Source\PSoC4/BLE_dis.c **** {
 191              		.loc 1 182 0
 192              		.cfi_startproc
 193 0000 80B5     		push	{r7, lr}
 194              		.cfi_def_cfa_offset 8
 195              		.cfi_offset 7, -8
 196              		.cfi_offset 14, -4
 197 0002 86B0     		sub	sp, sp, #24
 198              		.cfi_def_cfa_offset 32
 199 0004 00AF     		add	r7, sp, #0
 200              		.cfi_def_cfa_register 7
 201 0006 3A60     		str	r2, [r7]
 202 0008 FB1D     		add	r3, r7, #7
 203 000a 021C     		add	r2, r0, #0
 204 000c 1A70     		strb	r2, [r3]
 205 000e BB1D     		add	r3, r7, #6
 206 0010 0A1C     		add	r2, r1, #0
 207 0012 1A70     		strb	r2, [r3]
 183:.\Generated_Source\PSoC4/BLE_dis.c ****     CYBLE_API_RESULT_T apiResult = CYBLE_ERROR_OK;
 208              		.loc 1 183 0
 209 0014 3B1C     		mov	r3, r7
 210 0016 1633     		add	r3, r3, #22
 211 0018 0022     		mov	r2, #0
 212 001a 1A80     		strh	r2, [r3]
 184:.\Generated_Source\PSoC4/BLE_dis.c ****     CYBLE_GATT_HANDLE_VALUE_PAIR_T locHandleValuePair;
 185:.\Generated_Source\PSoC4/BLE_dis.c **** 
 186:.\Generated_Source\PSoC4/BLE_dis.c ****     if(charIndex >= CYBLE_DIS_CHAR_COUNT)
ARM GAS  C:\Users\Shahed\AppData\Local\Temp\ccuqXEms.s 			page 8


 213              		.loc 1 186 0
 214 001c FB1D     		add	r3, r7, #7
 215 001e 1B78     		ldrb	r3, [r3]
 216 0020 082B     		cmp	r3, #8
 217 0022 04D9     		bls	.L10
 187:.\Generated_Source\PSoC4/BLE_dis.c ****     {
 188:.\Generated_Source\PSoC4/BLE_dis.c ****         apiResult = CYBLE_ERROR_INVALID_PARAMETER;
 218              		.loc 1 188 0
 219 0024 3B1C     		mov	r3, r7
 220 0026 1633     		add	r3, r3, #22
 221 0028 0122     		mov	r2, #1
 222 002a 1A80     		strh	r2, [r3]
 223 002c 20E0     		b	.L11
 224              	.L10:
 189:.\Generated_Source\PSoC4/BLE_dis.c ****     }
 190:.\Generated_Source\PSoC4/BLE_dis.c ****     else
 191:.\Generated_Source\PSoC4/BLE_dis.c ****     {
 192:.\Generated_Source\PSoC4/BLE_dis.c ****         /* Read characteristic value from database */
 193:.\Generated_Source\PSoC4/BLE_dis.c ****         locHandleValuePair.attrHandle = cyBle_diss.charHandle[charIndex];
 225              		.loc 1 193 0
 226 002e FB1D     		add	r3, r7, #7
 227 0030 1B78     		ldrb	r3, [r3]
 228 0032 134A     		ldr	r2, .L13
 229 0034 5B00     		lsl	r3, r3, #1
 230 0036 D318     		add	r3, r2, r3
 231 0038 5A88     		ldrh	r2, [r3, #2]
 232 003a 3B1C     		mov	r3, r7
 233 003c 0833     		add	r3, r3, #8
 234 003e 1A81     		strh	r2, [r3, #8]
 194:.\Generated_Source\PSoC4/BLE_dis.c ****         locHandleValuePair.value.len = attrSize;
 235              		.loc 1 194 0
 236 0040 BB1D     		add	r3, r7, #6
 237 0042 1B78     		ldrb	r3, [r3]
 238 0044 9AB2     		uxth	r2, r3
 239 0046 3B1C     		mov	r3, r7
 240 0048 0833     		add	r3, r3, #8
 241 004a 9A80     		strh	r2, [r3, #4]
 195:.\Generated_Source\PSoC4/BLE_dis.c ****         locHandleValuePair.value.val = attrValue;
 242              		.loc 1 195 0
 243 004c 3B1C     		mov	r3, r7
 244 004e 0833     		add	r3, r3, #8
 245 0050 3A68     		ldr	r2, [r7]
 246 0052 1A60     		str	r2, [r3]
 196:.\Generated_Source\PSoC4/BLE_dis.c ****         if(CYBLE_GATT_ERR_NONE !=
 197:.\Generated_Source\PSoC4/BLE_dis.c ****             CyBle_GattsReadAttributeValue(&locHandleValuePair, NULL, CYBLE_GATT_DB_LOCALLY_INITIATE
 247              		.loc 1 197 0
 248 0054 3B1C     		mov	r3, r7
 249 0056 0833     		add	r3, r3, #8
 250 0058 181C     		mov	r0, r3
 251 005a 0021     		mov	r1, #0
 252 005c 0022     		mov	r2, #0
 253 005e FFF7FEFF 		bl	CyBle_GattsReadAttributeValue
 254 0062 031C     		mov	r3, r0
 196:.\Generated_Source\PSoC4/BLE_dis.c ****         if(CYBLE_GATT_ERR_NONE !=
 255              		.loc 1 196 0
 256 0064 002B     		cmp	r3, #0
 257 0066 03D0     		beq	.L11
ARM GAS  C:\Users\Shahed\AppData\Local\Temp\ccuqXEms.s 			page 9


 198:.\Generated_Source\PSoC4/BLE_dis.c ****         {
 199:.\Generated_Source\PSoC4/BLE_dis.c ****             apiResult = CYBLE_ERROR_INVALID_PARAMETER;
 258              		.loc 1 199 0
 259 0068 3B1C     		mov	r3, r7
 260 006a 1633     		add	r3, r3, #22
 261 006c 0122     		mov	r2, #1
 262 006e 1A80     		strh	r2, [r3]
 263              	.L11:
 200:.\Generated_Source\PSoC4/BLE_dis.c ****         }
 201:.\Generated_Source\PSoC4/BLE_dis.c ****     }
 202:.\Generated_Source\PSoC4/BLE_dis.c ****     return (apiResult);
 264              		.loc 1 202 0
 265 0070 3B1C     		mov	r3, r7
 266 0072 1633     		add	r3, r3, #22
 267 0074 1B88     		ldrh	r3, [r3]
 203:.\Generated_Source\PSoC4/BLE_dis.c **** }
 268              		.loc 1 203 0
 269 0076 181C     		mov	r0, r3
 270 0078 BD46     		mov	sp, r7
 271 007a 06B0     		add	sp, sp, #24
 272              		@ sp needed
 273 007c 80BD     		pop	{r7, pc}
 274              	.L14:
 275 007e C046     		.align	2
 276              	.L13:
 277 0080 00000000 		.word	cyBle_diss
 278              		.cfi_endproc
 279              	.LFE5:
 280              		.size	CyBle_DissGetCharacteristicValue, .-CyBle_DissGetCharacteristicValue
 281              		.text
 282              	.Letext0:
 283              		.file 2 ".\\Generated_Source\\PSoC4\\cytypes.h"
 284              		.file 3 ".\\Generated_Source\\PSoC4\\BLE_Stack.h"
 285              		.file 4 ".\\Generated_Source\\PSoC4\\BLE_StackGatt.h"
 286              		.file 5 ".\\Generated_Source\\PSoC4\\BLE.h"
 287              		.file 6 ".\\Generated_Source\\PSoC4\\BLE_dis.h"
 288              		.section	.debug_info,"",%progbits
 289              	.Ldebug_info0:
 290 0000 E2050000 		.4byte	0x5e2
 291 0004 0400     		.2byte	0x4
 292 0006 00000000 		.4byte	.Ldebug_abbrev0
 293 000a 04       		.byte	0x4
 294 000b 01       		.uleb128 0x1
 295 000c 320B0000 		.4byte	.LASF159
 296 0010 01       		.byte	0x1
 297 0011 0F0B0000 		.4byte	.LASF160
 298 0015 8B050000 		.4byte	.LASF161
 299 0019 00000000 		.4byte	.Ldebug_ranges0+0
 300 001d 00000000 		.4byte	0
 301 0021 00000000 		.4byte	.Ldebug_line0
 302 0025 02       		.uleb128 0x2
 303 0026 01       		.byte	0x1
 304 0027 06       		.byte	0x6
 305 0028 8E020000 		.4byte	.LASF0
 306 002c 02       		.uleb128 0x2
 307 002d 01       		.byte	0x1
 308 002e 08       		.byte	0x8
ARM GAS  C:\Users\Shahed\AppData\Local\Temp\ccuqXEms.s 			page 10


 309 002f 310C0000 		.4byte	.LASF1
 310 0033 02       		.uleb128 0x2
 311 0034 02       		.byte	0x2
 312 0035 05       		.byte	0x5
 313 0036 24080000 		.4byte	.LASF2
 314 003a 02       		.uleb128 0x2
 315 003b 02       		.byte	0x2
 316 003c 07       		.byte	0x7
 317 003d 5A0F0000 		.4byte	.LASF3
 318 0041 02       		.uleb128 0x2
 319 0042 04       		.byte	0x4
 320 0043 05       		.byte	0x5
 321 0044 8E010000 		.4byte	.LASF4
 322 0048 02       		.uleb128 0x2
 323 0049 04       		.byte	0x4
 324 004a 07       		.byte	0x7
 325 004b 50060000 		.4byte	.LASF5
 326 004f 02       		.uleb128 0x2
 327 0050 08       		.byte	0x8
 328 0051 05       		.byte	0x5
 329 0052 80020000 		.4byte	.LASF6
 330 0056 02       		.uleb128 0x2
 331 0057 08       		.byte	0x8
 332 0058 07       		.byte	0x7
 333 0059 57050000 		.4byte	.LASF7
 334 005d 03       		.uleb128 0x3
 335 005e 04       		.byte	0x4
 336 005f 05       		.byte	0x5
 337 0060 696E7400 		.ascii	"int\000"
 338 0064 02       		.uleb128 0x2
 339 0065 04       		.byte	0x4
 340 0066 07       		.byte	0x7
 341 0067 730E0000 		.4byte	.LASF8
 342 006b 04       		.uleb128 0x4
 343 006c F5030000 		.4byte	.LASF9
 344 0070 02       		.byte	0x2
 345 0071 A1       		.byte	0xa1
 346 0072 2C000000 		.4byte	0x2c
 347 0076 04       		.uleb128 0x4
 348 0077 3F000000 		.4byte	.LASF10
 349 007b 02       		.byte	0x2
 350 007c A2       		.byte	0xa2
 351 007d 3A000000 		.4byte	0x3a
 352 0081 04       		.uleb128 0x4
 353 0082 7C040000 		.4byte	.LASF11
 354 0086 02       		.byte	0x2
 355 0087 A3       		.byte	0xa3
 356 0088 48000000 		.4byte	0x48
 357 008c 02       		.uleb128 0x2
 358 008d 04       		.byte	0x4
 359 008e 04       		.byte	0x4
 360 008f 090B0000 		.4byte	.LASF12
 361 0093 02       		.uleb128 0x2
 362 0094 08       		.byte	0x8
 363 0095 04       		.byte	0x4
 364 0096 1A040000 		.4byte	.LASF13
 365 009a 02       		.uleb128 0x2
ARM GAS  C:\Users\Shahed\AppData\Local\Temp\ccuqXEms.s 			page 11


 366 009b 01       		.byte	0x1
 367 009c 08       		.byte	0x8
 368 009d 150E0000 		.4byte	.LASF14
 369 00a1 02       		.uleb128 0x2
 370 00a2 04       		.byte	0x4
 371 00a3 07       		.byte	0x7
 372 00a4 6D090000 		.4byte	.LASF15
 373 00a8 05       		.uleb128 0x5
 374 00a9 04       		.byte	0x4
 375 00aa 06       		.uleb128 0x6
 376 00ab 01       		.byte	0x1
 377 00ac 03       		.byte	0x3
 378 00ad 58       		.byte	0x58
 379 00ae 1A020000 		.4byte	0x21a
 380 00b2 07       		.uleb128 0x7
 381 00b3 4A070000 		.4byte	.LASF16
 382 00b7 00       		.sleb128 0
 383 00b8 07       		.uleb128 0x7
 384 00b9 9A020000 		.4byte	.LASF17
 385 00bd 01       		.sleb128 1
 386 00be 07       		.uleb128 0x7
 387 00bf 7C010000 		.4byte	.LASF18
 388 00c3 02       		.sleb128 2
 389 00c4 07       		.uleb128 0x7
 390 00c5 410F0000 		.4byte	.LASF19
 391 00c9 03       		.sleb128 3
 392 00ca 07       		.uleb128 0x7
 393 00cb CF010000 		.4byte	.LASF20
 394 00cf 04       		.sleb128 4
 395 00d0 07       		.uleb128 0x7
 396 00d1 23000000 		.4byte	.LASF21
 397 00d5 05       		.sleb128 5
 398 00d6 07       		.uleb128 0x7
 399 00d7 D0080000 		.4byte	.LASF22
 400 00db 20       		.sleb128 32
 401 00dc 07       		.uleb128 0x7
 402 00dd 12030000 		.4byte	.LASF23
 403 00e1 21       		.sleb128 33
 404 00e2 07       		.uleb128 0x7
 405 00e3 56100000 		.4byte	.LASF24
 406 00e7 22       		.sleb128 34
 407 00e8 07       		.uleb128 0x7
 408 00e9 2E080000 		.4byte	.LASF25
 409 00ed 23       		.sleb128 35
 410 00ee 07       		.uleb128 0x7
 411 00ef 1A0A0000 		.4byte	.LASF26
 412 00f3 24       		.sleb128 36
 413 00f4 07       		.uleb128 0x7
 414 00f5 9B090000 		.4byte	.LASF27
 415 00f9 25       		.sleb128 37
 416 00fa 07       		.uleb128 0x7
 417 00fb AA030000 		.4byte	.LASF28
 418 00ff 26       		.sleb128 38
 419 0100 07       		.uleb128 0x7
 420 0101 C9070000 		.4byte	.LASF29
 421 0105 27       		.sleb128 39
 422 0106 07       		.uleb128 0x7
ARM GAS  C:\Users\Shahed\AppData\Local\Temp\ccuqXEms.s 			page 12


 423 0107 510E0000 		.4byte	.LASF30
 424 010b 28       		.sleb128 40
 425 010c 07       		.uleb128 0x7
 426 010d 38020000 		.4byte	.LASF31
 427 0111 29       		.sleb128 41
 428 0112 07       		.uleb128 0x7
 429 0113 DB000000 		.4byte	.LASF32
 430 0117 2A       		.sleb128 42
 431 0118 07       		.uleb128 0x7
 432 0119 E4010000 		.4byte	.LASF33
 433 011d 2B       		.sleb128 43
 434 011e 07       		.uleb128 0x7
 435 011f 2B110000 		.4byte	.LASF34
 436 0123 2C       		.sleb128 44
 437 0124 07       		.uleb128 0x7
 438 0125 6D0F0000 		.4byte	.LASF35
 439 0129 C000     		.sleb128 64
 440 012b 07       		.uleb128 0x7
 441 012c 62080000 		.4byte	.LASF36
 442 0130 C100     		.sleb128 65
 443 0132 07       		.uleb128 0x7
 444 0133 DB050000 		.4byte	.LASF37
 445 0137 C200     		.sleb128 66
 446 0139 07       		.uleb128 0x7
 447 013a 0B100000 		.4byte	.LASF38
 448 013e C300     		.sleb128 67
 449 0140 07       		.uleb128 0x7
 450 0141 9F060000 		.4byte	.LASF39
 451 0145 C400     		.sleb128 68
 452 0147 07       		.uleb128 0x7
 453 0148 E20A0000 		.4byte	.LASF40
 454 014c C500     		.sleb128 69
 455 014e 07       		.uleb128 0x7
 456 014f 4C090000 		.4byte	.LASF41
 457 0153 C600     		.sleb128 70
 458 0155 07       		.uleb128 0x7
 459 0156 61070000 		.4byte	.LASF42
 460 015a C700     		.sleb128 71
 461 015c 07       		.uleb128 0x7
 462 015d F7100000 		.4byte	.LASF43
 463 0161 C800     		.sleb128 72
 464 0163 07       		.uleb128 0x7
 465 0164 29030000 		.4byte	.LASF44
 466 0168 C900     		.sleb128 73
 467 016a 07       		.uleb128 0x7
 468 016b 7A100000 		.4byte	.LASF45
 469 016f CA00     		.sleb128 74
 470 0171 07       		.uleb128 0x7
 471 0172 25010000 		.4byte	.LASF46
 472 0176 CB00     		.sleb128 75
 473 0178 07       		.uleb128 0x7
 474 0179 85060000 		.4byte	.LASF47
 475 017d CC00     		.sleb128 76
 476 017f 07       		.uleb128 0x7
 477 0180 B5090000 		.4byte	.LASF48
 478 0184 CD00     		.sleb128 77
 479 0186 07       		.uleb128 0x7
ARM GAS  C:\Users\Shahed\AppData\Local\Temp\ccuqXEms.s 			page 13


 480 0187 77030000 		.4byte	.LASF49
 481 018b CE00     		.sleb128 78
 482 018d 07       		.uleb128 0x7
 483 018e 6B0D0000 		.4byte	.LASF50
 484 0192 CF00     		.sleb128 79
 485 0194 07       		.uleb128 0x7
 486 0195 44010000 		.4byte	.LASF51
 487 0199 D000     		.sleb128 80
 488 019b 07       		.uleb128 0x7
 489 019c FB030000 		.4byte	.LASF52
 490 01a0 D100     		.sleb128 81
 491 01a2 07       		.uleb128 0x7
 492 01a3 530A0000 		.4byte	.LASF53
 493 01a7 D200     		.sleb128 82
 494 01a9 07       		.uleb128 0x7
 495 01aa F00C0000 		.4byte	.LASF54
 496 01ae D300     		.sleb128 83
 497 01b0 07       		.uleb128 0x7
 498 01b1 940D0000 		.4byte	.LASF55
 499 01b5 D400     		.sleb128 84
 500 01b7 07       		.uleb128 0x7
 501 01b8 BD060000 		.4byte	.LASF56
 502 01bc D500     		.sleb128 85
 503 01be 07       		.uleb128 0x7
 504 01bf CB040000 		.4byte	.LASF57
 505 01c3 F000     		.sleb128 112
 506 01c5 07       		.uleb128 0x7
 507 01c6 98110000 		.4byte	.LASF58
 508 01ca F100     		.sleb128 113
 509 01cc 07       		.uleb128 0x7
 510 01cd 7D080000 		.4byte	.LASF59
 511 01d1 F200     		.sleb128 114
 512 01d3 07       		.uleb128 0x7
 513 01d4 2E090000 		.4byte	.LASF60
 514 01d8 F300     		.sleb128 115
 515 01da 07       		.uleb128 0x7
 516 01db C40A0000 		.4byte	.LASF61
 517 01df F400     		.sleb128 116
 518 01e1 07       		.uleb128 0x7
 519 01e2 62110000 		.4byte	.LASF62
 520 01e6 F500     		.sleb128 117
 521 01e8 07       		.uleb128 0x7
 522 01e9 04010000 		.4byte	.LASF63
 523 01ed F600     		.sleb128 118
 524 01ef 07       		.uleb128 0x7
 525 01f0 46000000 		.4byte	.LASF64
 526 01f4 F700     		.sleb128 119
 527 01f6 07       		.uleb128 0x7
 528 01f7 00000000 		.4byte	.LASF65
 529 01fb F800     		.sleb128 120
 530 01fd 07       		.uleb128 0x7
 531 01fe 800E0000 		.4byte	.LASF66
 532 0202 F900     		.sleb128 121
 533 0204 07       		.uleb128 0x7
 534 0205 13050000 		.4byte	.LASF67
 535 0209 FA00     		.sleb128 122
 536 020b 07       		.uleb128 0x7
ARM GAS  C:\Users\Shahed\AppData\Local\Temp\ccuqXEms.s 			page 14


 537 020c 03020000 		.4byte	.LASF68
 538 0210 FA01     		.sleb128 250
 539 0212 07       		.uleb128 0x7
 540 0213 9A040000 		.4byte	.LASF69
 541 0217 FF01     		.sleb128 255
 542 0219 00       		.byte	0
 543 021a 08       		.uleb128 0x8
 544 021b 02       		.byte	0x2
 545 021c 03       		.byte	0x3
 546 021d 9A01     		.2byte	0x19a
 547 021f E6020000 		.4byte	0x2e6
 548 0223 07       		.uleb128 0x7
 549 0224 A8040000 		.4byte	.LASF70
 550 0228 00       		.sleb128 0
 551 0229 07       		.uleb128 0x7
 552 022a 21040000 		.4byte	.LASF71
 553 022e 01       		.sleb128 1
 554 022f 07       		.uleb128 0x7
 555 0230 870F0000 		.4byte	.LASF72
 556 0234 02       		.sleb128 2
 557 0235 07       		.uleb128 0x7
 558 0236 65000000 		.4byte	.LASF73
 559 023a 03       		.sleb128 3
 560 023b 07       		.uleb128 0x7
 561 023c 33100000 		.4byte	.LASF74
 562 0240 04       		.sleb128 4
 563 0241 07       		.uleb128 0x7
 564 0242 BD050000 		.4byte	.LASF75
 565 0246 05       		.sleb128 5
 566 0247 07       		.uleb128 0x7
 567 0248 110D0000 		.4byte	.LASF76
 568 024c 06       		.sleb128 6
 569 024d 07       		.uleb128 0x7
 570 024e EB020000 		.4byte	.LASF77
 571 0252 07       		.sleb128 7
 572 0253 07       		.uleb128 0x7
 573 0254 0B120000 		.4byte	.LASF78
 574 0258 08       		.sleb128 8
 575 0259 07       		.uleb128 0x7
 576 025a 37050000 		.4byte	.LASF79
 577 025e 09       		.sleb128 9
 578 025f 07       		.uleb128 0x7
 579 0260 EE0B0000 		.4byte	.LASF80
 580 0264 0A       		.sleb128 10
 581 0265 07       		.uleb128 0x7
 582 0266 310E0000 		.4byte	.LASF81
 583 026a 0B       		.sleb128 11
 584 026b 07       		.uleb128 0x7
 585 026c 21020000 		.4byte	.LASF82
 586 0270 0C       		.sleb128 12
 587 0271 07       		.uleb128 0x7
 588 0272 97010000 		.4byte	.LASF83
 589 0276 0D       		.sleb128 13
 590 0277 07       		.uleb128 0x7
 591 0278 27060000 		.4byte	.LASF84
 592 027c 0E       		.sleb128 14
 593 027d 07       		.uleb128 0x7
ARM GAS  C:\Users\Shahed\AppData\Local\Temp\ccuqXEms.s 			page 15


 594 027e D2100000 		.4byte	.LASF85
 595 0282 0F       		.sleb128 15
 596 0283 07       		.uleb128 0x7
 597 0284 E60E0000 		.4byte	.LASF86
 598 0288 10       		.sleb128 16
 599 0289 07       		.uleb128 0x7
 600 028a E1060000 		.4byte	.LASF87
 601 028e 11       		.sleb128 17
 602 028f 07       		.uleb128 0x7
 603 0290 D2030000 		.4byte	.LASF88
 604 0294 12       		.sleb128 18
 605 0295 07       		.uleb128 0x7
 606 0296 E3110000 		.4byte	.LASF89
 607 029a 13       		.sleb128 19
 608 029b 07       		.uleb128 0x7
 609 029c C9020000 		.4byte	.LASF90
 610 02a0 27       		.sleb128 39
 611 02a1 07       		.uleb128 0x7
 612 02a2 C10E0000 		.4byte	.LASF91
 613 02a6 28       		.sleb128 40
 614 02a7 07       		.uleb128 0x7
 615 02a8 B6100000 		.4byte	.LASF92
 616 02ac 29       		.sleb128 41
 617 02ad 07       		.uleb128 0x7
 618 02ae 1E090000 		.4byte	.LASF93
 619 02b2 FF01     		.sleb128 255
 620 02b4 07       		.uleb128 0x7
 621 02b5 95030000 		.4byte	.LASF94
 622 02b9 8002     		.sleb128 256
 623 02bb 07       		.uleb128 0x7
 624 02bc 83110000 		.4byte	.LASF95
 625 02c0 8102     		.sleb128 257
 626 02c2 07       		.uleb128 0x7
 627 02c3 08090000 		.4byte	.LASF96
 628 02c7 8202     		.sleb128 258
 629 02c9 07       		.uleb128 0x7
 630 02ca 63010000 		.4byte	.LASF97
 631 02ce 8302     		.sleb128 259
 632 02d0 07       		.uleb128 0x7
 633 02d1 740A0000 		.4byte	.LASF98
 634 02d5 8402     		.sleb128 260
 635 02d7 07       		.uleb128 0x7
 636 02d8 C20C0000 		.4byte	.LASF99
 637 02dc 8502     		.sleb128 261
 638 02de 07       		.uleb128 0x7
 639 02df 5D030000 		.4byte	.LASF100
 640 02e3 8602     		.sleb128 262
 641 02e5 00       		.byte	0
 642 02e6 09       		.uleb128 0x9
 643 02e7 400A0000 		.4byte	.LASF101
 644 02eb 03       		.byte	0x3
 645 02ec F401     		.2byte	0x1f4
 646 02ee 1A020000 		.4byte	0x21a
 647 02f2 0A       		.uleb128 0xa
 648 02f3 04       		.byte	0x4
 649 02f4 6B000000 		.4byte	0x6b
 650 02f8 06       		.uleb128 0x6
ARM GAS  C:\Users\Shahed\AppData\Local\Temp\ccuqXEms.s 			page 16


 651 02f9 01       		.byte	0x1
 652 02fa 04       		.byte	0x4
 653 02fb A4       		.byte	0xa4
 654 02fc B3030000 		.4byte	0x3b3
 655 0300 07       		.uleb128 0x7
 656 0301 B7040000 		.4byte	.LASF102
 657 0305 00       		.sleb128 0
 658 0306 07       		.uleb128 0x7
 659 0307 AF000000 		.4byte	.LASF103
 660 030b 01       		.sleb128 1
 661 030c 07       		.uleb128 0x7
 662 030d F1040000 		.4byte	.LASF104
 663 0311 02       		.sleb128 2
 664 0312 07       		.uleb128 0x7
 665 0313 05070000 		.4byte	.LASF105
 666 0317 03       		.sleb128 3
 667 0318 07       		.uleb128 0x7
 668 0319 42030000 		.4byte	.LASF106
 669 031d 04       		.sleb128 4
 670 031e 07       		.uleb128 0x7
 671 031f 55020000 		.4byte	.LASF107
 672 0323 05       		.sleb128 5
 673 0324 07       		.uleb128 0x7
 674 0325 8A000000 		.4byte	.LASF108
 675 0329 06       		.sleb128 6
 676 032a 07       		.uleb128 0x7
 677 032b 98100000 		.4byte	.LASF109
 678 032f 07       		.sleb128 7
 679 0330 07       		.uleb128 0x7
 680 0331 F0090000 		.4byte	.LASF110
 681 0335 08       		.sleb128 8
 682 0336 07       		.uleb128 0x7
 683 0337 AE0B0000 		.4byte	.LASF111
 684 033b 09       		.sleb128 9
 685 033c 07       		.uleb128 0x7
 686 033d 62060000 		.4byte	.LASF112
 687 0341 0A       		.sleb128 10
 688 0342 07       		.uleb128 0x7
 689 0343 28070000 		.4byte	.LASF113
 690 0347 0B       		.sleb128 11
 691 0348 07       		.uleb128 0x7
 692 0349 7F070000 		.4byte	.LASF114
 693 034d 0C       		.sleb128 12
 694 034e 07       		.uleb128 0x7
 695 034f 540C0000 		.4byte	.LASF115
 696 0353 0D       		.sleb128 13
 697 0354 07       		.uleb128 0x7
 698 0355 A30E0000 		.4byte	.LASF116
 699 0359 0E       		.sleb128 14
 700 035a 07       		.uleb128 0x7
 701 035b D30F0000 		.4byte	.LASF117
 702 035f 0F       		.sleb128 15
 703 0360 07       		.uleb128 0x7
 704 0361 3F040000 		.4byte	.LASF118
 705 0365 10       		.sleb128 16
 706 0366 07       		.uleb128 0x7
 707 0367 76090000 		.4byte	.LASF119
ARM GAS  C:\Users\Shahed\AppData\Local\Temp\ccuqXEms.s 			page 17


 708 036b 11       		.sleb128 17
 709 036c 07       		.uleb128 0x7
 710 036d DF0D0000 		.4byte	.LASF120
 711 0371 8001     		.sleb128 128
 712 0373 07       		.uleb128 0x7
 713 0374 A50F0000 		.4byte	.LASF121
 714 0378 8001     		.sleb128 128
 715 037a 07       		.uleb128 0x7
 716 037b 99080000 		.4byte	.LASF122
 717 037f 8001     		.sleb128 128
 718 0381 07       		.uleb128 0x7
 719 0382 04080000 		.4byte	.LASF123
 720 0386 8001     		.sleb128 128
 721 0388 07       		.uleb128 0x7
 722 0389 F9050000 		.4byte	.LASF124
 723 038d 8001     		.sleb128 128
 724 038f 07       		.uleb128 0x7
 725 0390 790C0000 		.4byte	.LASF125
 726 0394 8101     		.sleb128 129
 727 0396 07       		.uleb128 0x7
 728 0397 420D0000 		.4byte	.LASF126
 729 039b A001     		.sleb128 160
 730 039d 07       		.uleb128 0x7
 731 039e B50D0000 		.4byte	.LASF127
 732 03a2 FD01     		.sleb128 253
 733 03a4 07       		.uleb128 0x7
 734 03a5 140F0000 		.4byte	.LASF128
 735 03a9 FE01     		.sleb128 254
 736 03ab 07       		.uleb128 0x7
 737 03ac 150C0000 		.4byte	.LASF129
 738 03b0 FF01     		.sleb128 255
 739 03b2 00       		.byte	0
 740 03b3 09       		.uleb128 0x9
 741 03b4 AD020000 		.4byte	.LASF130
 742 03b8 04       		.byte	0x4
 743 03b9 5201     		.2byte	0x152
 744 03bb 76000000 		.4byte	0x76
 745 03bf 0B       		.uleb128 0xb
 746 03c0 08       		.byte	0x8
 747 03c1 04       		.byte	0x4
 748 03c2 7901     		.2byte	0x179
 749 03c4 F0030000 		.4byte	0x3f0
 750 03c8 0C       		.uleb128 0xc
 751 03c9 76616C00 		.ascii	"val\000"
 752 03cd 04       		.byte	0x4
 753 03ce 7C01     		.2byte	0x17c
 754 03d0 F2020000 		.4byte	0x2f2
 755 03d4 00       		.byte	0
 756 03d5 0C       		.uleb128 0xc
 757 03d6 6C656E00 		.ascii	"len\000"
 758 03da 04       		.byte	0x4
 759 03db 7F01     		.2byte	0x17f
 760 03dd 76000000 		.4byte	0x76
 761 03e1 04       		.byte	0x4
 762 03e2 0D       		.uleb128 0xd
 763 03e3 08030000 		.4byte	.LASF131
 764 03e7 04       		.byte	0x4
ARM GAS  C:\Users\Shahed\AppData\Local\Temp\ccuqXEms.s 			page 18


 765 03e8 8601     		.2byte	0x186
 766 03ea 76000000 		.4byte	0x76
 767 03ee 06       		.byte	0x6
 768 03ef 00       		.byte	0
 769 03f0 09       		.uleb128 0x9
 770 03f1 BC010000 		.4byte	.LASF132
 771 03f5 04       		.byte	0x4
 772 03f6 8801     		.2byte	0x188
 773 03f8 BF030000 		.4byte	0x3bf
 774 03fc 0B       		.uleb128 0xb
 775 03fd 0C       		.byte	0xc
 776 03fe 04       		.byte	0x4
 777 03ff 8B01     		.2byte	0x18b
 778 0401 20040000 		.4byte	0x420
 779 0405 0D       		.uleb128 0xd
 780 0406 6E050000 		.4byte	.LASF133
 781 040a 04       		.byte	0x4
 782 040b 8E01     		.2byte	0x18e
 783 040d F0030000 		.4byte	0x3f0
 784 0411 00       		.byte	0
 785 0412 0D       		.uleb128 0xd
 786 0413 4C050000 		.4byte	.LASF134
 787 0417 04       		.byte	0x4
 788 0418 9101     		.2byte	0x191
 789 041a B3030000 		.4byte	0x3b3
 790 041e 08       		.byte	0x8
 791 041f 00       		.byte	0
 792 0420 09       		.uleb128 0x9
 793 0421 8D0A0000 		.4byte	.LASF135
 794 0425 04       		.byte	0x4
 795 0426 9301     		.2byte	0x193
 796 0428 FC030000 		.4byte	0x3fc
 797 042c 09       		.uleb128 0x9
 798 042d FA0F0000 		.4byte	.LASF136
 799 0431 05       		.byte	0x5
 800 0432 0001     		.2byte	0x100
 801 0434 38040000 		.4byte	0x438
 802 0438 0A       		.uleb128 0xa
 803 0439 04       		.byte	0x4
 804 043a 3E040000 		.4byte	0x43e
 805 043e 0E       		.uleb128 0xe
 806 043f 4E040000 		.4byte	0x44e
 807 0443 0F       		.uleb128 0xf
 808 0444 81000000 		.4byte	0x81
 809 0448 0F       		.uleb128 0xf
 810 0449 A8000000 		.4byte	0xa8
 811 044d 00       		.byte	0
 812 044e 06       		.uleb128 0x6
 813 044f 01       		.byte	0x1
 814 0450 06       		.byte	0x6
 815 0451 1D       		.byte	0x1d
 816 0452 93040000 		.4byte	0x493
 817 0456 07       		.uleb128 0x7
 818 0457 BE110000 		.4byte	.LASF137
 819 045b 00       		.sleb128 0
 820 045c 07       		.uleb128 0x7
 821 045d 1A0E0000 		.4byte	.LASF138
ARM GAS  C:\Users\Shahed\AppData\Local\Temp\ccuqXEms.s 			page 19


 822 0461 01       		.sleb128 1
 823 0462 07       		.uleb128 0x7
 824 0463 D60B0000 		.4byte	.LASF139
 825 0467 02       		.sleb128 2
 826 0468 07       		.uleb128 0x7
 827 0469 83040000 		.4byte	.LASF140
 828 046d 03       		.sleb128 3
 829 046e 07       		.uleb128 0x7
 830 046f 65040000 		.4byte	.LASF141
 831 0473 04       		.sleb128 4
 832 0474 07       		.uleb128 0x7
 833 0475 2B0D0000 		.4byte	.LASF142
 834 0479 05       		.sleb128 5
 835 047a 07       		.uleb128 0x7
 836 047b F4080000 		.4byte	.LASF143
 837 047f 06       		.sleb128 6
 838 0480 07       		.uleb128 0x7
 839 0481 AC0A0000 		.4byte	.LASF144
 840 0485 07       		.sleb128 7
 841 0486 07       		.uleb128 0x7
 842 0487 F3070000 		.4byte	.LASF145
 843 048b 08       		.sleb128 8
 844 048c 07       		.uleb128 0x7
 845 048d 3F0C0000 		.4byte	.LASF146
 846 0491 09       		.sleb128 9
 847 0492 00       		.byte	0
 848 0493 04       		.uleb128 0x4
 849 0494 74050000 		.4byte	.LASF147
 850 0498 06       		.byte	0x6
 851 0499 29       		.byte	0x29
 852 049a 4E040000 		.4byte	0x44e
 853 049e 10       		.uleb128 0x10
 854 049f 14       		.byte	0x14
 855 04a0 06       		.byte	0x6
 856 04a1 2E       		.byte	0x2e
 857 04a2 BF040000 		.4byte	0x4bf
 858 04a6 11       		.uleb128 0x11
 859 04a7 54080000 		.4byte	.LASF148
 860 04ab 06       		.byte	0x6
 861 04ac 31       		.byte	0x31
 862 04ad B3030000 		.4byte	0x3b3
 863 04b1 00       		.byte	0
 864 04b2 11       		.uleb128 0x11
 865 04b3 E50C0000 		.4byte	.LASF149
 866 04b7 06       		.byte	0x6
 867 04b8 34       		.byte	0x34
 868 04b9 BF040000 		.4byte	0x4bf
 869 04bd 02       		.byte	0x2
 870 04be 00       		.byte	0
 871 04bf 12       		.uleb128 0x12
 872 04c0 B3030000 		.4byte	0x3b3
 873 04c4 CF040000 		.4byte	0x4cf
 874 04c8 13       		.uleb128 0x13
 875 04c9 A1000000 		.4byte	0xa1
 876 04cd 08       		.byte	0x8
 877 04ce 00       		.byte	0
 878 04cf 04       		.uleb128 0x4
ARM GAS  C:\Users\Shahed\AppData\Local\Temp\ccuqXEms.s 			page 20


 879 04d0 1E110000 		.4byte	.LASF150
 880 04d4 06       		.byte	0x6
 881 04d5 35       		.byte	0x35
 882 04d6 9E040000 		.4byte	0x49e
 883 04da 14       		.uleb128 0x14
 884 04db CD000000 		.4byte	.LASF162
 885 04df 01       		.byte	0x1
 886 04e0 3D       		.byte	0x3d
 887 04e1 00000000 		.4byte	.LFB2
 888 04e5 08000000 		.4byte	.LFE2-.LFB2
 889 04e9 01       		.uleb128 0x1
 890 04ea 9C       		.byte	0x9c
 891 04eb 15       		.uleb128 0x15
 892 04ec A40C0000 		.4byte	.LASF163
 893 04f0 01       		.byte	0x1
 894 04f1 62       		.byte	0x62
 895 04f2 00000000 		.4byte	.LFB3
 896 04f6 0E000000 		.4byte	.LFE3-.LFB3
 897 04fa 01       		.uleb128 0x1
 898 04fb 9C       		.byte	0x9c
 899 04fc 0F050000 		.4byte	0x50f
 900 0500 16       		.uleb128 0x16
 901 0501 080C0000 		.4byte	.LASF151
 902 0505 01       		.byte	0x1
 903 0506 62       		.byte	0x62
 904 0507 2C040000 		.4byte	0x42c
 905 050b 02       		.uleb128 0x2
 906 050c 91       		.byte	0x91
 907 050d 74       		.sleb128 -12
 908 050e 00       		.byte	0
 909 050f 17       		.uleb128 0x17
 910 0510 A8070000 		.4byte	.LASF157
 911 0514 01       		.byte	0x1
 912 0515 87       		.byte	0x87
 913 0516 E6020000 		.4byte	0x2e6
 914 051a 00000000 		.4byte	.LFB4
 915 051e 84000000 		.4byte	.LFE4-.LFB4
 916 0522 01       		.uleb128 0x1
 917 0523 9C       		.byte	0x9c
 918 0524 6F050000 		.4byte	0x56f
 919 0528 16       		.uleb128 0x16
 920 0529 29100000 		.4byte	.LASF152
 921 052d 01       		.byte	0x1
 922 052e 87       		.byte	0x87
 923 052f 93040000 		.4byte	0x493
 924 0533 02       		.uleb128 0x2
 925 0534 91       		.byte	0x91
 926 0535 67       		.sleb128 -25
 927 0536 16       		.uleb128 0x16
 928 0537 DA110000 		.4byte	.LASF153
 929 053b 01       		.byte	0x1
 930 053c 87       		.byte	0x87
 931 053d 6B000000 		.4byte	0x6b
 932 0541 02       		.uleb128 0x2
 933 0542 91       		.byte	0x91
 934 0543 66       		.sleb128 -26
 935 0544 16       		.uleb128 0x16
ARM GAS  C:\Users\Shahed\AppData\Local\Temp\ccuqXEms.s 			page 21


 936 0545 8A0D0000 		.4byte	.LASF154
 937 0549 01       		.byte	0x1
 938 054a 87       		.byte	0x87
 939 054b F2020000 		.4byte	0x2f2
 940 054f 02       		.uleb128 0x2
 941 0550 91       		.byte	0x91
 942 0551 60       		.sleb128 -32
 943 0552 18       		.uleb128 0x18
 944 0553 360A0000 		.4byte	.LASF155
 945 0557 01       		.byte	0x1
 946 0558 89       		.byte	0x89
 947 0559 E6020000 		.4byte	0x2e6
 948 055d 02       		.uleb128 0x2
 949 055e 91       		.byte	0x91
 950 055f 76       		.sleb128 -10
 951 0560 18       		.uleb128 0x18
 952 0561 4F110000 		.4byte	.LASF156
 953 0565 01       		.byte	0x1
 954 0566 8A       		.byte	0x8a
 955 0567 20040000 		.4byte	0x420
 956 056b 02       		.uleb128 0x2
 957 056c 91       		.byte	0x91
 958 056d 68       		.sleb128 -24
 959 056e 00       		.byte	0
 960 056f 17       		.uleb128 0x17
 961 0570 CF090000 		.4byte	.LASF158
 962 0574 01       		.byte	0x1
 963 0575 B5       		.byte	0xb5
 964 0576 E6020000 		.4byte	0x2e6
 965 057a 00000000 		.4byte	.LFB5
 966 057e 84000000 		.4byte	.LFE5-.LFB5
 967 0582 01       		.uleb128 0x1
 968 0583 9C       		.byte	0x9c
 969 0584 CF050000 		.4byte	0x5cf
 970 0588 16       		.uleb128 0x16
 971 0589 29100000 		.4byte	.LASF152
 972 058d 01       		.byte	0x1
 973 058e B5       		.byte	0xb5
 974 058f 93040000 		.4byte	0x493
 975 0593 02       		.uleb128 0x2
 976 0594 91       		.byte	0x91
 977 0595 67       		.sleb128 -25
 978 0596 16       		.uleb128 0x16
 979 0597 DA110000 		.4byte	.LASF153
 980 059b 01       		.byte	0x1
 981 059c B5       		.byte	0xb5
 982 059d 6B000000 		.4byte	0x6b
 983 05a1 02       		.uleb128 0x2
 984 05a2 91       		.byte	0x91
 985 05a3 66       		.sleb128 -26
 986 05a4 16       		.uleb128 0x16
 987 05a5 8A0D0000 		.4byte	.LASF154
 988 05a9 01       		.byte	0x1
 989 05aa B5       		.byte	0xb5
 990 05ab F2020000 		.4byte	0x2f2
 991 05af 02       		.uleb128 0x2
 992 05b0 91       		.byte	0x91
ARM GAS  C:\Users\Shahed\AppData\Local\Temp\ccuqXEms.s 			page 22


 993 05b1 60       		.sleb128 -32
 994 05b2 18       		.uleb128 0x18
 995 05b3 360A0000 		.4byte	.LASF155
 996 05b7 01       		.byte	0x1
 997 05b8 B7       		.byte	0xb7
 998 05b9 E6020000 		.4byte	0x2e6
 999 05bd 02       		.uleb128 0x2
 1000 05be 91       		.byte	0x91
 1001 05bf 76       		.sleb128 -10
 1002 05c0 18       		.uleb128 0x18
 1003 05c1 4F110000 		.4byte	.LASF156
 1004 05c5 01       		.byte	0x1
 1005 05c6 B8       		.byte	0xb8
 1006 05c7 20040000 		.4byte	0x420
 1007 05cb 02       		.uleb128 0x2
 1008 05cc 91       		.byte	0x91
 1009 05cd 68       		.sleb128 -24
 1010 05ce 00       		.byte	0
 1011 05cf 19       		.uleb128 0x19
 1012 05d0 E8070000 		.4byte	.LASF164
 1013 05d4 01       		.byte	0x1
 1014 05d5 14       		.byte	0x14
 1015 05d6 E0050000 		.4byte	0x5e0
 1016 05da 05       		.uleb128 0x5
 1017 05db 03       		.byte	0x3
 1018 05dc 00000000 		.4byte	cyBle_diss
 1019 05e0 1A       		.uleb128 0x1a
 1020 05e1 CF040000 		.4byte	0x4cf
 1021 05e5 00       		.byte	0
 1022              		.section	.debug_abbrev,"",%progbits
 1023              	.Ldebug_abbrev0:
 1024 0000 01       		.uleb128 0x1
 1025 0001 11       		.uleb128 0x11
 1026 0002 01       		.byte	0x1
 1027 0003 25       		.uleb128 0x25
 1028 0004 0E       		.uleb128 0xe
 1029 0005 13       		.uleb128 0x13
 1030 0006 0B       		.uleb128 0xb
 1031 0007 03       		.uleb128 0x3
 1032 0008 0E       		.uleb128 0xe
 1033 0009 1B       		.uleb128 0x1b
 1034 000a 0E       		.uleb128 0xe
 1035 000b 55       		.uleb128 0x55
 1036 000c 17       		.uleb128 0x17
 1037 000d 11       		.uleb128 0x11
 1038 000e 01       		.uleb128 0x1
 1039 000f 10       		.uleb128 0x10
 1040 0010 17       		.uleb128 0x17
 1041 0011 00       		.byte	0
 1042 0012 00       		.byte	0
 1043 0013 02       		.uleb128 0x2
 1044 0014 24       		.uleb128 0x24
 1045 0015 00       		.byte	0
 1046 0016 0B       		.uleb128 0xb
 1047 0017 0B       		.uleb128 0xb
 1048 0018 3E       		.uleb128 0x3e
 1049 0019 0B       		.uleb128 0xb
ARM GAS  C:\Users\Shahed\AppData\Local\Temp\ccuqXEms.s 			page 23


 1050 001a 03       		.uleb128 0x3
 1051 001b 0E       		.uleb128 0xe
 1052 001c 00       		.byte	0
 1053 001d 00       		.byte	0
 1054 001e 03       		.uleb128 0x3
 1055 001f 24       		.uleb128 0x24
 1056 0020 00       		.byte	0
 1057 0021 0B       		.uleb128 0xb
 1058 0022 0B       		.uleb128 0xb
 1059 0023 3E       		.uleb128 0x3e
 1060 0024 0B       		.uleb128 0xb
 1061 0025 03       		.uleb128 0x3
 1062 0026 08       		.uleb128 0x8
 1063 0027 00       		.byte	0
 1064 0028 00       		.byte	0
 1065 0029 04       		.uleb128 0x4
 1066 002a 16       		.uleb128 0x16
 1067 002b 00       		.byte	0
 1068 002c 03       		.uleb128 0x3
 1069 002d 0E       		.uleb128 0xe
 1070 002e 3A       		.uleb128 0x3a
 1071 002f 0B       		.uleb128 0xb
 1072 0030 3B       		.uleb128 0x3b
 1073 0031 0B       		.uleb128 0xb
 1074 0032 49       		.uleb128 0x49
 1075 0033 13       		.uleb128 0x13
 1076 0034 00       		.byte	0
 1077 0035 00       		.byte	0
 1078 0036 05       		.uleb128 0x5
 1079 0037 0F       		.uleb128 0xf
 1080 0038 00       		.byte	0
 1081 0039 0B       		.uleb128 0xb
 1082 003a 0B       		.uleb128 0xb
 1083 003b 00       		.byte	0
 1084 003c 00       		.byte	0
 1085 003d 06       		.uleb128 0x6
 1086 003e 04       		.uleb128 0x4
 1087 003f 01       		.byte	0x1
 1088 0040 0B       		.uleb128 0xb
 1089 0041 0B       		.uleb128 0xb
 1090 0042 3A       		.uleb128 0x3a
 1091 0043 0B       		.uleb128 0xb
 1092 0044 3B       		.uleb128 0x3b
 1093 0045 0B       		.uleb128 0xb
 1094 0046 01       		.uleb128 0x1
 1095 0047 13       		.uleb128 0x13
 1096 0048 00       		.byte	0
 1097 0049 00       		.byte	0
 1098 004a 07       		.uleb128 0x7
 1099 004b 28       		.uleb128 0x28
 1100 004c 00       		.byte	0
 1101 004d 03       		.uleb128 0x3
 1102 004e 0E       		.uleb128 0xe
 1103 004f 1C       		.uleb128 0x1c
 1104 0050 0D       		.uleb128 0xd
 1105 0051 00       		.byte	0
 1106 0052 00       		.byte	0
ARM GAS  C:\Users\Shahed\AppData\Local\Temp\ccuqXEms.s 			page 24


 1107 0053 08       		.uleb128 0x8
 1108 0054 04       		.uleb128 0x4
 1109 0055 01       		.byte	0x1
 1110 0056 0B       		.uleb128 0xb
 1111 0057 0B       		.uleb128 0xb
 1112 0058 3A       		.uleb128 0x3a
 1113 0059 0B       		.uleb128 0xb
 1114 005a 3B       		.uleb128 0x3b
 1115 005b 05       		.uleb128 0x5
 1116 005c 01       		.uleb128 0x1
 1117 005d 13       		.uleb128 0x13
 1118 005e 00       		.byte	0
 1119 005f 00       		.byte	0
 1120 0060 09       		.uleb128 0x9
 1121 0061 16       		.uleb128 0x16
 1122 0062 00       		.byte	0
 1123 0063 03       		.uleb128 0x3
 1124 0064 0E       		.uleb128 0xe
 1125 0065 3A       		.uleb128 0x3a
 1126 0066 0B       		.uleb128 0xb
 1127 0067 3B       		.uleb128 0x3b
 1128 0068 05       		.uleb128 0x5
 1129 0069 49       		.uleb128 0x49
 1130 006a 13       		.uleb128 0x13
 1131 006b 00       		.byte	0
 1132 006c 00       		.byte	0
 1133 006d 0A       		.uleb128 0xa
 1134 006e 0F       		.uleb128 0xf
 1135 006f 00       		.byte	0
 1136 0070 0B       		.uleb128 0xb
 1137 0071 0B       		.uleb128 0xb
 1138 0072 49       		.uleb128 0x49
 1139 0073 13       		.uleb128 0x13
 1140 0074 00       		.byte	0
 1141 0075 00       		.byte	0
 1142 0076 0B       		.uleb128 0xb
 1143 0077 13       		.uleb128 0x13
 1144 0078 01       		.byte	0x1
 1145 0079 0B       		.uleb128 0xb
 1146 007a 0B       		.uleb128 0xb
 1147 007b 3A       		.uleb128 0x3a
 1148 007c 0B       		.uleb128 0xb
 1149 007d 3B       		.uleb128 0x3b
 1150 007e 05       		.uleb128 0x5
 1151 007f 01       		.uleb128 0x1
 1152 0080 13       		.uleb128 0x13
 1153 0081 00       		.byte	0
 1154 0082 00       		.byte	0
 1155 0083 0C       		.uleb128 0xc
 1156 0084 0D       		.uleb128 0xd
 1157 0085 00       		.byte	0
 1158 0086 03       		.uleb128 0x3
 1159 0087 08       		.uleb128 0x8
 1160 0088 3A       		.uleb128 0x3a
 1161 0089 0B       		.uleb128 0xb
 1162 008a 3B       		.uleb128 0x3b
 1163 008b 05       		.uleb128 0x5
ARM GAS  C:\Users\Shahed\AppData\Local\Temp\ccuqXEms.s 			page 25


 1164 008c 49       		.uleb128 0x49
 1165 008d 13       		.uleb128 0x13
 1166 008e 38       		.uleb128 0x38
 1167 008f 0B       		.uleb128 0xb
 1168 0090 00       		.byte	0
 1169 0091 00       		.byte	0
 1170 0092 0D       		.uleb128 0xd
 1171 0093 0D       		.uleb128 0xd
 1172 0094 00       		.byte	0
 1173 0095 03       		.uleb128 0x3
 1174 0096 0E       		.uleb128 0xe
 1175 0097 3A       		.uleb128 0x3a
 1176 0098 0B       		.uleb128 0xb
 1177 0099 3B       		.uleb128 0x3b
 1178 009a 05       		.uleb128 0x5
 1179 009b 49       		.uleb128 0x49
 1180 009c 13       		.uleb128 0x13
 1181 009d 38       		.uleb128 0x38
 1182 009e 0B       		.uleb128 0xb
 1183 009f 00       		.byte	0
 1184 00a0 00       		.byte	0
 1185 00a1 0E       		.uleb128 0xe
 1186 00a2 15       		.uleb128 0x15
 1187 00a3 01       		.byte	0x1
 1188 00a4 27       		.uleb128 0x27
 1189 00a5 19       		.uleb128 0x19
 1190 00a6 01       		.uleb128 0x1
 1191 00a7 13       		.uleb128 0x13
 1192 00a8 00       		.byte	0
 1193 00a9 00       		.byte	0
 1194 00aa 0F       		.uleb128 0xf
 1195 00ab 05       		.uleb128 0x5
 1196 00ac 00       		.byte	0
 1197 00ad 49       		.uleb128 0x49
 1198 00ae 13       		.uleb128 0x13
 1199 00af 00       		.byte	0
 1200 00b0 00       		.byte	0
 1201 00b1 10       		.uleb128 0x10
 1202 00b2 13       		.uleb128 0x13
 1203 00b3 01       		.byte	0x1
 1204 00b4 0B       		.uleb128 0xb
 1205 00b5 0B       		.uleb128 0xb
 1206 00b6 3A       		.uleb128 0x3a
 1207 00b7 0B       		.uleb128 0xb
 1208 00b8 3B       		.uleb128 0x3b
 1209 00b9 0B       		.uleb128 0xb
 1210 00ba 01       		.uleb128 0x1
 1211 00bb 13       		.uleb128 0x13
 1212 00bc 00       		.byte	0
 1213 00bd 00       		.byte	0
 1214 00be 11       		.uleb128 0x11
 1215 00bf 0D       		.uleb128 0xd
 1216 00c0 00       		.byte	0
 1217 00c1 03       		.uleb128 0x3
 1218 00c2 0E       		.uleb128 0xe
 1219 00c3 3A       		.uleb128 0x3a
 1220 00c4 0B       		.uleb128 0xb
ARM GAS  C:\Users\Shahed\AppData\Local\Temp\ccuqXEms.s 			page 26


 1221 00c5 3B       		.uleb128 0x3b
 1222 00c6 0B       		.uleb128 0xb
 1223 00c7 49       		.uleb128 0x49
 1224 00c8 13       		.uleb128 0x13
 1225 00c9 38       		.uleb128 0x38
 1226 00ca 0B       		.uleb128 0xb
 1227 00cb 00       		.byte	0
 1228 00cc 00       		.byte	0
 1229 00cd 12       		.uleb128 0x12
 1230 00ce 01       		.uleb128 0x1
 1231 00cf 01       		.byte	0x1
 1232 00d0 49       		.uleb128 0x49
 1233 00d1 13       		.uleb128 0x13
 1234 00d2 01       		.uleb128 0x1
 1235 00d3 13       		.uleb128 0x13
 1236 00d4 00       		.byte	0
 1237 00d5 00       		.byte	0
 1238 00d6 13       		.uleb128 0x13
 1239 00d7 21       		.uleb128 0x21
 1240 00d8 00       		.byte	0
 1241 00d9 49       		.uleb128 0x49
 1242 00da 13       		.uleb128 0x13
 1243 00db 2F       		.uleb128 0x2f
 1244 00dc 0B       		.uleb128 0xb
 1245 00dd 00       		.byte	0
 1246 00de 00       		.byte	0
 1247 00df 14       		.uleb128 0x14
 1248 00e0 2E       		.uleb128 0x2e
 1249 00e1 00       		.byte	0
 1250 00e2 3F       		.uleb128 0x3f
 1251 00e3 19       		.uleb128 0x19
 1252 00e4 03       		.uleb128 0x3
 1253 00e5 0E       		.uleb128 0xe
 1254 00e6 3A       		.uleb128 0x3a
 1255 00e7 0B       		.uleb128 0xb
 1256 00e8 3B       		.uleb128 0x3b
 1257 00e9 0B       		.uleb128 0xb
 1258 00ea 27       		.uleb128 0x27
 1259 00eb 19       		.uleb128 0x19
 1260 00ec 11       		.uleb128 0x11
 1261 00ed 01       		.uleb128 0x1
 1262 00ee 12       		.uleb128 0x12
 1263 00ef 06       		.uleb128 0x6
 1264 00f0 40       		.uleb128 0x40
 1265 00f1 18       		.uleb128 0x18
 1266 00f2 9742     		.uleb128 0x2117
 1267 00f4 19       		.uleb128 0x19
 1268 00f5 00       		.byte	0
 1269 00f6 00       		.byte	0
 1270 00f7 15       		.uleb128 0x15
 1271 00f8 2E       		.uleb128 0x2e
 1272 00f9 01       		.byte	0x1
 1273 00fa 3F       		.uleb128 0x3f
 1274 00fb 19       		.uleb128 0x19
 1275 00fc 03       		.uleb128 0x3
 1276 00fd 0E       		.uleb128 0xe
 1277 00fe 3A       		.uleb128 0x3a
ARM GAS  C:\Users\Shahed\AppData\Local\Temp\ccuqXEms.s 			page 27


 1278 00ff 0B       		.uleb128 0xb
 1279 0100 3B       		.uleb128 0x3b
 1280 0101 0B       		.uleb128 0xb
 1281 0102 27       		.uleb128 0x27
 1282 0103 19       		.uleb128 0x19
 1283 0104 11       		.uleb128 0x11
 1284 0105 01       		.uleb128 0x1
 1285 0106 12       		.uleb128 0x12
 1286 0107 06       		.uleb128 0x6
 1287 0108 40       		.uleb128 0x40
 1288 0109 18       		.uleb128 0x18
 1289 010a 9742     		.uleb128 0x2117
 1290 010c 19       		.uleb128 0x19
 1291 010d 01       		.uleb128 0x1
 1292 010e 13       		.uleb128 0x13
 1293 010f 00       		.byte	0
 1294 0110 00       		.byte	0
 1295 0111 16       		.uleb128 0x16
 1296 0112 05       		.uleb128 0x5
 1297 0113 00       		.byte	0
 1298 0114 03       		.uleb128 0x3
 1299 0115 0E       		.uleb128 0xe
 1300 0116 3A       		.uleb128 0x3a
 1301 0117 0B       		.uleb128 0xb
 1302 0118 3B       		.uleb128 0x3b
 1303 0119 0B       		.uleb128 0xb
 1304 011a 49       		.uleb128 0x49
 1305 011b 13       		.uleb128 0x13
 1306 011c 02       		.uleb128 0x2
 1307 011d 18       		.uleb128 0x18
 1308 011e 00       		.byte	0
 1309 011f 00       		.byte	0
 1310 0120 17       		.uleb128 0x17
 1311 0121 2E       		.uleb128 0x2e
 1312 0122 01       		.byte	0x1
 1313 0123 3F       		.uleb128 0x3f
 1314 0124 19       		.uleb128 0x19
 1315 0125 03       		.uleb128 0x3
 1316 0126 0E       		.uleb128 0xe
 1317 0127 3A       		.uleb128 0x3a
 1318 0128 0B       		.uleb128 0xb
 1319 0129 3B       		.uleb128 0x3b
 1320 012a 0B       		.uleb128 0xb
 1321 012b 27       		.uleb128 0x27
 1322 012c 19       		.uleb128 0x19
 1323 012d 49       		.uleb128 0x49
 1324 012e 13       		.uleb128 0x13
 1325 012f 11       		.uleb128 0x11
 1326 0130 01       		.uleb128 0x1
 1327 0131 12       		.uleb128 0x12
 1328 0132 06       		.uleb128 0x6
 1329 0133 40       		.uleb128 0x40
 1330 0134 18       		.uleb128 0x18
 1331 0135 9642     		.uleb128 0x2116
 1332 0137 19       		.uleb128 0x19
 1333 0138 01       		.uleb128 0x1
 1334 0139 13       		.uleb128 0x13
ARM GAS  C:\Users\Shahed\AppData\Local\Temp\ccuqXEms.s 			page 28


 1335 013a 00       		.byte	0
 1336 013b 00       		.byte	0
 1337 013c 18       		.uleb128 0x18
 1338 013d 34       		.uleb128 0x34
 1339 013e 00       		.byte	0
 1340 013f 03       		.uleb128 0x3
 1341 0140 0E       		.uleb128 0xe
 1342 0141 3A       		.uleb128 0x3a
 1343 0142 0B       		.uleb128 0xb
 1344 0143 3B       		.uleb128 0x3b
 1345 0144 0B       		.uleb128 0xb
 1346 0145 49       		.uleb128 0x49
 1347 0146 13       		.uleb128 0x13
 1348 0147 02       		.uleb128 0x2
 1349 0148 18       		.uleb128 0x18
 1350 0149 00       		.byte	0
 1351 014a 00       		.byte	0
 1352 014b 19       		.uleb128 0x19
 1353 014c 34       		.uleb128 0x34
 1354 014d 00       		.byte	0
 1355 014e 03       		.uleb128 0x3
 1356 014f 0E       		.uleb128 0xe
 1357 0150 3A       		.uleb128 0x3a
 1358 0151 0B       		.uleb128 0xb
 1359 0152 3B       		.uleb128 0x3b
 1360 0153 0B       		.uleb128 0xb
 1361 0154 49       		.uleb128 0x49
 1362 0155 13       		.uleb128 0x13
 1363 0156 3F       		.uleb128 0x3f
 1364 0157 19       		.uleb128 0x19
 1365 0158 02       		.uleb128 0x2
 1366 0159 18       		.uleb128 0x18
 1367 015a 00       		.byte	0
 1368 015b 00       		.byte	0
 1369 015c 1A       		.uleb128 0x1a
 1370 015d 26       		.uleb128 0x26
 1371 015e 00       		.byte	0
 1372 015f 49       		.uleb128 0x49
 1373 0160 13       		.uleb128 0x13
 1374 0161 00       		.byte	0
 1375 0162 00       		.byte	0
 1376 0163 00       		.byte	0
 1377              		.section	.debug_aranges,"",%progbits
 1378 0000 34000000 		.4byte	0x34
 1379 0004 0200     		.2byte	0x2
 1380 0006 00000000 		.4byte	.Ldebug_info0
 1381 000a 04       		.byte	0x4
 1382 000b 00       		.byte	0
 1383 000c 0000     		.2byte	0
 1384 000e 0000     		.2byte	0
 1385 0010 00000000 		.4byte	.LFB2
 1386 0014 08000000 		.4byte	.LFE2-.LFB2
 1387 0018 00000000 		.4byte	.LFB3
 1388 001c 0E000000 		.4byte	.LFE3-.LFB3
 1389 0020 00000000 		.4byte	.LFB4
 1390 0024 84000000 		.4byte	.LFE4-.LFB4
 1391 0028 00000000 		.4byte	.LFB5
ARM GAS  C:\Users\Shahed\AppData\Local\Temp\ccuqXEms.s 			page 29


 1392 002c 84000000 		.4byte	.LFE5-.LFB5
 1393 0030 00000000 		.4byte	0
 1394 0034 00000000 		.4byte	0
 1395              		.section	.debug_ranges,"",%progbits
 1396              	.Ldebug_ranges0:
 1397 0000 00000000 		.4byte	.LFB2
 1398 0004 08000000 		.4byte	.LFE2
 1399 0008 00000000 		.4byte	.LFB3
 1400 000c 0E000000 		.4byte	.LFE3
 1401 0010 00000000 		.4byte	.LFB4
 1402 0014 84000000 		.4byte	.LFE4
 1403 0018 00000000 		.4byte	.LFB5
 1404 001c 84000000 		.4byte	.LFE5
 1405 0020 00000000 		.4byte	0
 1406 0024 00000000 		.4byte	0
 1407              		.section	.debug_line,"",%progbits
 1408              	.Ldebug_line0:
 1409 0000 DF000000 		.section	.debug_str,"MS",%progbits,1
 1409      02007E00 
 1409      00000201 
 1409      FB0E0D00 
 1409      01010101 
 1410              	.LASF65:
 1411 0000 4359424C 		.ascii	"CYBLE_EVT_L2CAP_CBFC_RX_CREDIT_IND\000"
 1411      455F4556 
 1411      545F4C32 
 1411      4341505F 
 1411      43424643 
 1412              	.LASF21:
 1413 0023 4359424C 		.ascii	"CYBLE_EVT_STACK_BUSY_STATUS\000"
 1413      455F4556 
 1413      545F5354 
 1413      41434B5F 
 1413      42555359 
 1414              	.LASF10:
 1415 003f 75696E74 		.ascii	"uint16\000"
 1415      313600
 1416              	.LASF64:
 1417 0046 4359424C 		.ascii	"CYBLE_EVT_L2CAP_CBFC_DATA_READ\000"
 1417      455F4556 
 1417      545F4C32 
 1417      4341505F 
 1417      43424643 
 1418              	.LASF73:
 1419 0065 4359424C 		.ascii	"CYBLE_ERROR_MEMORY_ALLOCATION_FAILED\000"
 1419      455F4552 
 1419      524F525F 
 1419      4D454D4F 
 1419      52595F41 
 1420              	.LASF108:
 1421 008a 4359424C 		.ascii	"CYBLE_GATT_ERR_REQUEST_NOT_SUPPORTED\000"
 1421      455F4741 
 1421      54545F45 
 1421      52525F52 
 1421      45515545 
 1422              	.LASF103:
 1423 00af 4359424C 		.ascii	"CYBLE_GATT_ERR_INVALID_HANDLE\000"
ARM GAS  C:\Users\Shahed\AppData\Local\Temp\ccuqXEms.s 			page 30


 1423      455F4741 
 1423      54545F45 
 1423      52525F49 
 1423      4E56414C 
 1424              	.LASF162:
 1425 00cd 4379426C 		.ascii	"CyBle_DisInit\000"
 1425      655F4469 
 1425      73496E69 
 1425      7400
 1426              	.LASF32:
 1427 00db 4359424C 		.ascii	"CYBLE_EVT_GAP_CONNECTION_UPDATE_COMPLETE\000"
 1427      455F4556 
 1427      545F4741 
 1427      505F434F 
 1427      4E4E4543 
 1428              	.LASF63:
 1429 0104 4359424C 		.ascii	"CYBLE_EVT_L2CAP_CBFC_DISCONN_CNF\000"
 1429      455F4556 
 1429      545F4C32 
 1429      4341505F 
 1429      43424643 
 1430              	.LASF46:
 1431 0125 4359424C 		.ascii	"CYBLE_EVT_GATTC_READ_MULTI_RSP\000"
 1431      455F4556 
 1431      545F4741 
 1431      5454435F 
 1431      52454144 
 1432              	.LASF51:
 1433 0144 4359424C 		.ascii	"CYBLE_EVT_GATTS_EXEC_WRITE_REQ\000"
 1433      455F4556 
 1433      545F4741 
 1433      5454535F 
 1433      45584543 
 1434              	.LASF97:
 1435 0163 4359424C 		.ascii	"CYBLE_ERROR_NTF_DISABLED\000"
 1435      455F4552 
 1435      524F525F 
 1435      4E54465F 
 1435      44495341 
 1436              	.LASF18:
 1437 017c 4359424C 		.ascii	"CYBLE_EVT_TIMEOUT\000"
 1437      455F4556 
 1437      545F5449 
 1437      4D454F55 
 1437      5400
 1438              	.LASF4:
 1439 018e 6C6F6E67 		.ascii	"long int\000"
 1439      20696E74 
 1439      00
 1440              	.LASF83:
 1441 0197 4359424C 		.ascii	"CYBLE_ERROR_L2CAP_PSM_WRONG_ENCODING\000"
 1441      455F4552 
 1441      524F525F 
 1441      4C324341 
 1441      505F5053 
 1442              	.LASF132:
 1443 01bc 4359424C 		.ascii	"CYBLE_GATT_VALUE_T\000"
ARM GAS  C:\Users\Shahed\AppData\Local\Temp\ccuqXEms.s 			page 31


 1443      455F4741 
 1443      54545F56 
 1443      414C5545 
 1443      5F5400
 1444              	.LASF20:
 1445 01cf 4359424C 		.ascii	"CYBLE_EVT_HCI_STATUS\000"
 1445      455F4556 
 1445      545F4843 
 1445      495F5354 
 1445      41545553 
 1446              	.LASF33:
 1447 01e4 4359424C 		.ascii	"CYBLE_EVT_GAPC_SCAN_START_STOP\000"
 1447      455F4556 
 1447      545F4741 
 1447      50435F53 
 1447      43414E5F 
 1448              	.LASF68:
 1449 0203 4359424C 		.ascii	"CYBLE_EVT_PENDING_FLASH_WRITE\000"
 1449      455F4556 
 1449      545F5045 
 1449      4E44494E 
 1449      475F464C 
 1450              	.LASF82:
 1451 0221 4359424C 		.ascii	"CYBLE_ERROR_SEC_FAILED\000"
 1451      455F4552 
 1451      524F525F 
 1451      5345435F 
 1451      4641494C 
 1452              	.LASF31:
 1453 0238 4359424C 		.ascii	"CYBLE_EVT_GAP_ENCRYPT_CHANGE\000"
 1453      455F4556 
 1453      545F4741 
 1453      505F454E 
 1453      43525950 
 1454              	.LASF107:
 1455 0255 4359424C 		.ascii	"CYBLE_GATT_ERR_INSUFFICIENT_AUTHENTICATION\000"
 1455      455F4741 
 1455      54545F45 
 1455      52525F49 
 1455      4E535546 
 1456              	.LASF6:
 1457 0280 6C6F6E67 		.ascii	"long long int\000"
 1457      206C6F6E 
 1457      6720696E 
 1457      7400
 1458              	.LASF0:
 1459 028e 7369676E 		.ascii	"signed char\000"
 1459      65642063 
 1459      68617200 
 1460              	.LASF17:
 1461 029a 4359424C 		.ascii	"CYBLE_EVT_STACK_ON\000"
 1461      455F4556 
 1461      545F5354 
 1461      41434B5F 
 1461      4F4E00
 1462              	.LASF130:
 1463 02ad 4359424C 		.ascii	"CYBLE_GATT_DB_ATTR_HANDLE_T\000"
ARM GAS  C:\Users\Shahed\AppData\Local\Temp\ccuqXEms.s 			page 32


 1463      455F4741 
 1463      54545F44 
 1463      425F4154 
 1463      54525F48 
 1464              	.LASF90:
 1465 02c9 4359424C 		.ascii	"CYBLE_ERROR_DEVICE_ALREADY_EXISTS\000"
 1465      455F4552 
 1465      524F525F 
 1465      44455649 
 1465      43455F41 
 1466              	.LASF77:
 1467 02eb 4359424C 		.ascii	"CYBLE_ERROR_NO_DEVICE_ENTITY\000"
 1467      455F4552 
 1467      524F525F 
 1467      4E4F5F44 
 1467      45564943 
 1468              	.LASF131:
 1469 0308 61637475 		.ascii	"actualLen\000"
 1469      616C4C65 
 1469      6E00
 1470              	.LASF23:
 1471 0312 4359424C 		.ascii	"CYBLE_EVT_GAP_AUTH_REQ\000"
 1471      455F4556 
 1471      545F4741 
 1471      505F4155 
 1471      54485F52 
 1472              	.LASF44:
 1473 0329 4359424C 		.ascii	"CYBLE_EVT_GATTC_READ_RSP\000"
 1473      455F4556 
 1473      545F4741 
 1473      5454435F 
 1473      52454144 
 1474              	.LASF106:
 1475 0342 4359424C 		.ascii	"CYBLE_GATT_ERR_INVALID_PDU\000"
 1475      455F4741 
 1475      54545F45 
 1475      52525F49 
 1475      4E56414C 
 1476              	.LASF100:
 1477 035d 4359424C 		.ascii	"CYBLE_ERROR_INVALID_STATE\000"
 1477      455F4552 
 1477      524F525F 
 1477      494E5641 
 1477      4C49445F 
 1478              	.LASF49:
 1479 0377 4359424C 		.ascii	"CYBLE_EVT_GATTS_WRITE_CMD_REQ\000"
 1479      455F4556 
 1479      545F4741 
 1479      5454535F 
 1479      57524954 
 1480              	.LASF94:
 1481 0395 4359424C 		.ascii	"CYBLE_INCL_DISC_DONE\000"
 1481      455F494E 
 1481      434C5F44 
 1481      4953435F 
 1481      444F4E45 
 1482              	.LASF28:
ARM GAS  C:\Users\Shahed\AppData\Local\Temp\ccuqXEms.s 			page 33


 1483 03aa 4359424C 		.ascii	"CYBLE_EVT_GAPP_ADVERTISEMENT_START_STOP\000"
 1483      455F4556 
 1483      545F4741 
 1483      50505F41 
 1483      44564552 
 1484              	.LASF88:
 1485 03d2 4359424C 		.ascii	"CYBLE_ERROR_L2CAP_PSM_NOT_IN_RANGE\000"
 1485      455F4552 
 1485      524F525F 
 1485      4C324341 
 1485      505F5053 
 1486              	.LASF9:
 1487 03f5 75696E74 		.ascii	"uint8\000"
 1487      3800
 1488              	.LASF52:
 1489 03fb 4359424C 		.ascii	"CYBLE_EVT_GATTC_EXEC_WRITE_RSP\000"
 1489      455F4556 
 1489      545F4741 
 1489      5454435F 
 1489      45584543 
 1490              	.LASF13:
 1491 041a 646F7562 		.ascii	"double\000"
 1491      6C6500
 1492              	.LASF71:
 1493 0421 4359424C 		.ascii	"CYBLE_ERROR_INVALID_PARAMETER\000"
 1493      455F4552 
 1493      524F525F 
 1493      494E5641 
 1493      4C49445F 
 1494              	.LASF118:
 1495 043f 4359424C 		.ascii	"CYBLE_GATT_ERR_UNSUPPORTED_GROUP_TYPE\000"
 1495      455F4741 
 1495      54545F45 
 1495      52525F55 
 1495      4E535550 
 1496              	.LASF141:
 1497 0465 4359424C 		.ascii	"CYBLE_DIS_FIRMWARE_REV\000"
 1497      455F4449 
 1497      535F4649 
 1497      524D5741 
 1497      52455F52 
 1498              	.LASF11:
 1499 047c 75696E74 		.ascii	"uint32\000"
 1499      333200
 1500              	.LASF140:
 1501 0483 4359424C 		.ascii	"CYBLE_DIS_HARDWARE_REV\000"
 1501      455F4449 
 1501      535F4841 
 1501      52445741 
 1501      52455F52 
 1502              	.LASF69:
 1503 049a 4359424C 		.ascii	"CYBLE_EVT_MAX\000"
 1503      455F4556 
 1503      545F4D41 
 1503      5800
 1504              	.LASF70:
 1505 04a8 4359424C 		.ascii	"CYBLE_ERROR_OK\000"
ARM GAS  C:\Users\Shahed\AppData\Local\Temp\ccuqXEms.s 			page 34


 1505      455F4552 
 1505      524F525F 
 1505      4F4B00
 1506              	.LASF102:
 1507 04b7 4359424C 		.ascii	"CYBLE_GATT_ERR_NONE\000"
 1507      455F4741 
 1507      54545F45 
 1507      52525F4E 
 1507      4F4E4500 
 1508              	.LASF57:
 1509 04cb 4359424C 		.ascii	"CYBLE_EVT_L2CAP_CONN_PARAM_UPDATE_REQ\000"
 1509      455F4556 
 1509      545F4C32 
 1509      4341505F 
 1509      434F4E4E 
 1510              	.LASF104:
 1511 04f1 4359424C 		.ascii	"CYBLE_GATT_ERR_READ_NOT_PERMITTED\000"
 1511      455F4741 
 1511      54545F45 
 1511      52525F52 
 1511      4541445F 
 1512              	.LASF67:
 1513 0513 4359424C 		.ascii	"CYBLE_EVT_L2CAP_CBFC_DATA_WRITE_IND\000"
 1513      455F4556 
 1513      545F4C32 
 1513      4341505F 
 1513      43424643 
 1514              	.LASF79:
 1515 0537 4359424C 		.ascii	"CYBLE_ERROR_GAP_ROLE\000"
 1515      455F4552 
 1515      524F525F 
 1515      4741505F 
 1515      524F4C45 
 1516              	.LASF134:
 1517 054c 61747472 		.ascii	"attrHandle\000"
 1517      48616E64 
 1517      6C6500
 1518              	.LASF7:
 1519 0557 6C6F6E67 		.ascii	"long long unsigned int\000"
 1519      206C6F6E 
 1519      6720756E 
 1519      7369676E 
 1519      65642069 
 1520              	.LASF133:
 1521 056e 76616C75 		.ascii	"value\000"
 1521      6500
 1522              	.LASF147:
 1523 0574 4359424C 		.ascii	"CYBLE_DIS_CHAR_INDEX_T\000"
 1523      455F4449 
 1523      535F4348 
 1523      41525F49 
 1523      4E444558 
 1524              	.LASF161:
 1525 058b 433A5C55 		.ascii	"C:\\Users\\Shahed\\Desktop\\BLE Lab 2\\BLE Lab 2.cy"
 1525      73657273 
 1525      5C536861 
 1525      6865645C 
ARM GAS  C:\Users\Shahed\AppData\Local\Temp\ccuqXEms.s 			page 35


 1525      4465736B 
 1526 05b9 64736E00 		.ascii	"dsn\000"
 1527              	.LASF75:
 1528 05bd 4359424C 		.ascii	"CYBLE_ERROR_OOB_NOT_AVAILABLE\000"
 1528      455F4552 
 1528      524F525F 
 1528      4F4F425F 
 1528      4E4F545F 
 1529              	.LASF37:
 1530 05db 4359424C 		.ascii	"CYBLE_EVT_GATT_DISCONNECT_IND\000"
 1530      455F4556 
 1530      545F4741 
 1530      54545F44 
 1530      4953434F 
 1531              	.LASF124:
 1532 05f9 4359424C 		.ascii	"CYBLE_GATTS_ERR_PROCEDURE_ALREADY_IN_PROGRESS\000"
 1532      455F4741 
 1532      5454535F 
 1532      4552525F 
 1532      50524F43 
 1533              	.LASF84:
 1534 0627 4359424C 		.ascii	"CYBLE_ERROR_L2CAP_PSM_ALREADY_REGISTERED\000"
 1534      455F4552 
 1534      524F525F 
 1534      4C324341 
 1534      505F5053 
 1535              	.LASF5:
 1536 0650 6C6F6E67 		.ascii	"long unsigned int\000"
 1536      20756E73 
 1536      69676E65 
 1536      6420696E 
 1536      7400
 1537              	.LASF112:
 1538 0662 4359424C 		.ascii	"CYBLE_GATT_ERR_ATTRIBUTE_NOT_FOUND\000"
 1538      455F4741 
 1538      54545F45 
 1538      52525F41 
 1538      54545249 
 1539              	.LASF47:
 1540 0685 4359424C 		.ascii	"CYBLE_EVT_GATTS_WRITE_REQ\000"
 1540      455F4556 
 1540      545F4741 
 1540      5454535F 
 1540      57524954 
 1541              	.LASF39:
 1542 069f 4359424C 		.ascii	"CYBLE_EVT_GATTC_XCHNG_MTU_RSP\000"
 1542      455F4556 
 1542      545F4741 
 1542      5454435F 
 1542      5843484E 
 1543              	.LASF56:
 1544 06bd 4359424C 		.ascii	"CYBLE_EVT_GATTS_DATA_SIGNED_CMD_REQ\000"
 1544      455F4556 
 1544      545F4741 
 1544      5454535F 
 1544      44415441 
 1545              	.LASF87:
ARM GAS  C:\Users\Shahed\AppData\Local\Temp\ccuqXEms.s 			page 36


 1546 06e1 4359424C 		.ascii	"CYBLE_ERROR_L2CAP_CHANNEL_NOT_FOUND\000"
 1546      455F4552 
 1546      524F525F 
 1546      4C324341 
 1546      505F4348 
 1547              	.LASF105:
 1548 0705 4359424C 		.ascii	"CYBLE_GATT_ERR_WRITE_NOT_PERMITTED\000"
 1548      455F4741 
 1548      54545F45 
 1548      52525F57 
 1548      52495445 
 1549              	.LASF113:
 1550 0728 4359424C 		.ascii	"CYBLE_GATT_ERR_ATTRIBUTE_NOT_LONG\000"
 1550      455F4741 
 1550      54545F45 
 1550      52525F41 
 1550      54545249 
 1551              	.LASF16:
 1552 074a 4359424C 		.ascii	"CYBLE_EVT_HOST_INVALID\000"
 1552      455F4556 
 1552      545F484F 
 1552      53545F49 
 1552      4E56414C 
 1553              	.LASF42:
 1554 0761 4359424C 		.ascii	"CYBLE_EVT_GATTC_FIND_INFO_RSP\000"
 1554      455F4556 
 1554      545F4741 
 1554      5454435F 
 1554      46494E44 
 1555              	.LASF114:
 1556 077f 4359424C 		.ascii	"CYBLE_GATT_ERR_INSUFFICIENT_ENC_KEY_SIZE\000"
 1556      455F4741 
 1556      54545F45 
 1556      52525F49 
 1556      4E535546 
 1557              	.LASF157:
 1558 07a8 4379426C 		.ascii	"CyBle_DissSetCharacteristicValue\000"
 1558      655F4469 
 1558      73735365 
 1558      74436861 
 1558      72616374 
 1559              	.LASF29:
 1560 07c9 4359424C 		.ascii	"CYBLE_EVT_GAP_DEVICE_CONNECTED\000"
 1560      455F4556 
 1560      545F4741 
 1560      505F4445 
 1560      56494345 
 1561              	.LASF164:
 1562 07e8 6379426C 		.ascii	"cyBle_diss\000"
 1562      655F6469 
 1562      737300
 1563              	.LASF145:
 1564 07f3 4359424C 		.ascii	"CYBLE_DIS_PNP_ID\000"
 1564      455F4449 
 1564      535F504E 
 1564      505F4944 
 1564      00
ARM GAS  C:\Users\Shahed\AppData\Local\Temp\ccuqXEms.s 			page 37


 1565              	.LASF123:
 1566 0804 4359424C 		.ascii	"CYBLE_GATT_ERR_HTS_OUT_OF_RANGE\000"
 1566      455F4741 
 1566      54545F45 
 1566      52525F48 
 1566      54535F4F 
 1567              	.LASF2:
 1568 0824 73686F72 		.ascii	"short int\000"
 1568      7420696E 
 1568      7400
 1569              	.LASF25:
 1570 082e 4359424C 		.ascii	"CYBLE_EVT_GAP_PASSKEY_DISPLAY_REQUEST\000"
 1570      455F4556 
 1570      545F4741 
 1570      505F5041 
 1570      53534B45 
 1571              	.LASF148:
 1572 0854 73657276 		.ascii	"serviceHandle\000"
 1572      69636548 
 1572      616E646C 
 1572      6500
 1573              	.LASF36:
 1574 0862 4359424C 		.ascii	"CYBLE_EVT_GATT_CONNECT_IND\000"
 1574      455F4556 
 1574      545F4741 
 1574      54545F43 
 1574      4F4E4E45 
 1575              	.LASF59:
 1576 087d 4359424C 		.ascii	"CYBLE_EVT_L2CAP_COMMAND_REJ\000"
 1576      455F4556 
 1576      545F4C32 
 1576      4341505F 
 1576      434F4D4D 
 1577              	.LASF122:
 1578 0899 4359424C 		.ascii	"CYBLE_GATT_ERR_CPS_INAPPROPRIATE_CONNECTION_PARAMET"
 1578      455F4741 
 1578      54545F45 
 1578      52525F43 
 1578      50535F49 
 1579 08cc 45525300 		.ascii	"ERS\000"
 1580              	.LASF22:
 1581 08d0 4359424C 		.ascii	"CYBLE_EVT_GAPC_SCAN_PROGRESS_RESULT\000"
 1581      455F4556 
 1581      545F4741 
 1581      50435F53 
 1581      43414E5F 
 1582              	.LASF143:
 1583 08f4 4359424C 		.ascii	"CYBLE_DIS_SYSTEM_ID\000"
 1583      455F4449 
 1583      535F5359 
 1583      5354454D 
 1583      5F494400 
 1584              	.LASF96:
 1585 0908 4359424C 		.ascii	"CYBLE_DESCR_DISC_DONE\000"
 1585      455F4445 
 1585      5343525F 
 1585      44495343 
ARM GAS  C:\Users\Shahed\AppData\Local\Temp\ccuqXEms.s 			page 38


 1585      5F444F4E 
 1586              	.LASF93:
 1587 091e 4359424C 		.ascii	"CYBLE_ERROR_MAX\000"
 1587      455F4552 
 1587      524F525F 
 1587      4D415800 
 1588              	.LASF60:
 1589 092e 4359424C 		.ascii	"CYBLE_EVT_L2CAP_CBFC_CONN_IND\000"
 1589      455F4556 
 1589      545F4C32 
 1589      4341505F 
 1589      43424643 
 1590              	.LASF41:
 1591 094c 4359424C 		.ascii	"CYBLE_EVT_GATTC_READ_BY_TYPE_RSP\000"
 1591      455F4556 
 1591      545F4741 
 1591      5454435F 
 1591      52454144 
 1592              	.LASF15:
 1593 096d 73697A65 		.ascii	"sizetype\000"
 1593      74797065 
 1593      00
 1594              	.LASF119:
 1595 0976 4359424C 		.ascii	"CYBLE_GATT_ERR_INSUFFICIENT_RESOURCE\000"
 1595      455F4741 
 1595      54545F45 
 1595      52525F49 
 1595      4E535546 
 1596              	.LASF27:
 1597 099b 4359424C 		.ascii	"CYBLE_EVT_GAP_AUTH_FAILED\000"
 1597      455F4556 
 1597      545F4741 
 1597      505F4155 
 1597      54485F46 
 1598              	.LASF48:
 1599 09b5 4359424C 		.ascii	"CYBLE_EVT_GATTC_WRITE_RSP\000"
 1599      455F4556 
 1599      545F4741 
 1599      5454435F 
 1599      57524954 
 1600              	.LASF158:
 1601 09cf 4379426C 		.ascii	"CyBle_DissGetCharacteristicValue\000"
 1601      655F4469 
 1601      73734765 
 1601      74436861 
 1601      72616374 
 1602              	.LASF110:
 1603 09f0 4359424C 		.ascii	"CYBLE_GATT_ERR_INSUFFICIENT_AUTHORIZATION\000"
 1603      455F4741 
 1603      54545F45 
 1603      52525F49 
 1603      4E535546 
 1604              	.LASF26:
 1605 0a1a 4359424C 		.ascii	"CYBLE_EVT_GAP_AUTH_COMPLETE\000"
 1605      455F4556 
 1605      545F4741 
 1605      505F4155 
ARM GAS  C:\Users\Shahed\AppData\Local\Temp\ccuqXEms.s 			page 39


 1605      54485F43 
 1606              	.LASF155:
 1607 0a36 61706952 		.ascii	"apiResult\000"
 1607      6573756C 
 1607      7400
 1608              	.LASF101:
 1609 0a40 4359424C 		.ascii	"CYBLE_API_RESULT_T\000"
 1609      455F4150 
 1609      495F5245 
 1609      53554C54 
 1609      5F5400
 1610              	.LASF53:
 1611 0a53 4359424C 		.ascii	"CYBLE_EVT_GATTC_HANDLE_VALUE_NTF\000"
 1611      455F4556 
 1611      545F4741 
 1611      5454435F 
 1611      48414E44 
 1612              	.LASF98:
 1613 0a74 4359424C 		.ascii	"CYBLE_ERROR_IND_DISABLED\000"
 1613      455F4552 
 1613      524F525F 
 1613      494E445F 
 1613      44495341 
 1614              	.LASF135:
 1615 0a8d 4359424C 		.ascii	"CYBLE_GATT_HANDLE_VALUE_PAIR_T\000"
 1615      455F4741 
 1615      54545F48 
 1615      414E444C 
 1615      455F5641 
 1616              	.LASF144:
 1617 0aac 4359424C 		.ascii	"CYBLE_DIS_REG_CERT_DATA\000"
 1617      455F4449 
 1617      535F5245 
 1617      475F4345 
 1617      52545F44 
 1618              	.LASF61:
 1619 0ac4 4359424C 		.ascii	"CYBLE_EVT_L2CAP_CBFC_CONN_CNF\000"
 1619      455F4556 
 1619      545F4C32 
 1619      4341505F 
 1619      43424643 
 1620              	.LASF40:
 1621 0ae2 4359424C 		.ascii	"CYBLE_EVT_GATTC_READ_BY_GROUP_TYPE_RSP\000"
 1621      455F4556 
 1621      545F4741 
 1621      5454435F 
 1621      52454144 
 1622              	.LASF12:
 1623 0b09 666C6F61 		.ascii	"float\000"
 1623      7400
 1624              	.LASF160:
 1625 0b0f 2E5C4765 		.ascii	".\\Generated_Source\\PSoC4\\BLE_dis.c\000"
 1625      6E657261 
 1625      7465645F 
 1625      536F7572 
 1625      63655C50 
 1626              	.LASF159:
ARM GAS  C:\Users\Shahed\AppData\Local\Temp\ccuqXEms.s 			page 40


 1627 0b32 474E5520 		.ascii	"GNU C 4.8.4 20140526 (release) [ARM/embedded-4_8-br"
 1627      4320342E 
 1627      382E3420 
 1627      32303134 
 1627      30353236 
 1628 0b65 616E6368 		.ascii	"anch revision 211358] -mcpu=cortex-m0 -mthumb -g -O"
 1628      20726576 
 1628      6973696F 
 1628      6E203231 
 1628      31333538 
 1629 0b98 30202D66 		.ascii	"0 -ffunction-sections\000"
 1629      66756E63 
 1629      74696F6E 
 1629      2D736563 
 1629      74696F6E 
 1630              	.LASF111:
 1631 0bae 4359424C 		.ascii	"CYBLE_GATT_ERR_PREPARE_WRITE_QUEUE_FULL\000"
 1631      455F4741 
 1631      54545F45 
 1631      52525F50 
 1631      52455041 
 1632              	.LASF139:
 1633 0bd6 4359424C 		.ascii	"CYBLE_DIS_SERIAL_NUMBER\000"
 1633      455F4449 
 1633      535F5345 
 1633      5249414C 
 1633      5F4E554D 
 1634              	.LASF80:
 1635 0bee 4359424C 		.ascii	"CYBLE_ERROR_TX_POWER_READ\000"
 1635      455F4552 
 1635      524F525F 
 1635      54585F50 
 1635      4F574552 
 1636              	.LASF151:
 1637 0c08 63616C6C 		.ascii	"callbackFunc\000"
 1637      6261636B 
 1637      46756E63 
 1637      00
 1638              	.LASF129:
 1639 0c15 4359424C 		.ascii	"CYBLE_GATT_ERR_OUT_OF_RANGE\000"
 1639      455F4741 
 1639      54545F45 
 1639      52525F4F 
 1639      55545F4F 
 1640              	.LASF1:
 1641 0c31 756E7369 		.ascii	"unsigned char\000"
 1641      676E6564 
 1641      20636861 
 1641      7200
 1642              	.LASF146:
 1643 0c3f 4359424C 		.ascii	"CYBLE_DIS_CHAR_COUNT\000"
 1643      455F4449 
 1643      535F4348 
 1643      41525F43 
 1643      4F554E54 
 1644              	.LASF115:
 1645 0c54 4359424C 		.ascii	"CYBLE_GATT_ERR_INVALID_ATTRIBUTE_LEN\000"
ARM GAS  C:\Users\Shahed\AppData\Local\Temp\ccuqXEms.s 			page 41


 1645      455F4741 
 1645      54545F45 
 1645      52525F49 
 1645      4E56414C 
 1646              	.LASF125:
 1647 0c79 4359424C 		.ascii	"CYBLE_GATTS_ERR_CCCD_IMPROPERLY_CONFIGURED\000"
 1647      455F4741 
 1647      5454535F 
 1647      4552525F 
 1647      43434344 
 1648              	.LASF163:
 1649 0ca4 4379426C 		.ascii	"CyBle_DisRegisterAttrCallback\000"
 1649      655F4469 
 1649      73526567 
 1649      69737465 
 1649      72417474 
 1650              	.LASF99:
 1651 0cc2 4359424C 		.ascii	"CYBLE_ERROR_CHAR_IS_NOT_DISCOVERED\000"
 1651      455F4552 
 1651      524F525F 
 1651      43484152 
 1651      5F49535F 
 1652              	.LASF149:
 1653 0ce5 63686172 		.ascii	"charHandle\000"
 1653      48616E64 
 1653      6C6500
 1654              	.LASF54:
 1655 0cf0 4359424C 		.ascii	"CYBLE_EVT_GATTC_HANDLE_VALUE_IND\000"
 1655      455F4556 
 1655      545F4741 
 1655      5454435F 
 1655      48414E44 
 1656              	.LASF76:
 1657 0d11 4359424C 		.ascii	"CYBLE_ERROR_NO_CONNECTION\000"
 1657      455F4552 
 1657      524F525F 
 1657      4E4F5F43 
 1657      4F4E4E45 
 1658              	.LASF142:
 1659 0d2b 4359424C 		.ascii	"CYBLE_DIS_SOFTWARE_REV\000"
 1659      455F4449 
 1659      535F534F 
 1659      46545741 
 1659      52455F52 
 1660              	.LASF126:
 1661 0d42 4359424C 		.ascii	"CYBLE_GATT_ERR_ANS_COMMAND_NOT_SUPPORTED\000"
 1661      455F4741 
 1661      54545F45 
 1661      52525F41 
 1661      4E535F43 
 1662              	.LASF50:
 1663 0d6b 4359424C 		.ascii	"CYBLE_EVT_GATTS_PREP_WRITE_REQ\000"
 1663      455F4556 
 1663      545F4741 
 1663      5454535F 
 1663      50524550 
 1664              	.LASF154:
ARM GAS  C:\Users\Shahed\AppData\Local\Temp\ccuqXEms.s 			page 42


 1665 0d8a 61747472 		.ascii	"attrValue\000"
 1665      56616C75 
 1665      6500
 1666              	.LASF55:
 1667 0d94 4359424C 		.ascii	"CYBLE_EVT_GATTS_HANDLE_VALUE_CNF\000"
 1667      455F4556 
 1667      545F4741 
 1667      5454535F 
 1667      48414E44 
 1668              	.LASF127:
 1669 0db5 4359424C 		.ascii	"CYBLE_GATT_ERR_CCCD_IMPROPERLY_CONFIGURED\000"
 1669      455F4741 
 1669      54545F45 
 1669      52525F43 
 1669      4343445F 
 1670              	.LASF120:
 1671 0ddf 4359424C 		.ascii	"CYBLE_GATT_ERR_HEART_RATE_CONTROL_POINT_NOT_SUPPORT"
 1671      455F4741 
 1671      54545F45 
 1671      52525F48 
 1671      45415254 
 1672 0e12 454400   		.ascii	"ED\000"
 1673              	.LASF14:
 1674 0e15 63686172 		.ascii	"char\000"
 1674      00
 1675              	.LASF138:
 1676 0e1a 4359424C 		.ascii	"CYBLE_DIS_MODEL_NUMBER\000"
 1676      455F4449 
 1676      535F4D4F 
 1676      44454C5F 
 1676      4E554D42 
 1677              	.LASF81:
 1678 0e31 4359424C 		.ascii	"CYBLE_ERROR_BT_ON_NOT_COMPLETED\000"
 1678      455F4552 
 1678      524F525F 
 1678      42545F4F 
 1678      4E5F4E4F 
 1679              	.LASF30:
 1680 0e51 4359424C 		.ascii	"CYBLE_EVT_GAP_DEVICE_DISCONNECTED\000"
 1680      455F4556 
 1680      545F4741 
 1680      505F4445 
 1680      56494345 
 1681              	.LASF8:
 1682 0e73 756E7369 		.ascii	"unsigned int\000"
 1682      676E6564 
 1682      20696E74 
 1682      00
 1683              	.LASF66:
 1684 0e80 4359424C 		.ascii	"CYBLE_EVT_L2CAP_CBFC_TX_CREDIT_IND\000"
 1684      455F4556 
 1684      545F4C32 
 1684      4341505F 
 1684      43424643 
 1685              	.LASF116:
 1686 0ea3 4359424C 		.ascii	"CYBLE_GATT_ERR_UNLIKELY_ERROR\000"
 1686      455F4741 
ARM GAS  C:\Users\Shahed\AppData\Local\Temp\ccuqXEms.s 			page 43


 1686      54545F45 
 1686      52525F55 
 1686      4E4C494B 
 1687              	.LASF91:
 1688 0ec1 4359424C 		.ascii	"CYBLE_ERROR_FLASH_WRITE_NOT_PERMITED\000"
 1688      455F4552 
 1688      524F525F 
 1688      464C4153 
 1688      485F5752 
 1689              	.LASF86:
 1690 0ee6 4359424C 		.ascii	"CYBLE_ERROR_L2CAP_CONNECTION_ENTITY_NOT_FOUND\000"
 1690      455F4552 
 1690      524F525F 
 1690      4C324341 
 1690      505F434F 
 1691              	.LASF128:
 1692 0f14 4359424C 		.ascii	"CYBLE_GATT_ERR_PROCEDURE_ALREADY_IN_PROGRESS\000"
 1692      455F4741 
 1692      54545F45 
 1692      52525F50 
 1692      524F4345 
 1693              	.LASF19:
 1694 0f41 4359424C 		.ascii	"CYBLE_EVT_HARDWARE_ERROR\000"
 1694      455F4556 
 1694      545F4841 
 1694      52445741 
 1694      52455F45 
 1695              	.LASF3:
 1696 0f5a 73686F72 		.ascii	"short unsigned int\000"
 1696      7420756E 
 1696      7369676E 
 1696      65642069 
 1696      6E7400
 1697              	.LASF35:
 1698 0f6d 4359424C 		.ascii	"CYBLE_EVT_GATTC_ERROR_RSP\000"
 1698      455F4556 
 1698      545F4741 
 1698      5454435F 
 1698      4552524F 
 1699              	.LASF72:
 1700 0f87 4359424C 		.ascii	"CYBLE_ERROR_INVALID_OPERATION\000"
 1700      455F4552 
 1700      524F525F 
 1700      494E5641 
 1700      4C49445F 
 1701              	.LASF121:
 1702 0fa5 4359424C 		.ascii	"CYBLE_GATT_ERR_USER_DATA_ACCESS_NOT_PERMITTED\000"
 1702      455F4741 
 1702      54545F45 
 1702      52525F55 
 1702      5345525F 
 1703              	.LASF117:
 1704 0fd3 4359424C 		.ascii	"CYBLE_GATT_ERR_INSUFFICIENT_ENCRYPTION\000"
 1704      455F4741 
 1704      54545F45 
 1704      52525F49 
 1704      4E535546 
ARM GAS  C:\Users\Shahed\AppData\Local\Temp\ccuqXEms.s 			page 44


 1705              	.LASF136:
 1706 0ffa 4359424C 		.ascii	"CYBLE_CALLBACK_T\000"
 1706      455F4341 
 1706      4C4C4241 
 1706      434B5F54 
 1706      00
 1707              	.LASF38:
 1708 100b 4359424C 		.ascii	"CYBLE_EVT_GATTS_XCNHG_MTU_REQ\000"
 1708      455F4556 
 1708      545F4741 
 1708      5454535F 
 1708      58434E48 
 1709              	.LASF152:
 1710 1029 63686172 		.ascii	"charIndex\000"
 1710      496E6465 
 1710      7800
 1711              	.LASF74:
 1712 1033 4359424C 		.ascii	"CYBLE_ERROR_INSUFFICIENT_RESOURCES\000"
 1712      455F4552 
 1712      524F525F 
 1712      494E5355 
 1712      46464943 
 1713              	.LASF24:
 1714 1056 4359424C 		.ascii	"CYBLE_EVT_GAP_PASSKEY_ENTRY_REQUEST\000"
 1714      455F4556 
 1714      545F4741 
 1714      505F5041 
 1714      53534B45 
 1715              	.LASF45:
 1716 107a 4359424C 		.ascii	"CYBLE_EVT_GATTC_READ_BLOB_RSP\000"
 1716      455F4556 
 1716      545F4741 
 1716      5454435F 
 1716      52454144 
 1717              	.LASF109:
 1718 1098 4359424C 		.ascii	"CYBLE_GATT_ERR_INVALID_OFFSET\000"
 1718      455F4741 
 1718      54545F45 
 1718      52525F49 
 1718      4E56414C 
 1719              	.LASF92:
 1720 10b6 4359424C 		.ascii	"CYBLE_ERROR_MIC_AUTH_FAILED\000"
 1720      455F4552 
 1720      524F525F 
 1720      4D49435F 
 1720      41555448 
 1721              	.LASF85:
 1722 10d2 4359424C 		.ascii	"CYBLE_ERROR_L2CAP_PSM_NOT_REGISTERED\000"
 1722      455F4552 
 1722      524F525F 
 1722      4C324341 
 1722      505F5053 
 1723              	.LASF43:
 1724 10f7 4359424C 		.ascii	"CYBLE_EVT_GATTC_FIND_BY_TYPE_VALUE_RSP\000"
 1724      455F4556 
 1724      545F4741 
 1724      5454435F 
ARM GAS  C:\Users\Shahed\AppData\Local\Temp\ccuqXEms.s 			page 45


 1724      46494E44 
 1725              	.LASF150:
 1726 111e 4359424C 		.ascii	"CYBLE_DISS_T\000"
 1726      455F4449 
 1726      53535F54 
 1726      00
 1727              	.LASF34:
 1728 112b 4359424C 		.ascii	"CYBLE_EVT_GAP_KEYINFO_EXCHNGE_CMPLT\000"
 1728      455F4556 
 1728      545F4741 
 1728      505F4B45 
 1728      59494E46 
 1729              	.LASF156:
 1730 114f 6C6F6348 		.ascii	"locHandleValuePair\000"
 1730      616E646C 
 1730      6556616C 
 1730      75655061 
 1730      697200
 1731              	.LASF62:
 1732 1162 4359424C 		.ascii	"CYBLE_EVT_L2CAP_CBFC_DISCONN_IND\000"
 1732      455F4556 
 1732      545F4C32 
 1732      4341505F 
 1732      43424643 
 1733              	.LASF95:
 1734 1183 4359424C 		.ascii	"CYBLE_CHAR_DISC_DONE\000"
 1734      455F4348 
 1734      41525F44 
 1734      4953435F 
 1734      444F4E45 
 1735              	.LASF58:
 1736 1198 4359424C 		.ascii	"CYBLE_EVT_L2CAP_CONN_PARAM_UPDATE_RSP\000"
 1736      455F4556 
 1736      545F4C32 
 1736      4341505F 
 1736      434F4E4E 
 1737              	.LASF137:
 1738 11be 4359424C 		.ascii	"CYBLE_DIS_MANUFACTURER_NAME\000"
 1738      455F4449 
 1738      535F4D41 
 1738      4E554641 
 1738      43545552 
 1739              	.LASF153:
 1740 11da 61747472 		.ascii	"attrSize\000"
 1740      53697A65 
 1740      00
 1741              	.LASF89:
 1742 11e3 4359424C 		.ascii	"CYBLE_ERROR_GATT_DB_INVALID_ATTR_HANDLE\000"
 1742      455F4552 
 1742      524F525F 
 1742      47415454 
 1742      5F44425F 
 1743              	.LASF78:
 1744 120b 4359424C 		.ascii	"CYBLE_ERROR_REPEATED_ATTEMPTS\000"
 1744      455F4552 
 1744      524F525F 
 1744      52455045 
ARM GAS  C:\Users\Shahed\AppData\Local\Temp\ccuqXEms.s 			page 46


 1744      41544544 
 1745              		.ident	"GCC: (GNU Tools for ARM Embedded Processors) 4.8.4 20140526 (release) [ARM/embedded-4_8-br
