ARM GAS  C:\Users\Shahed\AppData\Local\Temp\ccwzjzAX.s 			page 1


   1              		.cpu cortex-m0
   2              		.fpu softvfp
   3              		.eabi_attribute 20, 1
   4              		.eabi_attribute 21, 1
   5              		.eabi_attribute 23, 3
   6              		.eabi_attribute 24, 1
   7              		.eabi_attribute 25, 1
   8              		.eabi_attribute 26, 1
   9              		.eabi_attribute 30, 6
  10              		.eabi_attribute 34, 0
  11              		.eabi_attribute 18, 4
  12              		.code	16
  13              		.file	"cyfitter_cfg.c"
  14              		.text
  15              	.Ltext0:
  16              		.cfi_sections	.debug_frame
  17              		.section	.text.CYMEMZERO,"ax",%progbits
  18              		.align	2
  19              		.code	16
  20              		.thumb_func
  21              		.type	CYMEMZERO, %function
  22              	CYMEMZERO:
  23              	.LFB2:
  24              		.file 1 ".\\Generated_Source\\PSoC4\\cyfitter_cfg.c"
   1:.\Generated_Source\PSoC4/cyfitter_cfg.c **** /*******************************************************************************
   2:.\Generated_Source\PSoC4/cyfitter_cfg.c **** * FILENAME: cyfitter_cfg.c
   3:.\Generated_Source\PSoC4/cyfitter_cfg.c **** * PSoC Creator  3.1 SP3
   4:.\Generated_Source\PSoC4/cyfitter_cfg.c **** *
   5:.\Generated_Source\PSoC4/cyfitter_cfg.c **** * Description:
   6:.\Generated_Source\PSoC4/cyfitter_cfg.c **** * This file is automatically generated by PSoC Creator with device 
   7:.\Generated_Source\PSoC4/cyfitter_cfg.c **** * initialization code.  Except for the user defined sections in
   8:.\Generated_Source\PSoC4/cyfitter_cfg.c **** * CyClockStartupError(), this file should not be modified.
   9:.\Generated_Source\PSoC4/cyfitter_cfg.c **** *
  10:.\Generated_Source\PSoC4/cyfitter_cfg.c **** ********************************************************************************
  11:.\Generated_Source\PSoC4/cyfitter_cfg.c **** * Copyright 2013, Cypress Semiconductor Corporation.  All rights reserved.
  12:.\Generated_Source\PSoC4/cyfitter_cfg.c **** * You may use this file only in accordance with the license, terms, conditions, 
  13:.\Generated_Source\PSoC4/cyfitter_cfg.c **** * disclaimers, and limitations in the end user license agreement accompanying 
  14:.\Generated_Source\PSoC4/cyfitter_cfg.c **** * the software package with which this file was provided.
  15:.\Generated_Source\PSoC4/cyfitter_cfg.c **** ********************************************************************************/
  16:.\Generated_Source\PSoC4/cyfitter_cfg.c **** 
  17:.\Generated_Source\PSoC4/cyfitter_cfg.c **** #include <string.h>
  18:.\Generated_Source\PSoC4/cyfitter_cfg.c **** #include <cytypes.h>
  19:.\Generated_Source\PSoC4/cyfitter_cfg.c **** #include <cydevice_trm.h>
  20:.\Generated_Source\PSoC4/cyfitter_cfg.c **** #include <cyfitter.h>
  21:.\Generated_Source\PSoC4/cyfitter_cfg.c **** #include <CyLib.h>
  22:.\Generated_Source\PSoC4/cyfitter_cfg.c **** #include <cyfitter_cfg.h>
  23:.\Generated_Source\PSoC4/cyfitter_cfg.c **** 
  24:.\Generated_Source\PSoC4/cyfitter_cfg.c **** 
  25:.\Generated_Source\PSoC4/cyfitter_cfg.c **** #if defined(__GNUC__) || defined(__ARMCC_VERSION)
  26:.\Generated_Source\PSoC4/cyfitter_cfg.c ****     #define CYPACKED 
  27:.\Generated_Source\PSoC4/cyfitter_cfg.c ****     #define CYPACKED_ATTR __attribute__ ((packed))
  28:.\Generated_Source\PSoC4/cyfitter_cfg.c ****     #define CYALIGNED __attribute__ ((aligned))
  29:.\Generated_Source\PSoC4/cyfitter_cfg.c ****     #define CY_CFG_UNUSED __attribute__ ((unused))
  30:.\Generated_Source\PSoC4/cyfitter_cfg.c ****     #define CY_CFG_SECTION __attribute__ ((section(".psocinit")))
  31:.\Generated_Source\PSoC4/cyfitter_cfg.c ****     
  32:.\Generated_Source\PSoC4/cyfitter_cfg.c ****     #if defined(__ARMCC_VERSION)
  33:.\Generated_Source\PSoC4/cyfitter_cfg.c ****         #define CY_CFG_MEMORY_BARRIER() __memory_changed()
ARM GAS  C:\Users\Shahed\AppData\Local\Temp\ccwzjzAX.s 			page 2


  34:.\Generated_Source\PSoC4/cyfitter_cfg.c ****     #else
  35:.\Generated_Source\PSoC4/cyfitter_cfg.c ****         #define CY_CFG_MEMORY_BARRIER() __sync_synchronize()
  36:.\Generated_Source\PSoC4/cyfitter_cfg.c ****     #endif
  37:.\Generated_Source\PSoC4/cyfitter_cfg.c ****     
  38:.\Generated_Source\PSoC4/cyfitter_cfg.c **** #elif defined(__ICCARM__)
  39:.\Generated_Source\PSoC4/cyfitter_cfg.c ****     #include <intrinsics.h>
  40:.\Generated_Source\PSoC4/cyfitter_cfg.c **** 
  41:.\Generated_Source\PSoC4/cyfitter_cfg.c ****     #define CYPACKED __packed
  42:.\Generated_Source\PSoC4/cyfitter_cfg.c ****     #define CYPACKED_ATTR 
  43:.\Generated_Source\PSoC4/cyfitter_cfg.c ****     #define CYALIGNED _Pragma("data_alignment=4")
  44:.\Generated_Source\PSoC4/cyfitter_cfg.c ****     #define CY_CFG_UNUSED _Pragma("diag_suppress=Pe177")
  45:.\Generated_Source\PSoC4/cyfitter_cfg.c ****     #define CY_CFG_SECTION _Pragma("location=\".psocinit\"")
  46:.\Generated_Source\PSoC4/cyfitter_cfg.c ****     
  47:.\Generated_Source\PSoC4/cyfitter_cfg.c ****     #define CY_CFG_MEMORY_BARRIER() __DMB()
  48:.\Generated_Source\PSoC4/cyfitter_cfg.c ****     
  49:.\Generated_Source\PSoC4/cyfitter_cfg.c **** #else
  50:.\Generated_Source\PSoC4/cyfitter_cfg.c ****     #error Unsupported toolchain
  51:.\Generated_Source\PSoC4/cyfitter_cfg.c **** #endif
  52:.\Generated_Source\PSoC4/cyfitter_cfg.c **** 
  53:.\Generated_Source\PSoC4/cyfitter_cfg.c **** 
  54:.\Generated_Source\PSoC4/cyfitter_cfg.c **** CY_CFG_UNUSED
  55:.\Generated_Source\PSoC4/cyfitter_cfg.c **** static void CYMEMZERO(void *s, size_t n);
  56:.\Generated_Source\PSoC4/cyfitter_cfg.c **** CY_CFG_UNUSED
  57:.\Generated_Source\PSoC4/cyfitter_cfg.c **** static void CYMEMZERO(void *s, size_t n)
  58:.\Generated_Source\PSoC4/cyfitter_cfg.c **** {
  25              		.loc 1 58 0
  26              		.cfi_startproc
  27 0000 80B5     		push	{r7, lr}
  28              		.cfi_def_cfa_offset 8
  29              		.cfi_offset 7, -8
  30              		.cfi_offset 14, -4
  31 0002 82B0     		sub	sp, sp, #8
  32              		.cfi_def_cfa_offset 16
  33 0004 00AF     		add	r7, sp, #0
  34              		.cfi_def_cfa_register 7
  35 0006 7860     		str	r0, [r7, #4]
  36 0008 3960     		str	r1, [r7]
  59:.\Generated_Source\PSoC4/cyfitter_cfg.c **** 	(void)memset(s, 0, n);
  37              		.loc 1 59 0
  38 000a 7A68     		ldr	r2, [r7, #4]
  39 000c 3B68     		ldr	r3, [r7]
  40 000e 101C     		mov	r0, r2
  41 0010 0021     		mov	r1, #0
  42 0012 1A1C     		mov	r2, r3
  43 0014 FFF7FEFF 		bl	memset
  60:.\Generated_Source\PSoC4/cyfitter_cfg.c **** }
  44              		.loc 1 60 0
  45 0018 BD46     		mov	sp, r7
  46 001a 02B0     		add	sp, sp, #8
  47              		@ sp needed
  48 001c 80BD     		pop	{r7, pc}
  49              		.cfi_endproc
  50              	.LFE2:
  51              		.size	CYMEMZERO, .-CYMEMZERO
  52 001e C046     		.section	.text.CYCONFIGCPY,"ax",%progbits
  53              		.align	2
  54              		.code	16
ARM GAS  C:\Users\Shahed\AppData\Local\Temp\ccwzjzAX.s 			page 3


  55              		.thumb_func
  56              		.type	CYCONFIGCPY, %function
  57              	CYCONFIGCPY:
  58              	.LFB3:
  61:.\Generated_Source\PSoC4/cyfitter_cfg.c **** CY_CFG_UNUSED
  62:.\Generated_Source\PSoC4/cyfitter_cfg.c **** static void CYCONFIGCPY(void *dest, const void *src, size_t n);
  63:.\Generated_Source\PSoC4/cyfitter_cfg.c **** CY_CFG_UNUSED
  64:.\Generated_Source\PSoC4/cyfitter_cfg.c **** static void CYCONFIGCPY(void *dest, const void *src, size_t n)
  65:.\Generated_Source\PSoC4/cyfitter_cfg.c **** {
  59              		.loc 1 65 0
  60              		.cfi_startproc
  61 0000 80B5     		push	{r7, lr}
  62              		.cfi_def_cfa_offset 8
  63              		.cfi_offset 7, -8
  64              		.cfi_offset 14, -4
  65 0002 84B0     		sub	sp, sp, #16
  66              		.cfi_def_cfa_offset 24
  67 0004 00AF     		add	r7, sp, #0
  68              		.cfi_def_cfa_register 7
  69 0006 F860     		str	r0, [r7, #12]
  70 0008 B960     		str	r1, [r7, #8]
  71 000a 7A60     		str	r2, [r7, #4]
  66:.\Generated_Source\PSoC4/cyfitter_cfg.c **** 	(void)memcpy(dest, src, n);
  72              		.loc 1 66 0
  73 000c F968     		ldr	r1, [r7, #12]
  74 000e BA68     		ldr	r2, [r7, #8]
  75 0010 7B68     		ldr	r3, [r7, #4]
  76 0012 081C     		mov	r0, r1
  77 0014 111C     		mov	r1, r2
  78 0016 1A1C     		mov	r2, r3
  79 0018 FFF7FEFF 		bl	memcpy
  67:.\Generated_Source\PSoC4/cyfitter_cfg.c **** }
  80              		.loc 1 67 0
  81 001c BD46     		mov	sp, r7
  82 001e 04B0     		add	sp, sp, #16
  83              		@ sp needed
  84 0020 80BD     		pop	{r7, pc}
  85              		.cfi_endproc
  86              	.LFE3:
  87              		.size	CYCONFIGCPY, .-CYCONFIGCPY
  88 0022 C046     		.section	.text.CYCONFIGCPYCODE,"ax",%progbits
  89              		.align	2
  90              		.code	16
  91              		.thumb_func
  92              		.type	CYCONFIGCPYCODE, %function
  93              	CYCONFIGCPYCODE:
  94              	.LFB4:
  68:.\Generated_Source\PSoC4/cyfitter_cfg.c **** CY_CFG_UNUSED
  69:.\Generated_Source\PSoC4/cyfitter_cfg.c **** static void CYCONFIGCPYCODE(void *dest, const void *src, size_t n);
  70:.\Generated_Source\PSoC4/cyfitter_cfg.c **** CY_CFG_UNUSED
  71:.\Generated_Source\PSoC4/cyfitter_cfg.c **** static void CYCONFIGCPYCODE(void *dest, const void *src, size_t n)
  72:.\Generated_Source\PSoC4/cyfitter_cfg.c **** {
  95              		.loc 1 72 0
  96              		.cfi_startproc
  97 0000 80B5     		push	{r7, lr}
  98              		.cfi_def_cfa_offset 8
  99              		.cfi_offset 7, -8
ARM GAS  C:\Users\Shahed\AppData\Local\Temp\ccwzjzAX.s 			page 4


 100              		.cfi_offset 14, -4
 101 0002 84B0     		sub	sp, sp, #16
 102              		.cfi_def_cfa_offset 24
 103 0004 00AF     		add	r7, sp, #0
 104              		.cfi_def_cfa_register 7
 105 0006 F860     		str	r0, [r7, #12]
 106 0008 B960     		str	r1, [r7, #8]
 107 000a 7A60     		str	r2, [r7, #4]
  73:.\Generated_Source\PSoC4/cyfitter_cfg.c **** 	(void)memcpy(dest, src, n);
 108              		.loc 1 73 0
 109 000c F968     		ldr	r1, [r7, #12]
 110 000e BA68     		ldr	r2, [r7, #8]
 111 0010 7B68     		ldr	r3, [r7, #4]
 112 0012 081C     		mov	r0, r1
 113 0014 111C     		mov	r1, r2
 114 0016 1A1C     		mov	r2, r3
 115 0018 FFF7FEFF 		bl	memcpy
  74:.\Generated_Source\PSoC4/cyfitter_cfg.c **** }
 116              		.loc 1 74 0
 117 001c BD46     		mov	sp, r7
 118 001e 04B0     		add	sp, sp, #16
 119              		@ sp needed
 120 0020 80BD     		pop	{r7, pc}
 121              		.cfi_endproc
 122              	.LFE4:
 123              		.size	CYCONFIGCPYCODE, .-CYCONFIGCPYCODE
 124 0022 C046     		.section	.psocinit,"ax",%progbits
 125              		.align	2
 126              		.code	16
 127              		.thumb_func
 128              		.type	SetIMOBGTrims, %function
 129              	SetIMOBGTrims:
 130              	.LFB5:
  75:.\Generated_Source\PSoC4/cyfitter_cfg.c **** 
  76:.\Generated_Source\PSoC4/cyfitter_cfg.c **** 
  77:.\Generated_Source\PSoC4/cyfitter_cfg.c **** 
  78:.\Generated_Source\PSoC4/cyfitter_cfg.c **** /* Clock startup error codes                                                   */
  79:.\Generated_Source\PSoC4/cyfitter_cfg.c **** #define CYCLOCKSTART_NO_ERROR    0u
  80:.\Generated_Source\PSoC4/cyfitter_cfg.c **** #define CYCLOCKSTART_XTAL_ERROR  1u
  81:.\Generated_Source\PSoC4/cyfitter_cfg.c **** #define CYCLOCKSTART_32KHZ_ERROR 2u
  82:.\Generated_Source\PSoC4/cyfitter_cfg.c **** #define CYCLOCKSTART_PLL_ERROR   3u
  83:.\Generated_Source\PSoC4/cyfitter_cfg.c **** 
  84:.\Generated_Source\PSoC4/cyfitter_cfg.c **** #ifdef CY_NEED_CYCLOCKSTARTUPERROR
  85:.\Generated_Source\PSoC4/cyfitter_cfg.c **** /*******************************************************************************
  86:.\Generated_Source\PSoC4/cyfitter_cfg.c **** * Function Name: CyClockStartupError
  87:.\Generated_Source\PSoC4/cyfitter_cfg.c **** ********************************************************************************
  88:.\Generated_Source\PSoC4/cyfitter_cfg.c **** * Summary:
  89:.\Generated_Source\PSoC4/cyfitter_cfg.c **** *  If an error is encountered during clock configuration (crystal startup error,
  90:.\Generated_Source\PSoC4/cyfitter_cfg.c **** *  PLL lock error, etc.), the system will end up here.  Unless reimplemented by
  91:.\Generated_Source\PSoC4/cyfitter_cfg.c **** *  the customer, this function will stop in an infinite loop.
  92:.\Generated_Source\PSoC4/cyfitter_cfg.c **** *
  93:.\Generated_Source\PSoC4/cyfitter_cfg.c **** * Parameters:
  94:.\Generated_Source\PSoC4/cyfitter_cfg.c **** *   void
  95:.\Generated_Source\PSoC4/cyfitter_cfg.c **** *
  96:.\Generated_Source\PSoC4/cyfitter_cfg.c **** * Return:
  97:.\Generated_Source\PSoC4/cyfitter_cfg.c **** *   void
  98:.\Generated_Source\PSoC4/cyfitter_cfg.c **** *
ARM GAS  C:\Users\Shahed\AppData\Local\Temp\ccwzjzAX.s 			page 5


  99:.\Generated_Source\PSoC4/cyfitter_cfg.c **** *******************************************************************************/
 100:.\Generated_Source\PSoC4/cyfitter_cfg.c **** CY_CFG_UNUSED
 101:.\Generated_Source\PSoC4/cyfitter_cfg.c **** static void CyClockStartupError(uint8 errorCode);
 102:.\Generated_Source\PSoC4/cyfitter_cfg.c **** CY_CFG_UNUSED
 103:.\Generated_Source\PSoC4/cyfitter_cfg.c **** static void CyClockStartupError(uint8 errorCode)
 104:.\Generated_Source\PSoC4/cyfitter_cfg.c **** {
 105:.\Generated_Source\PSoC4/cyfitter_cfg.c ****     /* To remove the compiler warning if errorCode not used.                */
 106:.\Generated_Source\PSoC4/cyfitter_cfg.c ****     errorCode = errorCode;
 107:.\Generated_Source\PSoC4/cyfitter_cfg.c **** 
 108:.\Generated_Source\PSoC4/cyfitter_cfg.c ****     /* `#START CyClockStartupError` */
 109:.\Generated_Source\PSoC4/cyfitter_cfg.c **** 
 110:.\Generated_Source\PSoC4/cyfitter_cfg.c ****     /* If we have a clock startup error (bad MHz crystal, PLL lock, etc.),  */
 111:.\Generated_Source\PSoC4/cyfitter_cfg.c ****     /* we will end up here to allow the customer to implement something to  */
 112:.\Generated_Source\PSoC4/cyfitter_cfg.c ****     /* deal with the clock condition.                                       */
 113:.\Generated_Source\PSoC4/cyfitter_cfg.c **** 
 114:.\Generated_Source\PSoC4/cyfitter_cfg.c ****     /* `#END` */
 115:.\Generated_Source\PSoC4/cyfitter_cfg.c **** 
 116:.\Generated_Source\PSoC4/cyfitter_cfg.c ****     /* If nothing else, stop here since the clocks have not started         */
 117:.\Generated_Source\PSoC4/cyfitter_cfg.c ****     /* correctly.                                                           */
 118:.\Generated_Source\PSoC4/cyfitter_cfg.c ****     while(1) {}
 119:.\Generated_Source\PSoC4/cyfitter_cfg.c **** }
 120:.\Generated_Source\PSoC4/cyfitter_cfg.c **** #endif
 121:.\Generated_Source\PSoC4/cyfitter_cfg.c **** 
 122:.\Generated_Source\PSoC4/cyfitter_cfg.c **** 
 123:.\Generated_Source\PSoC4/cyfitter_cfg.c **** /*******************************************************************************
 124:.\Generated_Source\PSoC4/cyfitter_cfg.c **** * Function Name: SetIMOBGTrims
 125:.\Generated_Source\PSoC4/cyfitter_cfg.c **** ********************************************************************************
 126:.\Generated_Source\PSoC4/cyfitter_cfg.c **** *
 127:.\Generated_Source\PSoC4/cyfitter_cfg.c **** * Summary:
 128:.\Generated_Source\PSoC4/cyfitter_cfg.c **** *   Performs the configuration of the bandgap trim for the IMO based on the given
 129:.\Generated_Source\PSoC4/cyfitter_cfg.c **** *   expected frequency of the IMO. 
 130:.\Generated_Source\PSoC4/cyfitter_cfg.c **** *
 131:.\Generated_Source\PSoC4/cyfitter_cfg.c **** * Parameters:
 132:.\Generated_Source\PSoC4/cyfitter_cfg.c **** *   imoFreq: Frequency for operation of the IMO.
 133:.\Generated_Source\PSoC4/cyfitter_cfg.c **** *
 134:.\Generated_Source\PSoC4/cyfitter_cfg.c **** * Return:
 135:.\Generated_Source\PSoC4/cyfitter_cfg.c **** *   void
 136:.\Generated_Source\PSoC4/cyfitter_cfg.c **** *
 137:.\Generated_Source\PSoC4/cyfitter_cfg.c **** *******************************************************************************/
 138:.\Generated_Source\PSoC4/cyfitter_cfg.c **** static void SetIMOBGTrims(uint8 imoFreq);
 139:.\Generated_Source\PSoC4/cyfitter_cfg.c **** CY_CFG_SECTION
 140:.\Generated_Source\PSoC4/cyfitter_cfg.c **** static void SetIMOBGTrims(uint8 imoFreq)
 141:.\Generated_Source\PSoC4/cyfitter_cfg.c **** {
 131              		.loc 1 141 0
 132              		.cfi_startproc
 133 0000 80B5     		push	{r7, lr}
 134              		.cfi_def_cfa_offset 8
 135              		.cfi_offset 7, -8
 136              		.cfi_offset 14, -4
 137 0002 84B0     		sub	sp, sp, #16
 138              		.cfi_def_cfa_offset 24
 139 0004 00AF     		add	r7, sp, #0
 140              		.cfi_def_cfa_register 7
 141 0006 021C     		mov	r2, r0
 142 0008 FB1D     		add	r3, r7, #7
 143 000a 1A70     		strb	r2, [r3]
 142:.\Generated_Source\PSoC4/cyfitter_cfg.c **** 	CYPACKED typedef struct {
ARM GAS  C:\Users\Shahed\AppData\Local\Temp\ccwzjzAX.s 			page 6


 143:.\Generated_Source\PSoC4/cyfitter_cfg.c **** 		uint8 freq;
 144:.\Generated_Source\PSoC4/cyfitter_cfg.c **** 		uint8 absolute;
 145:.\Generated_Source\PSoC4/cyfitter_cfg.c **** 		uint8 tmpco;
 146:.\Generated_Source\PSoC4/cyfitter_cfg.c **** 	} CYPACKED_ATTR imo_trim_entry_t;
 147:.\Generated_Source\PSoC4/cyfitter_cfg.c **** 
 148:.\Generated_Source\PSoC4/cyfitter_cfg.c **** 	CYPACKED typedef struct {
 149:.\Generated_Source\PSoC4/cyfitter_cfg.c **** 		imo_trim_entry_t entries[4];
 150:.\Generated_Source\PSoC4/cyfitter_cfg.c **** 	} CYPACKED_ATTR imo_trim_table_t;
 151:.\Generated_Source\PSoC4/cyfitter_cfg.c **** 
 152:.\Generated_Source\PSoC4/cyfitter_cfg.c **** 	static const imo_trim_table_t *imo_trim_table = (const imo_trim_table_t *)CYREG_SFLASH_IMO_MAXF0;
 153:.\Generated_Source\PSoC4/cyfitter_cfg.c **** 	static const uint32 IMO_TRIM_FREQ_TABLE_ENTRIES = sizeof(imo_trim_table->entries)/sizeof(imo_trim_
 154:.\Generated_Source\PSoC4/cyfitter_cfg.c **** 
 155:.\Generated_Source\PSoC4/cyfitter_cfg.c **** 	int32 imoTrimIndex;
 156:.\Generated_Source\PSoC4/cyfitter_cfg.c **** 	uint8 setAbs;
 157:.\Generated_Source\PSoC4/cyfitter_cfg.c **** 	uint8 setTmpCo;
 158:.\Generated_Source\PSoC4/cyfitter_cfg.c **** 
 159:.\Generated_Source\PSoC4/cyfitter_cfg.c **** 	/* Traverse the SFLASH IMO frequency-dependent bandgap trim table to
 160:.\Generated_Source\PSoC4/cyfitter_cfg.c **** 	 * locate the appropriate value to trim the IMO bandgap based on freq. */
 161:.\Generated_Source\PSoC4/cyfitter_cfg.c **** 	setAbs = CY_GET_REG8((const void *)CYREG_SFLASH_IMO_ABS4);
 144              		.loc 1 161 0
 145 000c 204A     		ldr	r2, .L8
 146 000e 3B1C     		mov	r3, r7
 147 0010 0B33     		add	r3, r3, #11
 148 0012 1278     		ldrb	r2, [r2]
 149 0014 1A70     		strb	r2, [r3]
 162:.\Generated_Source\PSoC4/cyfitter_cfg.c **** 	setTmpCo = CY_GET_REG8((const void *)CYREG_SFLASH_IMO_TMPCO4);
 150              		.loc 1 162 0
 151 0016 1F4A     		ldr	r2, .L8+4
 152 0018 3B1C     		mov	r3, r7
 153 001a 0A33     		add	r3, r3, #10
 154 001c 1278     		ldrb	r2, [r2]
 155 001e 1A70     		strb	r2, [r3]
 163:.\Generated_Source\PSoC4/cyfitter_cfg.c **** 	for (imoTrimIndex = ((int32)IMO_TRIM_FREQ_TABLE_ENTRIES)-1;
 156              		.loc 1 163 0
 157 0020 0423     		mov	r3, #4
 158 0022 013B     		sub	r3, r3, #1
 159 0024 FB60     		str	r3, [r7, #12]
 160 0026 18E0     		b	.L5
 161              	.L7:
 164:.\Generated_Source\PSoC4/cyfitter_cfg.c **** 	     (imoTrimIndex >= 0) && (imoFreq <= imo_trim_table->entries[imoTrimIndex].freq);
 165:.\Generated_Source\PSoC4/cyfitter_cfg.c **** 	     imoTrimIndex--)
 166:.\Generated_Source\PSoC4/cyfitter_cfg.c **** 	{
 167:.\Generated_Source\PSoC4/cyfitter_cfg.c **** 		setAbs = imo_trim_table->entries[imoTrimIndex].absolute;
 162              		.loc 1 167 0
 163 0028 1B4B     		ldr	r3, .L8+8
 164 002a 1868     		ldr	r0, [r3]
 165 002c 391C     		mov	r1, r7
 166 002e 0B31     		add	r1, r1, #11
 167 0030 FA68     		ldr	r2, [r7, #12]
 168 0032 131C     		mov	r3, r2
 169 0034 5B00     		lsl	r3, r3, #1
 170 0036 9B18     		add	r3, r3, r2
 171 0038 C318     		add	r3, r0, r3
 172 003a 5B78     		ldrb	r3, [r3, #1]
 173 003c 0B70     		strb	r3, [r1]
 168:.\Generated_Source\PSoC4/cyfitter_cfg.c **** 		setTmpCo = imo_trim_table->entries[imoTrimIndex].tmpco;
 174              		.loc 1 168 0
ARM GAS  C:\Users\Shahed\AppData\Local\Temp\ccwzjzAX.s 			page 7


 175 003e 164B     		ldr	r3, .L8+8
 176 0040 1868     		ldr	r0, [r3]
 177 0042 391C     		mov	r1, r7
 178 0044 0A31     		add	r1, r1, #10
 179 0046 FA68     		ldr	r2, [r7, #12]
 180 0048 131C     		mov	r3, r2
 181 004a 5B00     		lsl	r3, r3, #1
 182 004c 9B18     		add	r3, r3, r2
 183 004e C318     		add	r3, r0, r3
 184 0050 9B78     		ldrb	r3, [r3, #2]
 185 0052 0B70     		strb	r3, [r1]
 165:.\Generated_Source\PSoC4/cyfitter_cfg.c **** 	     imoTrimIndex--)
 186              		.loc 1 165 0
 187 0054 FB68     		ldr	r3, [r7, #12]
 188 0056 013B     		sub	r3, r3, #1
 189 0058 FB60     		str	r3, [r7, #12]
 190              	.L5:
 163:.\Generated_Source\PSoC4/cyfitter_cfg.c **** 	for (imoTrimIndex = ((int32)IMO_TRIM_FREQ_TABLE_ENTRIES)-1;
 191              		.loc 1 163 0 discriminator 1
 192 005a FB68     		ldr	r3, [r7, #12]
 193 005c 002B     		cmp	r3, #0
 194 005e 0ADB     		blt	.L6
 164:.\Generated_Source\PSoC4/cyfitter_cfg.c **** 	     (imoTrimIndex >= 0) && (imoFreq <= imo_trim_table->entries[imoTrimIndex].freq);
 195              		.loc 1 164 0
 196 0060 0D4B     		ldr	r3, .L8+8
 197 0062 1968     		ldr	r1, [r3]
 198 0064 FA68     		ldr	r2, [r7, #12]
 199 0066 131C     		mov	r3, r2
 200 0068 5B00     		lsl	r3, r3, #1
 201 006a 9B18     		add	r3, r3, r2
 202 006c 5B5C     		ldrb	r3, [r3, r1]
 203 006e FA1D     		add	r2, r7, #7
 204 0070 1278     		ldrb	r2, [r2]
 205 0072 9A42     		cmp	r2, r3
 206 0074 D8D9     		bls	.L7
 207              	.L6:
 169:.\Generated_Source\PSoC4/cyfitter_cfg.c **** 	}
 170:.\Generated_Source\PSoC4/cyfitter_cfg.c **** 
 171:.\Generated_Source\PSoC4/cyfitter_cfg.c **** 	CY_SET_REG32((void *)CYREG_PWR_BG_TRIM4, setAbs);
 208              		.loc 1 171 0
 209 0076 094B     		ldr	r3, .L8+12
 210 0078 3A1C     		mov	r2, r7
 211 007a 0B32     		add	r2, r2, #11
 212 007c 1278     		ldrb	r2, [r2]
 213 007e 1A60     		str	r2, [r3]
 172:.\Generated_Source\PSoC4/cyfitter_cfg.c **** 	CY_SET_REG32((void *)CYREG_PWR_BG_TRIM5, setTmpCo);
 214              		.loc 1 172 0
 215 0080 074B     		ldr	r3, .L8+16
 216 0082 3A1C     		mov	r2, r7
 217 0084 0A32     		add	r2, r2, #10
 218 0086 1278     		ldrb	r2, [r2]
 219 0088 1A60     		str	r2, [r3]
 173:.\Generated_Source\PSoC4/cyfitter_cfg.c **** }
 220              		.loc 1 173 0
 221 008a BD46     		mov	sp, r7
 222 008c 04B0     		add	sp, sp, #16
 223              		@ sp needed
ARM GAS  C:\Users\Shahed\AppData\Local\Temp\ccwzjzAX.s 			page 8


 224 008e 80BD     		pop	{r7, pc}
 225              	.L9:
 226              		.align	2
 227              	.L8:
 228 0090 CCF1FF0F 		.word	268431820
 229 0094 CDF1FF0F 		.word	268431821
 230 0098 00000000 		.word	imo_trim_table.4717
 231 009c 1CFF0B40 		.word	1074528028
 232 00a0 20FF0B40 		.word	1074528032
 233              		.cfi_endproc
 234              	.LFE5:
 235              		.size	SetIMOBGTrims, .-SetIMOBGTrims
 236              		.align	2
 237              		.code	16
 238              		.thumb_func
 239              		.type	ClockSetup, %function
 240              	ClockSetup:
 241              	.LFB6:
 174:.\Generated_Source\PSoC4/cyfitter_cfg.c **** 
 175:.\Generated_Source\PSoC4/cyfitter_cfg.c **** 
 176:.\Generated_Source\PSoC4/cyfitter_cfg.c **** 
 177:.\Generated_Source\PSoC4/cyfitter_cfg.c **** /*******************************************************************************
 178:.\Generated_Source\PSoC4/cyfitter_cfg.c **** * Function Name: ClockSetup
 179:.\Generated_Source\PSoC4/cyfitter_cfg.c **** ********************************************************************************
 180:.\Generated_Source\PSoC4/cyfitter_cfg.c **** *
 181:.\Generated_Source\PSoC4/cyfitter_cfg.c **** * Summary:
 182:.\Generated_Source\PSoC4/cyfitter_cfg.c **** *   Performs the initialization of all of the clocks in the device based on the
 183:.\Generated_Source\PSoC4/cyfitter_cfg.c **** *   settings in the Clock tab of the DWR.  This includes enabling the requested
 184:.\Generated_Source\PSoC4/cyfitter_cfg.c **** *   clocks and setting the necessary dividers to produce the desired frequency. 
 185:.\Generated_Source\PSoC4/cyfitter_cfg.c **** *
 186:.\Generated_Source\PSoC4/cyfitter_cfg.c **** * Parameters:
 187:.\Generated_Source\PSoC4/cyfitter_cfg.c **** *   void
 188:.\Generated_Source\PSoC4/cyfitter_cfg.c **** *
 189:.\Generated_Source\PSoC4/cyfitter_cfg.c **** * Return:
 190:.\Generated_Source\PSoC4/cyfitter_cfg.c **** *   void
 191:.\Generated_Source\PSoC4/cyfitter_cfg.c **** *
 192:.\Generated_Source\PSoC4/cyfitter_cfg.c **** *******************************************************************************/
 193:.\Generated_Source\PSoC4/cyfitter_cfg.c **** static void ClockSetup(void);
 194:.\Generated_Source\PSoC4/cyfitter_cfg.c **** CY_CFG_SECTION
 195:.\Generated_Source\PSoC4/cyfitter_cfg.c **** static void ClockSetup(void)
 196:.\Generated_Source\PSoC4/cyfitter_cfg.c **** {
 242              		.loc 1 196 0
 243              		.cfi_startproc
 244 00a4 80B5     		push	{r7, lr}
 245              		.cfi_def_cfa_offset 8
 246              		.cfi_offset 7, -8
 247              		.cfi_offset 14, -4
 248 00a6 00AF     		add	r7, sp, #0
 249              		.cfi_def_cfa_register 7
 197:.\Generated_Source\PSoC4/cyfitter_cfg.c **** 
 198:.\Generated_Source\PSoC4/cyfitter_cfg.c **** 	/* Set Flash Cycles based on max possible frequency in case a glitch occurs during ClockSetup(). *
 199:.\Generated_Source\PSoC4/cyfitter_cfg.c **** 	CY_SET_REG32((void CYXDATA *)(CYREG_CPUSS_FLASH_CTL), (0x0012u));
 250              		.loc 1 199 0
 251 00a8 234B     		ldr	r3, .L11
 252 00aa 1222     		mov	r2, #18
 253 00ac 1A60     		str	r2, [r3]
 200:.\Generated_Source\PSoC4/cyfitter_cfg.c **** 	/* Trim IMO BG based on desired frequency. */
ARM GAS  C:\Users\Shahed\AppData\Local\Temp\ccwzjzAX.s 			page 9


 201:.\Generated_Source\PSoC4/cyfitter_cfg.c **** 	SetIMOBGTrims(48u);
 254              		.loc 1 201 0
 255 00ae 3020     		mov	r0, #48
 256 00b0 FFF7A6FF 		bl	SetIMOBGTrims
 202:.\Generated_Source\PSoC4/cyfitter_cfg.c **** 
 203:.\Generated_Source\PSoC4/cyfitter_cfg.c **** 	/* Going faster than 24MHz, so update trim value then adjust to new clock speed. */
 204:.\Generated_Source\PSoC4/cyfitter_cfg.c **** 	CY_SET_REG32((void CYXDATA *)(CYREG_CLK_IMO_TRIM1), (CY_GET_REG8((void *)CYREG_SFLASH_IMO_TRIM45))
 257              		.loc 1 204 0
 258 00b4 214B     		ldr	r3, .L11+4
 259 00b6 224A     		ldr	r2, .L11+8
 260 00b8 1278     		ldrb	r2, [r2]
 261 00ba D2B2     		uxtb	r2, r2
 262 00bc 1A60     		str	r2, [r3]
 205:.\Generated_Source\PSoC4/cyfitter_cfg.c **** 	CyDelayUs(5u);
 263              		.loc 1 205 0
 264 00be 0520     		mov	r0, #5
 265 00c0 FFF7FEFF 		bl	CyDelayUs
 206:.\Generated_Source\PSoC4/cyfitter_cfg.c **** 	CY_SET_REG32((void CYXDATA *)(CYREG_CLK_IMO_TRIM2), (53u));
 266              		.loc 1 206 0
 267 00c4 1F4B     		ldr	r3, .L11+12
 268 00c6 3522     		mov	r2, #53
 269 00c8 1A60     		str	r2, [r3]
 207:.\Generated_Source\PSoC4/cyfitter_cfg.c **** 
 208:.\Generated_Source\PSoC4/cyfitter_cfg.c **** 	/* Start the WCO */
 209:.\Generated_Source\PSoC4/cyfitter_cfg.c **** 	CySysClkWcoStart();
 270              		.loc 1 209 0
 271 00ca FFF7FEFF 		bl	CySysClkWcoStart
 210:.\Generated_Source\PSoC4/cyfitter_cfg.c **** 	CyDelay(500u); /* WCO may take up to 500ms to start */
 272              		.loc 1 210 0
 273 00ce FA23     		mov	r3, #250
 274 00d0 5B00     		lsl	r3, r3, #1
 275 00d2 181C     		mov	r0, r3
 276 00d4 FFF7FEFF 		bl	CyDelay
 211:.\Generated_Source\PSoC4/cyfitter_cfg.c **** 	(void)CySysClkWcoSetPowerMode(CY_SYS_CLK_WCO_LPM);    /* Switch to the low power mode */
 277              		.loc 1 211 0
 278 00d8 0120     		mov	r0, #1
 279 00da FFF7FEFF 		bl	CySysClkWcoSetPowerMode
 212:.\Generated_Source\PSoC4/cyfitter_cfg.c **** 	/* CYDEV_CLK_ILO_CONFIG Starting address: CYDEV_CLK_ILO_CONFIG */
 213:.\Generated_Source\PSoC4/cyfitter_cfg.c **** 	CY_SET_XTND_REG32((void CYFAR *)(CYREG_CLK_ILO_CONFIG), 0x80000006u);
 280              		.loc 1 213 0
 281 00de 1A4B     		ldr	r3, .L11+16
 282 00e0 1A4A     		ldr	r2, .L11+20
 283 00e2 1A60     		str	r2, [r3]
 214:.\Generated_Source\PSoC4/cyfitter_cfg.c **** 
 215:.\Generated_Source\PSoC4/cyfitter_cfg.c **** 	/* CYDEV_WDT_CONFIG Starting address: CYDEV_WDT_CONFIG */
 216:.\Generated_Source\PSoC4/cyfitter_cfg.c **** 	CY_SET_XTND_REG32((void CYFAR *)(CYREG_WDT_CONFIG), 0x40000000u);
 284              		.loc 1 216 0
 285 00e4 1A4B     		ldr	r3, .L11+24
 286 00e6 8022     		mov	r2, #128
 287 00e8 D205     		lsl	r2, r2, #23
 288 00ea 1A60     		str	r2, [r3]
 217:.\Generated_Source\PSoC4/cyfitter_cfg.c **** 
 218:.\Generated_Source\PSoC4/cyfitter_cfg.c **** 
 219:.\Generated_Source\PSoC4/cyfitter_cfg.c **** 	CY_SET_XTND_REG32((void CYFAR *)(CYREG_BLE_BLERD_BB_XO_CAPTRIM), 0x00002D6Au);
 289              		.loc 1 219 0
 290 00ec 194B     		ldr	r3, .L11+28
 291 00ee 1A4A     		ldr	r2, .L11+32
ARM GAS  C:\Users\Shahed\AppData\Local\Temp\ccwzjzAX.s 			page 10


 292 00f0 1A60     		str	r2, [r3]
 220:.\Generated_Source\PSoC4/cyfitter_cfg.c **** 	/* Disable Crystal Stable Interrupt before enabling ECO */
 221:.\Generated_Source\PSoC4/cyfitter_cfg.c **** 	CY_SET_REG32((void*)CYREG_BLE_BLESS_LL_DSM_CTRL, CY_GET_REG32((void*)CYREG_BLE_BLESS_LL_DSM_CTRL) 
 293              		.loc 1 221 0
 294 00f2 1A4B     		ldr	r3, .L11+36
 295 00f4 194A     		ldr	r2, .L11+36
 296 00f6 1268     		ldr	r2, [r2]
 297 00f8 0821     		mov	r1, #8
 298 00fa 8A43     		bic	r2, r1
 299 00fc 1A60     		str	r2, [r3]
 222:.\Generated_Source\PSoC4/cyfitter_cfg.c **** 	/* Start the ECO and do not check status since it is not needed for HFCLK */
 223:.\Generated_Source\PSoC4/cyfitter_cfg.c **** 	(void)CySysClkEcoStart(2000u);
 300              		.loc 1 223 0
 301 00fe FA23     		mov	r3, #250
 302 0100 DB00     		lsl	r3, r3, #3
 303 0102 181C     		mov	r0, r3
 304 0104 FFF7FEFF 		bl	CySysClkEcoStart
 224:.\Generated_Source\PSoC4/cyfitter_cfg.c **** 	CyDelayUs(1500u); /* Wait to stabalize */
 305              		.loc 1 224 0
 306 0108 154B     		ldr	r3, .L11+40
 307 010a 181C     		mov	r0, r3
 308 010c FFF7FEFF 		bl	CyDelayUs
 225:.\Generated_Source\PSoC4/cyfitter_cfg.c **** 
 226:.\Generated_Source\PSoC4/cyfitter_cfg.c **** 	/* Setup phase aligned clocks */
 227:.\Generated_Source\PSoC4/cyfitter_cfg.c **** 	CY_SET_REG32((void *)CYREG_PERI_DIV_16_CTL00, 0x0005DB00u);
 309              		.loc 1 227 0
 310 0110 144B     		ldr	r3, .L11+44
 311 0112 154A     		ldr	r2, .L11+48
 312 0114 1A60     		str	r2, [r3]
 228:.\Generated_Source\PSoC4/cyfitter_cfg.c **** 	CY_SET_REG32((void *)CYREG_PERI_DIV_CMD, 0x8000FF40u);
 313              		.loc 1 228 0
 314 0116 154B     		ldr	r3, .L11+52
 315 0118 154A     		ldr	r2, .L11+56
 316 011a 1A60     		str	r2, [r3]
 229:.\Generated_Source\PSoC4/cyfitter_cfg.c **** 
 230:.\Generated_Source\PSoC4/cyfitter_cfg.c **** 	/* CYDEV_CLK_IMO_CONFIG Starting address: CYDEV_CLK_IMO_CONFIG */
 231:.\Generated_Source\PSoC4/cyfitter_cfg.c **** 	CY_SET_XTND_REG32((void CYFAR *)(CYREG_CLK_IMO_CONFIG), 0x80000000u);
 317              		.loc 1 231 0
 318 011c 154B     		ldr	r3, .L11+60
 319 011e 8022     		mov	r2, #128
 320 0120 1206     		lsl	r2, r2, #24
 321 0122 1A60     		str	r2, [r3]
 232:.\Generated_Source\PSoC4/cyfitter_cfg.c **** 
 233:.\Generated_Source\PSoC4/cyfitter_cfg.c **** 	/* CYDEV_CLK_SELECT Starting address: CYDEV_CLK_SELECT */
 234:.\Generated_Source\PSoC4/cyfitter_cfg.c **** 	CY_SET_XTND_REG32((void CYFAR *)(CYREG_CLK_SELECT), 0x00040000u);
 322              		.loc 1 234 0
 323 0124 144B     		ldr	r3, .L11+64
 324 0126 8022     		mov	r2, #128
 325 0128 D202     		lsl	r2, r2, #11
 326 012a 1A60     		str	r2, [r3]
 235:.\Generated_Source\PSoC4/cyfitter_cfg.c **** 
 236:.\Generated_Source\PSoC4/cyfitter_cfg.c **** 	/* CYDEV_PERI_PCLK_CTL07 Starting address: CYDEV_PERI_PCLK_CTL07 */
 237:.\Generated_Source\PSoC4/cyfitter_cfg.c **** 	CY_SET_XTND_REG32((void CYFAR *)(CYREG_PERI_PCLK_CTL07), 0x00000040u);
 327              		.loc 1 237 0
 328 012c 134B     		ldr	r3, .L11+68
 329 012e 4022     		mov	r2, #64
 330 0130 1A60     		str	r2, [r3]
ARM GAS  C:\Users\Shahed\AppData\Local\Temp\ccwzjzAX.s 			page 11


 238:.\Generated_Source\PSoC4/cyfitter_cfg.c **** 
 239:.\Generated_Source\PSoC4/cyfitter_cfg.c **** }
 331              		.loc 1 239 0
 332 0132 BD46     		mov	sp, r7
 333              		@ sp needed
 334 0134 80BD     		pop	{r7, pc}
 335              	.L12:
 336 0136 C046     		.align	2
 337              	.L11:
 338 0138 30001040 		.word	1074790448
 339 013c 28FF0B40 		.word	1074528040
 340 0140 FDF1FF0F 		.word	268431869
 341 0144 2CFF0B40 		.word	1074528044
 342 0148 04010B40 		.word	1074462980
 343 014c 06000080 		.word	-2147483642
 344 0150 0C020B40 		.word	1074463244
 345 0154 7C002E40 		.word	1076756604
 346 0158 6A2D0000 		.word	11626
 347 015c 6CF02E40 		.word	1076818028
 348 0160 DC050000 		.word	1500
 349 0164 00030140 		.word	1073808128
 350 0168 00DB0500 		.word	383744
 351 016c 00000140 		.word	1073807360
 352 0170 40FF0080 		.word	-2147418304
 353 0174 08010B40 		.word	1074462984
 354 0178 00010B40 		.word	1074462976
 355 017c 1C010140 		.word	1073807644
 356              		.cfi_endproc
 357              	.LFE6:
 358              		.size	ClockSetup, .-ClockSetup
 359              		.section	.text.AnalogSetDefault,"ax",%progbits
 360              		.align	2
 361              		.code	16
 362              		.thumb_func
 363              		.type	AnalogSetDefault, %function
 364              	AnalogSetDefault:
 365              	.LFB7:
 240:.\Generated_Source\PSoC4/cyfitter_cfg.c **** 
 241:.\Generated_Source\PSoC4/cyfitter_cfg.c **** 
 242:.\Generated_Source\PSoC4/cyfitter_cfg.c **** /* Analog API Functions */
 243:.\Generated_Source\PSoC4/cyfitter_cfg.c **** 
 244:.\Generated_Source\PSoC4/cyfitter_cfg.c **** 
 245:.\Generated_Source\PSoC4/cyfitter_cfg.c **** /*******************************************************************************
 246:.\Generated_Source\PSoC4/cyfitter_cfg.c **** * Function Name: AnalogSetDefault
 247:.\Generated_Source\PSoC4/cyfitter_cfg.c **** ********************************************************************************
 248:.\Generated_Source\PSoC4/cyfitter_cfg.c **** *
 249:.\Generated_Source\PSoC4/cyfitter_cfg.c **** * Summary:
 250:.\Generated_Source\PSoC4/cyfitter_cfg.c **** *  Sets up the analog portions of the chip to default values based on chip
 251:.\Generated_Source\PSoC4/cyfitter_cfg.c **** *  configuration options from the project.
 252:.\Generated_Source\PSoC4/cyfitter_cfg.c **** *
 253:.\Generated_Source\PSoC4/cyfitter_cfg.c **** * Parameters:
 254:.\Generated_Source\PSoC4/cyfitter_cfg.c **** *  void
 255:.\Generated_Source\PSoC4/cyfitter_cfg.c **** *
 256:.\Generated_Source\PSoC4/cyfitter_cfg.c **** * Return:
 257:.\Generated_Source\PSoC4/cyfitter_cfg.c **** *  void
 258:.\Generated_Source\PSoC4/cyfitter_cfg.c **** *
 259:.\Generated_Source\PSoC4/cyfitter_cfg.c **** *******************************************************************************/
ARM GAS  C:\Users\Shahed\AppData\Local\Temp\ccwzjzAX.s 			page 12


 260:.\Generated_Source\PSoC4/cyfitter_cfg.c **** static void AnalogSetDefault(void);
 261:.\Generated_Source\PSoC4/cyfitter_cfg.c **** static void AnalogSetDefault(void)
 262:.\Generated_Source\PSoC4/cyfitter_cfg.c **** {
 366              		.loc 1 262 0
 367              		.cfi_startproc
 368 0000 80B5     		push	{r7, lr}
 369              		.cfi_def_cfa_offset 8
 370              		.cfi_offset 7, -8
 371              		.cfi_offset 14, -4
 372 0002 00AF     		add	r7, sp, #0
 373              		.cfi_def_cfa_register 7
 263:.\Generated_Source\PSoC4/cyfitter_cfg.c **** 	CY_SET_XTND_REG32((void CYFAR *)CYREG_CTBM0_DFT_CTRL, 0x00000003u);
 374              		.loc 1 263 0
 375 0004 054B     		ldr	r3, .L14
 376 0006 0322     		mov	r2, #3
 377 0008 1A60     		str	r2, [r3]
 264:.\Generated_Source\PSoC4/cyfitter_cfg.c **** 	CY_SET_XTND_REG32((void CYFAR *)CYREG_CTBM1_DFT_CTRL, 0x00000003u);
 378              		.loc 1 264 0
 379 000a 054B     		ldr	r3, .L14+4
 380 000c 0322     		mov	r2, #3
 381 000e 1A60     		str	r2, [r3]
 265:.\Generated_Source\PSoC4/cyfitter_cfg.c **** 	CY_SET_XTND_REG32((void CYFAR *)CYREG_PASS_DSAB_DSAB_CTRL, 0x00000000u);
 382              		.loc 1 265 0
 383 0010 044B     		ldr	r3, .L14+8
 384 0012 0022     		mov	r2, #0
 385 0014 1A60     		str	r2, [r3]
 266:.\Generated_Source\PSoC4/cyfitter_cfg.c **** }
 386              		.loc 1 266 0
 387 0016 BD46     		mov	sp, r7
 388              		@ sp needed
 389 0018 80BD     		pop	{r7, pc}
 390              	.L15:
 391 001a C046     		.align	2
 392              	.L14:
 393 001c 30003040 		.word	1076887600
 394 0020 30003140 		.word	1076953136
 395 0024 000E3F40 		.word	1077874176
 396              		.cfi_endproc
 397              	.LFE7:
 398              		.size	AnalogSetDefault, .-AnalogSetDefault
 399              		.section	.psocinit
 400              		.align	2
 401              		.global	cyfitter_cfg
 402              		.code	16
 403              		.thumb_func
 404              		.type	cyfitter_cfg, %function
 405              	cyfitter_cfg:
 406              	.LFB8:
 267:.\Generated_Source\PSoC4/cyfitter_cfg.c **** 
 268:.\Generated_Source\PSoC4/cyfitter_cfg.c **** #define CY_AMUX_UNUSED CYREG_CM0_ROM_DWT
 269:.\Generated_Source\PSoC4/cyfitter_cfg.c **** 
 270:.\Generated_Source\PSoC4/cyfitter_cfg.c **** 
 271:.\Generated_Source\PSoC4/cyfitter_cfg.c **** /*******************************************************************************
 272:.\Generated_Source\PSoC4/cyfitter_cfg.c **** * Function Name: cyfitter_cfg
 273:.\Generated_Source\PSoC4/cyfitter_cfg.c **** ********************************************************************************
 274:.\Generated_Source\PSoC4/cyfitter_cfg.c **** * Summary:
 275:.\Generated_Source\PSoC4/cyfitter_cfg.c **** *  This function is called by the start-up code for the selected device. It
ARM GAS  C:\Users\Shahed\AppData\Local\Temp\ccwzjzAX.s 			page 13


 276:.\Generated_Source\PSoC4/cyfitter_cfg.c **** *  performs all of the necessary device configuration based on the design
 277:.\Generated_Source\PSoC4/cyfitter_cfg.c **** *  settings.  This includes settings from the Design Wide Resources (DWR) such
 278:.\Generated_Source\PSoC4/cyfitter_cfg.c **** *  as Clocks and Pins as well as any component configuration that is necessary.
 279:.\Generated_Source\PSoC4/cyfitter_cfg.c **** *
 280:.\Generated_Source\PSoC4/cyfitter_cfg.c **** * Parameters:  
 281:.\Generated_Source\PSoC4/cyfitter_cfg.c **** *   void
 282:.\Generated_Source\PSoC4/cyfitter_cfg.c **** *
 283:.\Generated_Source\PSoC4/cyfitter_cfg.c **** * Return:
 284:.\Generated_Source\PSoC4/cyfitter_cfg.c **** *   void
 285:.\Generated_Source\PSoC4/cyfitter_cfg.c **** *
 286:.\Generated_Source\PSoC4/cyfitter_cfg.c **** *******************************************************************************/
 287:.\Generated_Source\PSoC4/cyfitter_cfg.c **** CY_CFG_SECTION
 288:.\Generated_Source\PSoC4/cyfitter_cfg.c **** void cyfitter_cfg(void)
 289:.\Generated_Source\PSoC4/cyfitter_cfg.c **** {
 407              		.loc 1 289 0
 408              		.cfi_startproc
 409 0180 80B5     		push	{r7, lr}
 410              		.cfi_def_cfa_offset 8
 411              		.cfi_offset 7, -8
 412              		.cfi_offset 14, -4
 413 0182 82B0     		sub	sp, sp, #8
 414              		.cfi_def_cfa_offset 16
 415 0184 00AF     		add	r7, sp, #0
 416              		.cfi_def_cfa_register 7
 290:.\Generated_Source\PSoC4/cyfitter_cfg.c **** 	/* Disable interrupts by default. Let user enable if/when they want. */
 291:.\Generated_Source\PSoC4/cyfitter_cfg.c **** 	CyGlobalIntDisable;
 417              		.loc 1 291 0
 418              	@ 291 ".\Generated_Source\PSoC4\cyfitter_cfg.c" 1
 419 0186 72B6     		CPSID   i
 420              	@ 0 "" 2
 292:.\Generated_Source\PSoC4/cyfitter_cfg.c **** 
 293:.\Generated_Source\PSoC4/cyfitter_cfg.c **** 	CY_SET_XTND_REG32((void CYFAR *)(CYREG_BLE_BLESS_LL_DSM_CTRL), 0x00000000u);
 421              		.loc 1 293 0
 422              		.code	16
 423 0188 2E4B     		ldr	r3, .L19
 424 018a 0022     		mov	r2, #0
 425 018c 1A60     		str	r2, [r3]
 426              	.LBB2:
 294:.\Generated_Source\PSoC4/cyfitter_cfg.c **** 
 295:.\Generated_Source\PSoC4/cyfitter_cfg.c **** 	{
 296:.\Generated_Source\PSoC4/cyfitter_cfg.c **** 
 297:.\Generated_Source\PSoC4/cyfitter_cfg.c **** 		CYPACKED typedef struct {
 298:.\Generated_Source\PSoC4/cyfitter_cfg.c **** 			void CYFAR *address;
 299:.\Generated_Source\PSoC4/cyfitter_cfg.c **** 			uint16 size;
 300:.\Generated_Source\PSoC4/cyfitter_cfg.c **** 		} CYPACKED_ATTR cfg_memset_t;
 301:.\Generated_Source\PSoC4/cyfitter_cfg.c **** 
 302:.\Generated_Source\PSoC4/cyfitter_cfg.c **** 		static const cfg_memset_t CYCODE cfg_memset_list [] = {
 303:.\Generated_Source\PSoC4/cyfitter_cfg.c **** 			/* address, size */
 304:.\Generated_Source\PSoC4/cyfitter_cfg.c **** 			{(void CYFAR *)(CYDEV_UDB_P0_U0_BASE), 1024u},
 305:.\Generated_Source\PSoC4/cyfitter_cfg.c **** 			{(void CYFAR *)(CYDEV_UDB_DSI0_BASE), 1024u},
 306:.\Generated_Source\PSoC4/cyfitter_cfg.c **** 		};
 307:.\Generated_Source\PSoC4/cyfitter_cfg.c **** 
 308:.\Generated_Source\PSoC4/cyfitter_cfg.c **** 		uint8 CYDATA i;
 309:.\Generated_Source\PSoC4/cyfitter_cfg.c **** 
 310:.\Generated_Source\PSoC4/cyfitter_cfg.c **** 		/* Zero out critical memory blocks before beginning configuration */
 311:.\Generated_Source\PSoC4/cyfitter_cfg.c **** 		for (i = 0u; i < (sizeof(cfg_memset_list)/sizeof(cfg_memset_list[0])); i++)
 427              		.loc 1 311 0
ARM GAS  C:\Users\Shahed\AppData\Local\Temp\ccwzjzAX.s 			page 14


 428 018e FB1D     		add	r3, r7, #7
 429 0190 0022     		mov	r2, #0
 430 0192 1A70     		strb	r2, [r3]
 431 0194 23E0     		b	.L17
 432              	.L18:
 433              	.LBB3:
 312:.\Generated_Source\PSoC4/cyfitter_cfg.c **** 		{
 313:.\Generated_Source\PSoC4/cyfitter_cfg.c **** 			const cfg_memset_t CYCODE * CYDATA ms = &cfg_memset_list[i];
 434              		.loc 1 313 0 discriminator 2
 435 0196 FB1D     		add	r3, r7, #7
 436 0198 1A78     		ldrb	r2, [r3]
 437 019a 131C     		mov	r3, r2
 438 019c 5B00     		lsl	r3, r3, #1
 439 019e 9B18     		add	r3, r3, r2
 440 01a0 5B00     		lsl	r3, r3, #1
 441 01a2 294A     		ldr	r2, .L19+4
 442 01a4 9B18     		add	r3, r3, r2
 443 01a6 3B60     		str	r3, [r7]
 314:.\Generated_Source\PSoC4/cyfitter_cfg.c **** 			CYMEMZERO(ms->address, (size_t)(uint32)(ms->size));
 444              		.loc 1 314 0 discriminator 2
 445 01a8 3B68     		ldr	r3, [r7]
 446 01aa 1A78     		ldrb	r2, [r3]
 447 01ac 5978     		ldrb	r1, [r3, #1]
 448 01ae 0902     		lsl	r1, r1, #8
 449 01b0 0A43     		orr	r2, r1
 450 01b2 9978     		ldrb	r1, [r3, #2]
 451 01b4 0904     		lsl	r1, r1, #16
 452 01b6 0A43     		orr	r2, r1
 453 01b8 DB78     		ldrb	r3, [r3, #3]
 454 01ba 1B06     		lsl	r3, r3, #24
 455 01bc 1343     		orr	r3, r2
 456 01be 1A1C     		mov	r2, r3
 457 01c0 3B68     		ldr	r3, [r7]
 458 01c2 1979     		ldrb	r1, [r3, #4]
 459 01c4 5B79     		ldrb	r3, [r3, #5]
 460 01c6 1B02     		lsl	r3, r3, #8
 461 01c8 0B43     		orr	r3, r1
 462 01ca 9BB2     		uxth	r3, r3
 463 01cc 101C     		mov	r0, r2
 464 01ce 191C     		mov	r1, r3
 465 01d0 FFF7FEFF 		bl	CYMEMZERO
 466              	.LBE3:
 311:.\Generated_Source\PSoC4/cyfitter_cfg.c **** 		for (i = 0u; i < (sizeof(cfg_memset_list)/sizeof(cfg_memset_list[0])); i++)
 467              		.loc 1 311 0 discriminator 2
 468 01d4 FB1D     		add	r3, r7, #7
 469 01d6 1A78     		ldrb	r2, [r3]
 470 01d8 FB1D     		add	r3, r7, #7
 471 01da 0132     		add	r2, r2, #1
 472 01dc 1A70     		strb	r2, [r3]
 473              	.L17:
 311:.\Generated_Source\PSoC4/cyfitter_cfg.c **** 		for (i = 0u; i < (sizeof(cfg_memset_list)/sizeof(cfg_memset_list[0])); i++)
 474              		.loc 1 311 0 is_stmt 0 discriminator 1
 475 01de FB1D     		add	r3, r7, #7
 476 01e0 1B78     		ldrb	r3, [r3]
 477 01e2 012B     		cmp	r3, #1
 478 01e4 D7D9     		bls	.L18
 315:.\Generated_Source\PSoC4/cyfitter_cfg.c **** 		}
ARM GAS  C:\Users\Shahed\AppData\Local\Temp\ccwzjzAX.s 			page 15


 316:.\Generated_Source\PSoC4/cyfitter_cfg.c **** 
 317:.\Generated_Source\PSoC4/cyfitter_cfg.c **** 		/* HSIOM Starting address: CYDEV_HSIOM_BASE */
 318:.\Generated_Source\PSoC4/cyfitter_cfg.c **** 		CY_SET_XTND_REG32((void CYFAR *)(CYDEV_HSIOM_BASE), 0xEE000000u);
 479              		.loc 1 318 0 is_stmt 1
 480 01e6 194B     		ldr	r3, .L19+8
 481 01e8 EE22     		mov	r2, #238
 482 01ea 1206     		lsl	r2, r2, #24
 483 01ec 1A60     		str	r2, [r3]
 319:.\Generated_Source\PSoC4/cyfitter_cfg.c **** 
 320:.\Generated_Source\PSoC4/cyfitter_cfg.c **** 		/* IOPINS0_0 Starting address: CYDEV_GPIO_PRT0_DR */
 321:.\Generated_Source\PSoC4/cyfitter_cfg.c **** 		CY_SET_XTND_REG32((void CYFAR *)(CYREG_GPIO_PRT0_PC), 0x00D80000u);
 484              		.loc 1 321 0
 485 01ee 184B     		ldr	r3, .L19+12
 486 01f0 D822     		mov	r2, #216
 487 01f2 1204     		lsl	r2, r2, #16
 488 01f4 1A60     		str	r2, [r3]
 322:.\Generated_Source\PSoC4/cyfitter_cfg.c **** 
 323:.\Generated_Source\PSoC4/cyfitter_cfg.c **** 		/* UDB_PA_0 Starting address: CYDEV_UDB_PA0_BASE */
 324:.\Generated_Source\PSoC4/cyfitter_cfg.c **** 		CY_SET_XTND_REG32((void CYFAR *)(CYDEV_UDB_PA0_BASE), 0x00990000u);
 489              		.loc 1 324 0
 490 01f6 174B     		ldr	r3, .L19+16
 491 01f8 9922     		mov	r2, #153
 492 01fa 1204     		lsl	r2, r2, #16
 493 01fc 1A60     		str	r2, [r3]
 325:.\Generated_Source\PSoC4/cyfitter_cfg.c **** 
 326:.\Generated_Source\PSoC4/cyfitter_cfg.c **** 		/* Enable digital routing */
 327:.\Generated_Source\PSoC4/cyfitter_cfg.c **** 		CY_SET_XTND_REG8((void *)CYREG_UDB_UDBIF_BANK_CTL, CY_GET_XTND_REG8((void *)CYREG_UDB_UDBIF_BANK_
 494              		.loc 1 327 0
 495 01fe 164B     		ldr	r3, .L19+20
 496 0200 154A     		ldr	r2, .L19+20
 497 0202 1278     		ldrb	r2, [r2]
 498 0204 D2B2     		uxtb	r2, r2
 499 0206 0221     		mov	r1, #2
 500 0208 0A43     		orr	r2, r1
 501 020a D2B2     		uxtb	r2, r2
 502 020c 1A70     		strb	r2, [r3]
 328:.\Generated_Source\PSoC4/cyfitter_cfg.c **** 
 329:.\Generated_Source\PSoC4/cyfitter_cfg.c **** 		/* Enable UDB array */
 330:.\Generated_Source\PSoC4/cyfitter_cfg.c **** 		CY_SET_XTND_REG8((void *)CYREG_UDB_UDBIF_WAIT_CFG, (uint8)((CY_GET_XTND_REG8((void *)CYREG_UDB_UD
 503              		.loc 1 330 0
 504 020e 134B     		ldr	r3, .L19+24
 505 0210 124A     		ldr	r2, .L19+24
 506 0212 1278     		ldrb	r2, [r2]
 507 0214 D2B2     		uxtb	r2, r2
 508 0216 3C21     		mov	r1, #60
 509 0218 8A43     		bic	r2, r1
 510 021a D2B2     		uxtb	r2, r2
 511 021c 1421     		mov	r1, #20
 512 021e 0A43     		orr	r2, r1
 513 0220 D2B2     		uxtb	r2, r2
 514 0222 1A70     		strb	r2, [r3]
 331:.\Generated_Source\PSoC4/cyfitter_cfg.c **** 		CY_SET_XTND_REG8((void *)CYREG_UDB_UDBIF_BANK_CTL, (uint8)(CY_GET_XTND_REG8((void *)CYREG_UDB_UDB
 515              		.loc 1 331 0
 516 0224 0C4B     		ldr	r3, .L19+20
 517 0226 0C4A     		ldr	r2, .L19+20
 518 0228 1278     		ldrb	r2, [r2]
 519 022a D2B2     		uxtb	r2, r2
ARM GAS  C:\Users\Shahed\AppData\Local\Temp\ccwzjzAX.s 			page 16


 520 022c 1621     		mov	r1, #22
 521 022e 0A43     		orr	r2, r1
 522 0230 D2B2     		uxtb	r2, r2
 523 0232 1A70     		strb	r2, [r3]
 524              	.LBE2:
 332:.\Generated_Source\PSoC4/cyfitter_cfg.c **** 	}
 333:.\Generated_Source\PSoC4/cyfitter_cfg.c **** 
 334:.\Generated_Source\PSoC4/cyfitter_cfg.c **** 	/* Setup clocks based on selections from Clock DWR */
 335:.\Generated_Source\PSoC4/cyfitter_cfg.c **** 	ClockSetup();
 525              		.loc 1 335 0
 526 0234 FFF736FF 		bl	ClockSetup
 336:.\Generated_Source\PSoC4/cyfitter_cfg.c **** 
 337:.\Generated_Source\PSoC4/cyfitter_cfg.c **** 	/* Perform basic analog initialization to defaults */
 338:.\Generated_Source\PSoC4/cyfitter_cfg.c **** 	AnalogSetDefault();
 527              		.loc 1 338 0
 528 0238 FFF7FEFF 		bl	AnalogSetDefault
 339:.\Generated_Source\PSoC4/cyfitter_cfg.c **** 
 340:.\Generated_Source\PSoC4/cyfitter_cfg.c **** }
 529              		.loc 1 340 0
 530 023c BD46     		mov	sp, r7
 531 023e 02B0     		add	sp, sp, #8
 532              		@ sp needed
 533 0240 80BD     		pop	{r7, pc}
 534              	.L20:
 535 0242 C046     		.align	2
 536              	.L19:
 537 0244 6CF02E40 		.word	1076818028
 538 0248 04000000 		.word	cfg_memset_list.4742
 539 024c 00000240 		.word	1073872896
 540 0250 08000440 		.word	1074003976
 541 0254 00500F40 		.word	1074745344
 542 0258 00700F40 		.word	1074753536
 543 025c 01700F40 		.word	1074753537
 544              		.cfi_endproc
 545              	.LFE8:
 546              		.size	cyfitter_cfg, .-cyfitter_cfg
 547              		.data
 548              		.align	2
 549              		.type	imo_trim_table.4717, %object
 550              		.size	imo_trim_table.4717, 4
 551              	imo_trim_table.4717:
 552 0000 C0F1FF0F 		.word	268431808
 553              		.section	.rodata
 554              		.align	2
 555              		.type	IMO_TRIM_FREQ_TABLE_ENTRIES.4718, %object
 556              		.size	IMO_TRIM_FREQ_TABLE_ENTRIES.4718, 4
 557              	IMO_TRIM_FREQ_TABLE_ENTRIES.4718:
 558 0000 04000000 		.word	4
 559              		.align	2
 560              		.type	cfg_memset_list.4742, %object
 561              		.size	cfg_memset_list.4742, 12
 562              	cfg_memset_list.4742:
 563 0004 00300F40 		.word	1074737152
 564 0008 0004     		.short	1024
 565 000a 00400F40 		.4byte	1074741248
 566 000e 0004     		.short	1024
 567              		.text
ARM GAS  C:\Users\Shahed\AppData\Local\Temp\ccwzjzAX.s 			page 17


 568              	.Letext0:
 569              		.file 2 "c:\\program files (x86)\\cypress\\psoc creator\\3.1\\psoc creator\\import\\gnu_cs\\arm\\4
 570              		.file 3 ".\\Generated_Source\\PSoC4/cytypes.h"
 571              		.section	.debug_info,"",%progbits
 572              	.Ldebug_info0:
 573 0000 3F030000 		.4byte	0x33f
 574 0004 0400     		.2byte	0x4
 575 0006 00000000 		.4byte	.Ldebug_abbrev0
 576 000a 04       		.byte	0x4
 577 000b 01       		.uleb128 0x1
 578 000c 3E020000 		.4byte	.LASF43
 579 0010 01       		.byte	0x1
 580 0011 9A010000 		.4byte	.LASF44
 581 0015 12010000 		.4byte	.LASF45
 582 0019 00000000 		.4byte	.Ldebug_ranges0+0
 583 001d 00000000 		.4byte	0
 584 0021 00000000 		.4byte	.Ldebug_line0
 585 0025 02       		.uleb128 0x2
 586 0026 04       		.byte	0x4
 587 0027 05       		.byte	0x5
 588 0028 696E7400 		.ascii	"int\000"
 589 002c 03       		.uleb128 0x3
 590 002d 06000000 		.4byte	.LASF11
 591 0031 02       		.byte	0x2
 592 0032 D4       		.byte	0xd4
 593 0033 37000000 		.4byte	0x37
 594 0037 04       		.uleb128 0x4
 595 0038 04       		.byte	0x4
 596 0039 07       		.byte	0x7
 597 003a 43010000 		.4byte	.LASF0
 598 003e 04       		.uleb128 0x4
 599 003f 01       		.byte	0x1
 600 0040 06       		.byte	0x6
 601 0041 22020000 		.4byte	.LASF1
 602 0045 04       		.uleb128 0x4
 603 0046 01       		.byte	0x1
 604 0047 08       		.byte	0x8
 605 0048 BF000000 		.4byte	.LASF2
 606 004c 04       		.uleb128 0x4
 607 004d 02       		.byte	0x2
 608 004e 05       		.byte	0x5
 609 004f 63000000 		.4byte	.LASF3
 610 0053 04       		.uleb128 0x4
 611 0054 02       		.byte	0x2
 612 0055 07       		.byte	0x7
 613 0056 50000000 		.4byte	.LASF4
 614 005a 04       		.uleb128 0x4
 615 005b 04       		.byte	0x4
 616 005c 05       		.byte	0x5
 617 005d 0A020000 		.4byte	.LASF5
 618 0061 04       		.uleb128 0x4
 619 0062 04       		.byte	0x4
 620 0063 07       		.byte	0x7
 621 0064 9D000000 		.4byte	.LASF6
 622 0068 04       		.uleb128 0x4
 623 0069 08       		.byte	0x8
 624 006a 05       		.byte	0x5
ARM GAS  C:\Users\Shahed\AppData\Local\Temp\ccwzjzAX.s 			page 18


 625 006b D4010000 		.4byte	.LASF7
 626 006f 04       		.uleb128 0x4
 627 0070 08       		.byte	0x8
 628 0071 07       		.byte	0x7
 629 0072 65010000 		.4byte	.LASF8
 630 0076 04       		.uleb128 0x4
 631 0077 04       		.byte	0x4
 632 0078 07       		.byte	0x7
 633 0079 C2010000 		.4byte	.LASF9
 634 007d 05       		.uleb128 0x5
 635 007e 04       		.byte	0x4
 636 007f 04       		.uleb128 0x4
 637 0080 01       		.byte	0x1
 638 0081 08       		.byte	0x8
 639 0082 E2010000 		.4byte	.LASF10
 640 0086 03       		.uleb128 0x3
 641 0087 F5010000 		.4byte	.LASF12
 642 008b 03       		.byte	0x3
 643 008c A1       		.byte	0xa1
 644 008d 45000000 		.4byte	0x45
 645 0091 03       		.uleb128 0x3
 646 0092 04010000 		.4byte	.LASF13
 647 0096 03       		.byte	0x3
 648 0097 A2       		.byte	0xa2
 649 0098 53000000 		.4byte	0x53
 650 009c 03       		.uleb128 0x3
 651 009d 0B010000 		.4byte	.LASF14
 652 00a1 03       		.byte	0x3
 653 00a2 A3       		.byte	0xa3
 654 00a3 61000000 		.4byte	0x61
 655 00a7 03       		.uleb128 0x3
 656 00a8 AF000000 		.4byte	.LASF15
 657 00ac 03       		.byte	0x3
 658 00ad A6       		.byte	0xa6
 659 00ae 5A000000 		.4byte	0x5a
 660 00b2 04       		.uleb128 0x4
 661 00b3 04       		.byte	0x4
 662 00b4 04       		.byte	0x4
 663 00b5 7B000000 		.4byte	.LASF16
 664 00b9 04       		.uleb128 0x4
 665 00ba 08       		.byte	0x8
 666 00bb 04       		.byte	0x4
 667 00bc CD000000 		.4byte	.LASF17
 668 00c0 06       		.uleb128 0x6
 669 00c1 98000000 		.4byte	.LASF18
 670 00c5 03       		.byte	0x3
 671 00c6 4B01     		.2byte	0x14b
 672 00c8 CC000000 		.4byte	0xcc
 673 00cc 07       		.uleb128 0x7
 674 00cd 86000000 		.4byte	0x86
 675 00d1 06       		.uleb128 0x6
 676 00d2 00000000 		.4byte	.LASF19
 677 00d6 03       		.byte	0x3
 678 00d7 4D01     		.2byte	0x14d
 679 00d9 DD000000 		.4byte	0xdd
 680 00dd 07       		.uleb128 0x7
 681 00de 9C000000 		.4byte	0x9c
ARM GAS  C:\Users\Shahed\AppData\Local\Temp\ccwzjzAX.s 			page 19


 682 00e2 08       		.uleb128 0x8
 683 00e3 B5000000 		.4byte	.LASF20
 684 00e7 01       		.byte	0x1
 685 00e8 39       		.byte	0x39
 686 00e9 00000000 		.4byte	.LFB2
 687 00ed 1E000000 		.4byte	.LFE2-.LFB2
 688 00f1 01       		.uleb128 0x1
 689 00f2 9C       		.byte	0x9c
 690 00f3 10010000 		.4byte	0x110
 691 00f7 09       		.uleb128 0x9
 692 00f8 7300     		.ascii	"s\000"
 693 00fa 01       		.byte	0x1
 694 00fb 39       		.byte	0x39
 695 00fc 7D000000 		.4byte	0x7d
 696 0100 02       		.uleb128 0x2
 697 0101 91       		.byte	0x91
 698 0102 74       		.sleb128 -12
 699 0103 09       		.uleb128 0x9
 700 0104 6E00     		.ascii	"n\000"
 701 0106 01       		.byte	0x1
 702 0107 39       		.byte	0x39
 703 0108 2C000000 		.4byte	0x2c
 704 010c 02       		.uleb128 0x2
 705 010d 91       		.byte	0x91
 706 010e 70       		.sleb128 -16
 707 010f 00       		.byte	0
 708 0110 08       		.uleb128 0x8
 709 0111 DC000000 		.4byte	.LASF21
 710 0115 01       		.byte	0x1
 711 0116 40       		.byte	0x40
 712 0117 00000000 		.4byte	.LFB3
 713 011b 22000000 		.4byte	.LFE3-.LFB3
 714 011f 01       		.uleb128 0x1
 715 0120 9C       		.byte	0x9c
 716 0121 4E010000 		.4byte	0x14e
 717 0125 0A       		.uleb128 0xa
 718 0126 8E000000 		.4byte	.LASF22
 719 012a 01       		.byte	0x1
 720 012b 40       		.byte	0x40
 721 012c 7D000000 		.4byte	0x7d
 722 0130 02       		.uleb128 0x2
 723 0131 91       		.byte	0x91
 724 0132 74       		.sleb128 -12
 725 0133 09       		.uleb128 0x9
 726 0134 73726300 		.ascii	"src\000"
 727 0138 01       		.byte	0x1
 728 0139 40       		.byte	0x40
 729 013a 4E010000 		.4byte	0x14e
 730 013e 02       		.uleb128 0x2
 731 013f 91       		.byte	0x91
 732 0140 70       		.sleb128 -16
 733 0141 09       		.uleb128 0x9
 734 0142 6E00     		.ascii	"n\000"
 735 0144 01       		.byte	0x1
 736 0145 40       		.byte	0x40
 737 0146 2C000000 		.4byte	0x2c
 738 014a 02       		.uleb128 0x2
ARM GAS  C:\Users\Shahed\AppData\Local\Temp\ccwzjzAX.s 			page 20


 739 014b 91       		.byte	0x91
 740 014c 6C       		.sleb128 -20
 741 014d 00       		.byte	0
 742 014e 0B       		.uleb128 0xb
 743 014f 04       		.byte	0x4
 744 0150 54010000 		.4byte	0x154
 745 0154 0C       		.uleb128 0xc
 746 0155 08       		.uleb128 0x8
 747 0156 2E020000 		.4byte	.LASF23
 748 015a 01       		.byte	0x1
 749 015b 47       		.byte	0x47
 750 015c 00000000 		.4byte	.LFB4
 751 0160 22000000 		.4byte	.LFE4-.LFB4
 752 0164 01       		.uleb128 0x1
 753 0165 9C       		.byte	0x9c
 754 0166 93010000 		.4byte	0x193
 755 016a 0A       		.uleb128 0xa
 756 016b 8E000000 		.4byte	.LASF22
 757 016f 01       		.byte	0x1
 758 0170 47       		.byte	0x47
 759 0171 7D000000 		.4byte	0x7d
 760 0175 02       		.uleb128 0x2
 761 0176 91       		.byte	0x91
 762 0177 74       		.sleb128 -12
 763 0178 09       		.uleb128 0x9
 764 0179 73726300 		.ascii	"src\000"
 765 017d 01       		.byte	0x1
 766 017e 47       		.byte	0x47
 767 017f 4E010000 		.4byte	0x14e
 768 0183 02       		.uleb128 0x2
 769 0184 91       		.byte	0x91
 770 0185 70       		.sleb128 -16
 771 0186 09       		.uleb128 0x9
 772 0187 6E00     		.ascii	"n\000"
 773 0189 01       		.byte	0x1
 774 018a 47       		.byte	0x47
 775 018b 2C000000 		.4byte	0x2c
 776 018f 02       		.uleb128 0x2
 777 0190 91       		.byte	0x91
 778 0191 6C       		.sleb128 -20
 779 0192 00       		.byte	0
 780 0193 0D       		.uleb128 0xd
 781 0194 6D000000 		.4byte	.LASF24
 782 0198 01       		.byte	0x1
 783 0199 8C       		.byte	0x8c
 784 019a 00000000 		.4byte	.LFB5
 785 019e A4000000 		.4byte	.LFE5-.LFB5
 786 01a2 01       		.uleb128 0x1
 787 01a3 9C       		.byte	0x9c
 788 01a4 76020000 		.4byte	0x276
 789 01a8 0A       		.uleb128 0xa
 790 01a9 D4000000 		.4byte	.LASF25
 791 01ad 01       		.byte	0x1
 792 01ae 8C       		.byte	0x8c
 793 01af 86000000 		.4byte	0x86
 794 01b3 02       		.uleb128 0x2
 795 01b4 91       		.byte	0x91
ARM GAS  C:\Users\Shahed\AppData\Local\Temp\ccwzjzAX.s 			page 21


 796 01b5 6F       		.sleb128 -17
 797 01b6 0E       		.uleb128 0xe
 798 01b7 03       		.byte	0x3
 799 01b8 01       		.byte	0x1
 800 01b9 8E       		.byte	0x8e
 801 01ba E3010000 		.4byte	0x1e3
 802 01be 0F       		.uleb128 0xf
 803 01bf F0010000 		.4byte	.LASF26
 804 01c3 01       		.byte	0x1
 805 01c4 8F       		.byte	0x8f
 806 01c5 86000000 		.4byte	0x86
 807 01c9 00       		.byte	0
 808 01ca 0F       		.uleb128 0xf
 809 01cb E7010000 		.4byte	.LASF27
 810 01cf 01       		.byte	0x1
 811 01d0 90       		.byte	0x90
 812 01d1 86000000 		.4byte	0x86
 813 01d5 01       		.byte	0x1
 814 01d6 0F       		.uleb128 0xf
 815 01d7 4A000000 		.4byte	.LASF28
 816 01db 01       		.byte	0x1
 817 01dc 91       		.byte	0x91
 818 01dd 86000000 		.4byte	0x86
 819 01e1 02       		.byte	0x2
 820 01e2 00       		.byte	0
 821 01e3 03       		.uleb128 0x3
 822 01e4 1E000000 		.4byte	.LASF29
 823 01e8 01       		.byte	0x1
 824 01e9 92       		.byte	0x92
 825 01ea B6010000 		.4byte	0x1b6
 826 01ee 0E       		.uleb128 0xe
 827 01ef 0C       		.byte	0xc
 828 01f0 01       		.byte	0x1
 829 01f1 94       		.byte	0x94
 830 01f2 13020000 		.4byte	0x213
 831 01f6 10       		.uleb128 0x10
 832 01f7 E3010000 		.4byte	0x1e3
 833 01fb 06020000 		.4byte	0x206
 834 01ff 11       		.uleb128 0x11
 835 0200 76000000 		.4byte	0x76
 836 0204 03       		.byte	0x3
 837 0205 00       		.byte	0
 838 0206 0F       		.uleb128 0xf
 839 0207 13020000 		.4byte	.LASF30
 840 020b 01       		.byte	0x1
 841 020c 95       		.byte	0x95
 842 020d F6010000 		.4byte	0x1f6
 843 0211 00       		.byte	0
 844 0212 00       		.byte	0
 845 0213 03       		.uleb128 0x3
 846 0214 7C010000 		.4byte	.LASF31
 847 0218 01       		.byte	0x1
 848 0219 96       		.byte	0x96
 849 021a EE010000 		.4byte	0x1ee
 850 021e 12       		.uleb128 0x12
 851 021f FB010000 		.4byte	.LASF32
 852 0223 01       		.byte	0x1
ARM GAS  C:\Users\Shahed\AppData\Local\Temp\ccwzjzAX.s 			page 22


 853 0224 98       		.byte	0x98
 854 0225 2F020000 		.4byte	0x22f
 855 0229 05       		.uleb128 0x5
 856 022a 03       		.byte	0x3
 857 022b 00000000 		.4byte	imo_trim_table.4717
 858 022f 0B       		.uleb128 0xb
 859 0230 04       		.byte	0x4
 860 0231 35020000 		.4byte	0x235
 861 0235 13       		.uleb128 0x13
 862 0236 13020000 		.4byte	0x213
 863 023a 12       		.uleb128 0x12
 864 023b E8000000 		.4byte	.LASF33
 865 023f 01       		.byte	0x1
 866 0240 99       		.byte	0x99
 867 0241 76020000 		.4byte	0x276
 868 0245 05       		.uleb128 0x5
 869 0246 03       		.byte	0x3
 870 0247 00000000 		.4byte	IMO_TRIM_FREQ_TABLE_ENTRIES.4718
 871 024b 12       		.uleb128 0x12
 872 024c 81000000 		.4byte	.LASF34
 873 0250 01       		.byte	0x1
 874 0251 9B       		.byte	0x9b
 875 0252 A7000000 		.4byte	0xa7
 876 0256 02       		.uleb128 0x2
 877 0257 91       		.byte	0x91
 878 0258 74       		.sleb128 -12
 879 0259 12       		.uleb128 0x12
 880 025a 1B020000 		.4byte	.LASF35
 881 025e 01       		.byte	0x1
 882 025f 9C       		.byte	0x9c
 883 0260 86000000 		.4byte	0x86
 884 0264 02       		.uleb128 0x2
 885 0265 91       		.byte	0x91
 886 0266 73       		.sleb128 -13
 887 0267 12       		.uleb128 0x12
 888 0268 CB010000 		.4byte	.LASF36
 889 026c 01       		.byte	0x1
 890 026d 9D       		.byte	0x9d
 891 026e 86000000 		.4byte	0x86
 892 0272 02       		.uleb128 0x2
 893 0273 91       		.byte	0x91
 894 0274 72       		.sleb128 -14
 895 0275 00       		.byte	0
 896 0276 13       		.uleb128 0x13
 897 0277 9C000000 		.4byte	0x9c
 898 027b 14       		.uleb128 0x14
 899 027c 3F000000 		.4byte	.LASF37
 900 0280 01       		.byte	0x1
 901 0281 C3       		.byte	0xc3
 902 0282 A4000000 		.4byte	.LFB6
 903 0286 DC000000 		.4byte	.LFE6-.LFB6
 904 028a 01       		.uleb128 0x1
 905 028b 9C       		.byte	0x9c
 906 028c 15       		.uleb128 0x15
 907 028d 0D000000 		.4byte	.LASF38
 908 0291 01       		.byte	0x1
 909 0292 0501     		.2byte	0x105
ARM GAS  C:\Users\Shahed\AppData\Local\Temp\ccwzjzAX.s 			page 23


 910 0294 00000000 		.4byte	.LFB7
 911 0298 28000000 		.4byte	.LFE7-.LFB7
 912 029c 01       		.uleb128 0x1
 913 029d 9C       		.byte	0x9c
 914 029e 16       		.uleb128 0x16
 915 029f 50010000 		.4byte	.LASF46
 916 02a3 01       		.byte	0x1
 917 02a4 2001     		.2byte	0x120
 918 02a6 80010000 		.4byte	.LFB8
 919 02aa E0000000 		.4byte	.LFE8-.LFB8
 920 02ae 01       		.uleb128 0x1
 921 02af 9C       		.byte	0x9c
 922 02b0 17       		.uleb128 0x17
 923 02b1 8E010000 		.4byte	.LBB2
 924 02b5 A6000000 		.4byte	.LBE2-.LBB2
 925 02b9 18       		.uleb128 0x18
 926 02ba 06       		.byte	0x6
 927 02bb 01       		.byte	0x1
 928 02bc 2901     		.2byte	0x129
 929 02be DD020000 		.4byte	0x2dd
 930 02c2 19       		.uleb128 0x19
 931 02c3 5D010000 		.4byte	.LASF39
 932 02c7 01       		.byte	0x1
 933 02c8 2A01     		.2byte	0x12a
 934 02ca 7D000000 		.4byte	0x7d
 935 02ce 00       		.byte	0
 936 02cf 19       		.uleb128 0x19
 937 02d0 93000000 		.4byte	.LASF40
 938 02d4 01       		.byte	0x1
 939 02d5 2B01     		.2byte	0x12b
 940 02d7 91000000 		.4byte	0x91
 941 02db 04       		.byte	0x4
 942 02dc 00       		.byte	0
 943 02dd 06       		.uleb128 0x6
 944 02de 8D010000 		.4byte	.LASF41
 945 02e2 01       		.byte	0x1
 946 02e3 2C01     		.2byte	0x12c
 947 02e5 B9020000 		.4byte	0x2b9
 948 02e9 10       		.uleb128 0x10
 949 02ea DD020000 		.4byte	0x2dd
 950 02ee F9020000 		.4byte	0x2f9
 951 02f2 11       		.uleb128 0x11
 952 02f3 76000000 		.4byte	0x76
 953 02f7 01       		.byte	0x1
 954 02f8 00       		.byte	0
 955 02f9 1A       		.uleb128 0x1a
 956 02fa 2F000000 		.4byte	.LASF42
 957 02fe 01       		.byte	0x1
 958 02ff 2E01     		.2byte	0x12e
 959 0301 0B030000 		.4byte	0x30b
 960 0305 05       		.uleb128 0x5
 961 0306 03       		.byte	0x3
 962 0307 04000000 		.4byte	cfg_memset_list.4742
 963 030b 13       		.uleb128 0x13
 964 030c E9020000 		.4byte	0x2e9
 965 0310 1B       		.uleb128 0x1b
 966 0311 6900     		.ascii	"i\000"
ARM GAS  C:\Users\Shahed\AppData\Local\Temp\ccwzjzAX.s 			page 24


 967 0313 01       		.byte	0x1
 968 0314 3401     		.2byte	0x134
 969 0316 86000000 		.4byte	0x86
 970 031a 02       		.uleb128 0x2
 971 031b 91       		.byte	0x91
 972 031c 77       		.sleb128 -9
 973 031d 17       		.uleb128 0x17
 974 031e 96010000 		.4byte	.LBB3
 975 0322 3E000000 		.4byte	.LBE3-.LBB3
 976 0326 1B       		.uleb128 0x1b
 977 0327 6D7300   		.ascii	"ms\000"
 978 032a 01       		.byte	0x1
 979 032b 3901     		.2byte	0x139
 980 032d 34030000 		.4byte	0x334
 981 0331 02       		.uleb128 0x2
 982 0332 91       		.byte	0x91
 983 0333 70       		.sleb128 -16
 984 0334 0B       		.uleb128 0xb
 985 0335 04       		.byte	0x4
 986 0336 3A030000 		.4byte	0x33a
 987 033a 13       		.uleb128 0x13
 988 033b DD020000 		.4byte	0x2dd
 989 033f 00       		.byte	0
 990 0340 00       		.byte	0
 991 0341 00       		.byte	0
 992 0342 00       		.byte	0
 993              		.section	.debug_abbrev,"",%progbits
 994              	.Ldebug_abbrev0:
 995 0000 01       		.uleb128 0x1
 996 0001 11       		.uleb128 0x11
 997 0002 01       		.byte	0x1
 998 0003 25       		.uleb128 0x25
 999 0004 0E       		.uleb128 0xe
 1000 0005 13       		.uleb128 0x13
 1001 0006 0B       		.uleb128 0xb
 1002 0007 03       		.uleb128 0x3
 1003 0008 0E       		.uleb128 0xe
 1004 0009 1B       		.uleb128 0x1b
 1005 000a 0E       		.uleb128 0xe
 1006 000b 55       		.uleb128 0x55
 1007 000c 17       		.uleb128 0x17
 1008 000d 11       		.uleb128 0x11
 1009 000e 01       		.uleb128 0x1
 1010 000f 10       		.uleb128 0x10
 1011 0010 17       		.uleb128 0x17
 1012 0011 00       		.byte	0
 1013 0012 00       		.byte	0
 1014 0013 02       		.uleb128 0x2
 1015 0014 24       		.uleb128 0x24
 1016 0015 00       		.byte	0
 1017 0016 0B       		.uleb128 0xb
 1018 0017 0B       		.uleb128 0xb
 1019 0018 3E       		.uleb128 0x3e
 1020 0019 0B       		.uleb128 0xb
 1021 001a 03       		.uleb128 0x3
 1022 001b 08       		.uleb128 0x8
 1023 001c 00       		.byte	0
ARM GAS  C:\Users\Shahed\AppData\Local\Temp\ccwzjzAX.s 			page 25


 1024 001d 00       		.byte	0
 1025 001e 03       		.uleb128 0x3
 1026 001f 16       		.uleb128 0x16
 1027 0020 00       		.byte	0
 1028 0021 03       		.uleb128 0x3
 1029 0022 0E       		.uleb128 0xe
 1030 0023 3A       		.uleb128 0x3a
 1031 0024 0B       		.uleb128 0xb
 1032 0025 3B       		.uleb128 0x3b
 1033 0026 0B       		.uleb128 0xb
 1034 0027 49       		.uleb128 0x49
 1035 0028 13       		.uleb128 0x13
 1036 0029 00       		.byte	0
 1037 002a 00       		.byte	0
 1038 002b 04       		.uleb128 0x4
 1039 002c 24       		.uleb128 0x24
 1040 002d 00       		.byte	0
 1041 002e 0B       		.uleb128 0xb
 1042 002f 0B       		.uleb128 0xb
 1043 0030 3E       		.uleb128 0x3e
 1044 0031 0B       		.uleb128 0xb
 1045 0032 03       		.uleb128 0x3
 1046 0033 0E       		.uleb128 0xe
 1047 0034 00       		.byte	0
 1048 0035 00       		.byte	0
 1049 0036 05       		.uleb128 0x5
 1050 0037 0F       		.uleb128 0xf
 1051 0038 00       		.byte	0
 1052 0039 0B       		.uleb128 0xb
 1053 003a 0B       		.uleb128 0xb
 1054 003b 00       		.byte	0
 1055 003c 00       		.byte	0
 1056 003d 06       		.uleb128 0x6
 1057 003e 16       		.uleb128 0x16
 1058 003f 00       		.byte	0
 1059 0040 03       		.uleb128 0x3
 1060 0041 0E       		.uleb128 0xe
 1061 0042 3A       		.uleb128 0x3a
 1062 0043 0B       		.uleb128 0xb
 1063 0044 3B       		.uleb128 0x3b
 1064 0045 05       		.uleb128 0x5
 1065 0046 49       		.uleb128 0x49
 1066 0047 13       		.uleb128 0x13
 1067 0048 00       		.byte	0
 1068 0049 00       		.byte	0
 1069 004a 07       		.uleb128 0x7
 1070 004b 35       		.uleb128 0x35
 1071 004c 00       		.byte	0
 1072 004d 49       		.uleb128 0x49
 1073 004e 13       		.uleb128 0x13
 1074 004f 00       		.byte	0
 1075 0050 00       		.byte	0
 1076 0051 08       		.uleb128 0x8
 1077 0052 2E       		.uleb128 0x2e
 1078 0053 01       		.byte	0x1
 1079 0054 03       		.uleb128 0x3
 1080 0055 0E       		.uleb128 0xe
ARM GAS  C:\Users\Shahed\AppData\Local\Temp\ccwzjzAX.s 			page 26


 1081 0056 3A       		.uleb128 0x3a
 1082 0057 0B       		.uleb128 0xb
 1083 0058 3B       		.uleb128 0x3b
 1084 0059 0B       		.uleb128 0xb
 1085 005a 27       		.uleb128 0x27
 1086 005b 19       		.uleb128 0x19
 1087 005c 11       		.uleb128 0x11
 1088 005d 01       		.uleb128 0x1
 1089 005e 12       		.uleb128 0x12
 1090 005f 06       		.uleb128 0x6
 1091 0060 40       		.uleb128 0x40
 1092 0061 18       		.uleb128 0x18
 1093 0062 9642     		.uleb128 0x2116
 1094 0064 19       		.uleb128 0x19
 1095 0065 01       		.uleb128 0x1
 1096 0066 13       		.uleb128 0x13
 1097 0067 00       		.byte	0
 1098 0068 00       		.byte	0
 1099 0069 09       		.uleb128 0x9
 1100 006a 05       		.uleb128 0x5
 1101 006b 00       		.byte	0
 1102 006c 03       		.uleb128 0x3
 1103 006d 08       		.uleb128 0x8
 1104 006e 3A       		.uleb128 0x3a
 1105 006f 0B       		.uleb128 0xb
 1106 0070 3B       		.uleb128 0x3b
 1107 0071 0B       		.uleb128 0xb
 1108 0072 49       		.uleb128 0x49
 1109 0073 13       		.uleb128 0x13
 1110 0074 02       		.uleb128 0x2
 1111 0075 18       		.uleb128 0x18
 1112 0076 00       		.byte	0
 1113 0077 00       		.byte	0
 1114 0078 0A       		.uleb128 0xa
 1115 0079 05       		.uleb128 0x5
 1116 007a 00       		.byte	0
 1117 007b 03       		.uleb128 0x3
 1118 007c 0E       		.uleb128 0xe
 1119 007d 3A       		.uleb128 0x3a
 1120 007e 0B       		.uleb128 0xb
 1121 007f 3B       		.uleb128 0x3b
 1122 0080 0B       		.uleb128 0xb
 1123 0081 49       		.uleb128 0x49
 1124 0082 13       		.uleb128 0x13
 1125 0083 02       		.uleb128 0x2
 1126 0084 18       		.uleb128 0x18
 1127 0085 00       		.byte	0
 1128 0086 00       		.byte	0
 1129 0087 0B       		.uleb128 0xb
 1130 0088 0F       		.uleb128 0xf
 1131 0089 00       		.byte	0
 1132 008a 0B       		.uleb128 0xb
 1133 008b 0B       		.uleb128 0xb
 1134 008c 49       		.uleb128 0x49
 1135 008d 13       		.uleb128 0x13
 1136 008e 00       		.byte	0
 1137 008f 00       		.byte	0
ARM GAS  C:\Users\Shahed\AppData\Local\Temp\ccwzjzAX.s 			page 27


 1138 0090 0C       		.uleb128 0xc
 1139 0091 26       		.uleb128 0x26
 1140 0092 00       		.byte	0
 1141 0093 00       		.byte	0
 1142 0094 00       		.byte	0
 1143 0095 0D       		.uleb128 0xd
 1144 0096 2E       		.uleb128 0x2e
 1145 0097 01       		.byte	0x1
 1146 0098 03       		.uleb128 0x3
 1147 0099 0E       		.uleb128 0xe
 1148 009a 3A       		.uleb128 0x3a
 1149 009b 0B       		.uleb128 0xb
 1150 009c 3B       		.uleb128 0x3b
 1151 009d 0B       		.uleb128 0xb
 1152 009e 27       		.uleb128 0x27
 1153 009f 19       		.uleb128 0x19
 1154 00a0 11       		.uleb128 0x11
 1155 00a1 01       		.uleb128 0x1
 1156 00a2 12       		.uleb128 0x12
 1157 00a3 06       		.uleb128 0x6
 1158 00a4 40       		.uleb128 0x40
 1159 00a5 18       		.uleb128 0x18
 1160 00a6 9742     		.uleb128 0x2117
 1161 00a8 19       		.uleb128 0x19
 1162 00a9 01       		.uleb128 0x1
 1163 00aa 13       		.uleb128 0x13
 1164 00ab 00       		.byte	0
 1165 00ac 00       		.byte	0
 1166 00ad 0E       		.uleb128 0xe
 1167 00ae 13       		.uleb128 0x13
 1168 00af 01       		.byte	0x1
 1169 00b0 0B       		.uleb128 0xb
 1170 00b1 0B       		.uleb128 0xb
 1171 00b2 3A       		.uleb128 0x3a
 1172 00b3 0B       		.uleb128 0xb
 1173 00b4 3B       		.uleb128 0x3b
 1174 00b5 0B       		.uleb128 0xb
 1175 00b6 01       		.uleb128 0x1
 1176 00b7 13       		.uleb128 0x13
 1177 00b8 00       		.byte	0
 1178 00b9 00       		.byte	0
 1179 00ba 0F       		.uleb128 0xf
 1180 00bb 0D       		.uleb128 0xd
 1181 00bc 00       		.byte	0
 1182 00bd 03       		.uleb128 0x3
 1183 00be 0E       		.uleb128 0xe
 1184 00bf 3A       		.uleb128 0x3a
 1185 00c0 0B       		.uleb128 0xb
 1186 00c1 3B       		.uleb128 0x3b
 1187 00c2 0B       		.uleb128 0xb
 1188 00c3 49       		.uleb128 0x49
 1189 00c4 13       		.uleb128 0x13
 1190 00c5 38       		.uleb128 0x38
 1191 00c6 0B       		.uleb128 0xb
 1192 00c7 00       		.byte	0
 1193 00c8 00       		.byte	0
 1194 00c9 10       		.uleb128 0x10
ARM GAS  C:\Users\Shahed\AppData\Local\Temp\ccwzjzAX.s 			page 28


 1195 00ca 01       		.uleb128 0x1
 1196 00cb 01       		.byte	0x1
 1197 00cc 49       		.uleb128 0x49
 1198 00cd 13       		.uleb128 0x13
 1199 00ce 01       		.uleb128 0x1
 1200 00cf 13       		.uleb128 0x13
 1201 00d0 00       		.byte	0
 1202 00d1 00       		.byte	0
 1203 00d2 11       		.uleb128 0x11
 1204 00d3 21       		.uleb128 0x21
 1205 00d4 00       		.byte	0
 1206 00d5 49       		.uleb128 0x49
 1207 00d6 13       		.uleb128 0x13
 1208 00d7 2F       		.uleb128 0x2f
 1209 00d8 0B       		.uleb128 0xb
 1210 00d9 00       		.byte	0
 1211 00da 00       		.byte	0
 1212 00db 12       		.uleb128 0x12
 1213 00dc 34       		.uleb128 0x34
 1214 00dd 00       		.byte	0
 1215 00de 03       		.uleb128 0x3
 1216 00df 0E       		.uleb128 0xe
 1217 00e0 3A       		.uleb128 0x3a
 1218 00e1 0B       		.uleb128 0xb
 1219 00e2 3B       		.uleb128 0x3b
 1220 00e3 0B       		.uleb128 0xb
 1221 00e4 49       		.uleb128 0x49
 1222 00e5 13       		.uleb128 0x13
 1223 00e6 02       		.uleb128 0x2
 1224 00e7 18       		.uleb128 0x18
 1225 00e8 00       		.byte	0
 1226 00e9 00       		.byte	0
 1227 00ea 13       		.uleb128 0x13
 1228 00eb 26       		.uleb128 0x26
 1229 00ec 00       		.byte	0
 1230 00ed 49       		.uleb128 0x49
 1231 00ee 13       		.uleb128 0x13
 1232 00ef 00       		.byte	0
 1233 00f0 00       		.byte	0
 1234 00f1 14       		.uleb128 0x14
 1235 00f2 2E       		.uleb128 0x2e
 1236 00f3 00       		.byte	0
 1237 00f4 03       		.uleb128 0x3
 1238 00f5 0E       		.uleb128 0xe
 1239 00f6 3A       		.uleb128 0x3a
 1240 00f7 0B       		.uleb128 0xb
 1241 00f8 3B       		.uleb128 0x3b
 1242 00f9 0B       		.uleb128 0xb
 1243 00fa 27       		.uleb128 0x27
 1244 00fb 19       		.uleb128 0x19
 1245 00fc 11       		.uleb128 0x11
 1246 00fd 01       		.uleb128 0x1
 1247 00fe 12       		.uleb128 0x12
 1248 00ff 06       		.uleb128 0x6
 1249 0100 40       		.uleb128 0x40
 1250 0101 18       		.uleb128 0x18
 1251 0102 9642     		.uleb128 0x2116
ARM GAS  C:\Users\Shahed\AppData\Local\Temp\ccwzjzAX.s 			page 29


 1252 0104 19       		.uleb128 0x19
 1253 0105 00       		.byte	0
 1254 0106 00       		.byte	0
 1255 0107 15       		.uleb128 0x15
 1256 0108 2E       		.uleb128 0x2e
 1257 0109 00       		.byte	0
 1258 010a 03       		.uleb128 0x3
 1259 010b 0E       		.uleb128 0xe
 1260 010c 3A       		.uleb128 0x3a
 1261 010d 0B       		.uleb128 0xb
 1262 010e 3B       		.uleb128 0x3b
 1263 010f 05       		.uleb128 0x5
 1264 0110 27       		.uleb128 0x27
 1265 0111 19       		.uleb128 0x19
 1266 0112 11       		.uleb128 0x11
 1267 0113 01       		.uleb128 0x1
 1268 0114 12       		.uleb128 0x12
 1269 0115 06       		.uleb128 0x6
 1270 0116 40       		.uleb128 0x40
 1271 0117 18       		.uleb128 0x18
 1272 0118 9742     		.uleb128 0x2117
 1273 011a 19       		.uleb128 0x19
 1274 011b 00       		.byte	0
 1275 011c 00       		.byte	0
 1276 011d 16       		.uleb128 0x16
 1277 011e 2E       		.uleb128 0x2e
 1278 011f 01       		.byte	0x1
 1279 0120 3F       		.uleb128 0x3f
 1280 0121 19       		.uleb128 0x19
 1281 0122 03       		.uleb128 0x3
 1282 0123 0E       		.uleb128 0xe
 1283 0124 3A       		.uleb128 0x3a
 1284 0125 0B       		.uleb128 0xb
 1285 0126 3B       		.uleb128 0x3b
 1286 0127 05       		.uleb128 0x5
 1287 0128 27       		.uleb128 0x27
 1288 0129 19       		.uleb128 0x19
 1289 012a 11       		.uleb128 0x11
 1290 012b 01       		.uleb128 0x1
 1291 012c 12       		.uleb128 0x12
 1292 012d 06       		.uleb128 0x6
 1293 012e 40       		.uleb128 0x40
 1294 012f 18       		.uleb128 0x18
 1295 0130 9642     		.uleb128 0x2116
 1296 0132 19       		.uleb128 0x19
 1297 0133 00       		.byte	0
 1298 0134 00       		.byte	0
 1299 0135 17       		.uleb128 0x17
 1300 0136 0B       		.uleb128 0xb
 1301 0137 01       		.byte	0x1
 1302 0138 11       		.uleb128 0x11
 1303 0139 01       		.uleb128 0x1
 1304 013a 12       		.uleb128 0x12
 1305 013b 06       		.uleb128 0x6
 1306 013c 00       		.byte	0
 1307 013d 00       		.byte	0
 1308 013e 18       		.uleb128 0x18
ARM GAS  C:\Users\Shahed\AppData\Local\Temp\ccwzjzAX.s 			page 30


 1309 013f 13       		.uleb128 0x13
 1310 0140 01       		.byte	0x1
 1311 0141 0B       		.uleb128 0xb
 1312 0142 0B       		.uleb128 0xb
 1313 0143 3A       		.uleb128 0x3a
 1314 0144 0B       		.uleb128 0xb
 1315 0145 3B       		.uleb128 0x3b
 1316 0146 05       		.uleb128 0x5
 1317 0147 01       		.uleb128 0x1
 1318 0148 13       		.uleb128 0x13
 1319 0149 00       		.byte	0
 1320 014a 00       		.byte	0
 1321 014b 19       		.uleb128 0x19
 1322 014c 0D       		.uleb128 0xd
 1323 014d 00       		.byte	0
 1324 014e 03       		.uleb128 0x3
 1325 014f 0E       		.uleb128 0xe
 1326 0150 3A       		.uleb128 0x3a
 1327 0151 0B       		.uleb128 0xb
 1328 0152 3B       		.uleb128 0x3b
 1329 0153 05       		.uleb128 0x5
 1330 0154 49       		.uleb128 0x49
 1331 0155 13       		.uleb128 0x13
 1332 0156 38       		.uleb128 0x38
 1333 0157 0B       		.uleb128 0xb
 1334 0158 00       		.byte	0
 1335 0159 00       		.byte	0
 1336 015a 1A       		.uleb128 0x1a
 1337 015b 34       		.uleb128 0x34
 1338 015c 00       		.byte	0
 1339 015d 03       		.uleb128 0x3
 1340 015e 0E       		.uleb128 0xe
 1341 015f 3A       		.uleb128 0x3a
 1342 0160 0B       		.uleb128 0xb
 1343 0161 3B       		.uleb128 0x3b
 1344 0162 05       		.uleb128 0x5
 1345 0163 49       		.uleb128 0x49
 1346 0164 13       		.uleb128 0x13
 1347 0165 02       		.uleb128 0x2
 1348 0166 18       		.uleb128 0x18
 1349 0167 00       		.byte	0
 1350 0168 00       		.byte	0
 1351 0169 1B       		.uleb128 0x1b
 1352 016a 34       		.uleb128 0x34
 1353 016b 00       		.byte	0
 1354 016c 03       		.uleb128 0x3
 1355 016d 08       		.uleb128 0x8
 1356 016e 3A       		.uleb128 0x3a
 1357 016f 0B       		.uleb128 0xb
 1358 0170 3B       		.uleb128 0x3b
 1359 0171 05       		.uleb128 0x5
 1360 0172 49       		.uleb128 0x49
 1361 0173 13       		.uleb128 0x13
 1362 0174 02       		.uleb128 0x2
 1363 0175 18       		.uleb128 0x18
 1364 0176 00       		.byte	0
 1365 0177 00       		.byte	0
ARM GAS  C:\Users\Shahed\AppData\Local\Temp\ccwzjzAX.s 			page 31


 1366 0178 00       		.byte	0
 1367              		.section	.debug_aranges,"",%progbits
 1368 0000 4C000000 		.4byte	0x4c
 1369 0004 0200     		.2byte	0x2
 1370 0006 00000000 		.4byte	.Ldebug_info0
 1371 000a 04       		.byte	0x4
 1372 000b 00       		.byte	0
 1373 000c 0000     		.2byte	0
 1374 000e 0000     		.2byte	0
 1375 0010 00000000 		.4byte	.LFB2
 1376 0014 1E000000 		.4byte	.LFE2-.LFB2
 1377 0018 00000000 		.4byte	.LFB3
 1378 001c 22000000 		.4byte	.LFE3-.LFB3
 1379 0020 00000000 		.4byte	.LFB4
 1380 0024 22000000 		.4byte	.LFE4-.LFB4
 1381 0028 00000000 		.4byte	.LFB5
 1382 002c A4000000 		.4byte	.LFE5-.LFB5
 1383 0030 A4000000 		.4byte	.LFB6
 1384 0034 DC000000 		.4byte	.LFE6-.LFB6
 1385 0038 00000000 		.4byte	.LFB7
 1386 003c 28000000 		.4byte	.LFE7-.LFB7
 1387 0040 80010000 		.4byte	.LFB8
 1388 0044 E0000000 		.4byte	.LFE8-.LFB8
 1389 0048 00000000 		.4byte	0
 1390 004c 00000000 		.4byte	0
 1391              		.section	.debug_ranges,"",%progbits
 1392              	.Ldebug_ranges0:
 1393 0000 00000000 		.4byte	.LFB2
 1394 0004 1E000000 		.4byte	.LFE2
 1395 0008 00000000 		.4byte	.LFB3
 1396 000c 22000000 		.4byte	.LFE3
 1397 0010 00000000 		.4byte	.LFB4
 1398 0014 22000000 		.4byte	.LFE4
 1399 0018 00000000 		.4byte	.LFB5
 1400 001c A4000000 		.4byte	.LFE5
 1401 0020 A4000000 		.4byte	.LFB6
 1402 0024 80010000 		.4byte	.LFE6
 1403 0028 00000000 		.4byte	.LFB7
 1404 002c 28000000 		.4byte	.LFE7
 1405 0030 80010000 		.4byte	.LFB8
 1406 0034 60020000 		.4byte	.LFE8
 1407 0038 00000000 		.4byte	0
 1408 003c 00000000 		.4byte	0
 1409              		.section	.debug_line,"",%progbits
 1410              	.Ldebug_line0:
 1411 0000 81010000 		.section	.debug_str,"MS",%progbits,1
 1411      0200D000 
 1411      00000201 
 1411      FB0E0D00 
 1411      01010101 
 1412              	.LASF19:
 1413 0000 72656733 		.ascii	"reg32\000"
 1413      3200
 1414              	.LASF11:
 1415 0006 73697A65 		.ascii	"size_t\000"
 1415      5F7400
 1416              	.LASF38:
ARM GAS  C:\Users\Shahed\AppData\Local\Temp\ccwzjzAX.s 			page 32


 1417 000d 416E616C 		.ascii	"AnalogSetDefault\000"
 1417      6F675365 
 1417      74446566 
 1417      61756C74 
 1417      00
 1418              	.LASF29:
 1419 001e 696D6F5F 		.ascii	"imo_trim_entry_t\000"
 1419      7472696D 
 1419      5F656E74 
 1419      72795F74 
 1419      00
 1420              	.LASF42:
 1421 002f 6366675F 		.ascii	"cfg_memset_list\000"
 1421      6D656D73 
 1421      65745F6C 
 1421      69737400 
 1422              	.LASF37:
 1423 003f 436C6F63 		.ascii	"ClockSetup\000"
 1423      6B536574 
 1423      757000
 1424              	.LASF28:
 1425 004a 746D7063 		.ascii	"tmpco\000"
 1425      6F00
 1426              	.LASF4:
 1427 0050 73686F72 		.ascii	"short unsigned int\000"
 1427      7420756E 
 1427      7369676E 
 1427      65642069 
 1427      6E7400
 1428              	.LASF3:
 1429 0063 73686F72 		.ascii	"short int\000"
 1429      7420696E 
 1429      7400
 1430              	.LASF24:
 1431 006d 53657449 		.ascii	"SetIMOBGTrims\000"
 1431      4D4F4247 
 1431      5472696D 
 1431      7300
 1432              	.LASF16:
 1433 007b 666C6F61 		.ascii	"float\000"
 1433      7400
 1434              	.LASF34:
 1435 0081 696D6F54 		.ascii	"imoTrimIndex\000"
 1435      72696D49 
 1435      6E646578 
 1435      00
 1436              	.LASF22:
 1437 008e 64657374 		.ascii	"dest\000"
 1437      00
 1438              	.LASF40:
 1439 0093 73697A65 		.ascii	"size\000"
 1439      00
 1440              	.LASF18:
 1441 0098 72656738 		.ascii	"reg8\000"
 1441      00
 1442              	.LASF6:
 1443 009d 6C6F6E67 		.ascii	"long unsigned int\000"
ARM GAS  C:\Users\Shahed\AppData\Local\Temp\ccwzjzAX.s 			page 33


 1443      20756E73 
 1443      69676E65 
 1443      6420696E 
 1443      7400
 1444              	.LASF15:
 1445 00af 696E7433 		.ascii	"int32\000"
 1445      3200
 1446              	.LASF20:
 1447 00b5 43594D45 		.ascii	"CYMEMZERO\000"
 1447      4D5A4552 
 1447      4F00
 1448              	.LASF2:
 1449 00bf 756E7369 		.ascii	"unsigned char\000"
 1449      676E6564 
 1449      20636861 
 1449      7200
 1450              	.LASF17:
 1451 00cd 646F7562 		.ascii	"double\000"
 1451      6C6500
 1452              	.LASF25:
 1453 00d4 696D6F46 		.ascii	"imoFreq\000"
 1453      72657100 
 1454              	.LASF21:
 1455 00dc 4359434F 		.ascii	"CYCONFIGCPY\000"
 1455      4E464947 
 1455      43505900 
 1456              	.LASF33:
 1457 00e8 494D4F5F 		.ascii	"IMO_TRIM_FREQ_TABLE_ENTRIES\000"
 1457      5452494D 
 1457      5F465245 
 1457      515F5441 
 1457      424C455F 
 1458              	.LASF13:
 1459 0104 75696E74 		.ascii	"uint16\000"
 1459      313600
 1460              	.LASF14:
 1461 010b 75696E74 		.ascii	"uint32\000"
 1461      333200
 1462              	.LASF45:
 1463 0112 433A5C55 		.ascii	"C:\\Users\\Shahed\\Desktop\\BLE Lab 2\\Design01.cyd"
 1463      73657273 
 1463      5C536861 
 1463      6865645C 
 1463      4465736B 
 1464 0140 736E00   		.ascii	"sn\000"
 1465              	.LASF0:
 1466 0143 756E7369 		.ascii	"unsigned int\000"
 1466      676E6564 
 1466      20696E74 
 1466      00
 1467              	.LASF46:
 1468 0150 63796669 		.ascii	"cyfitter_cfg\000"
 1468      74746572 
 1468      5F636667 
 1468      00
 1469              	.LASF39:
 1470 015d 61646472 		.ascii	"address\000"
ARM GAS  C:\Users\Shahed\AppData\Local\Temp\ccwzjzAX.s 			page 34


 1470      65737300 
 1471              	.LASF8:
 1472 0165 6C6F6E67 		.ascii	"long long unsigned int\000"
 1472      206C6F6E 
 1472      6720756E 
 1472      7369676E 
 1472      65642069 
 1473              	.LASF31:
 1474 017c 696D6F5F 		.ascii	"imo_trim_table_t\000"
 1474      7472696D 
 1474      5F746162 
 1474      6C655F74 
 1474      00
 1475              	.LASF41:
 1476 018d 6366675F 		.ascii	"cfg_memset_t\000"
 1476      6D656D73 
 1476      65745F74 
 1476      00
 1477              	.LASF44:
 1478 019a 2E5C4765 		.ascii	".\\Generated_Source\\PSoC4\\cyfitter_cfg.c\000"
 1478      6E657261 
 1478      7465645F 
 1478      536F7572 
 1478      63655C50 
 1479              	.LASF9:
 1480 01c2 73697A65 		.ascii	"sizetype\000"
 1480      74797065 
 1480      00
 1481              	.LASF36:
 1482 01cb 73657454 		.ascii	"setTmpCo\000"
 1482      6D70436F 
 1482      00
 1483              	.LASF7:
 1484 01d4 6C6F6E67 		.ascii	"long long int\000"
 1484      206C6F6E 
 1484      6720696E 
 1484      7400
 1485              	.LASF10:
 1486 01e2 63686172 		.ascii	"char\000"
 1486      00
 1487              	.LASF27:
 1488 01e7 6162736F 		.ascii	"absolute\000"
 1488      6C757465 
 1488      00
 1489              	.LASF26:
 1490 01f0 66726571 		.ascii	"freq\000"
 1490      00
 1491              	.LASF12:
 1492 01f5 75696E74 		.ascii	"uint8\000"
 1492      3800
 1493              	.LASF32:
 1494 01fb 696D6F5F 		.ascii	"imo_trim_table\000"
 1494      7472696D 
 1494      5F746162 
 1494      6C6500
 1495              	.LASF5:
 1496 020a 6C6F6E67 		.ascii	"long int\000"
ARM GAS  C:\Users\Shahed\AppData\Local\Temp\ccwzjzAX.s 			page 35


 1496      20696E74 
 1496      00
 1497              	.LASF30:
 1498 0213 656E7472 		.ascii	"entries\000"
 1498      69657300 
 1499              	.LASF35:
 1500 021b 73657441 		.ascii	"setAbs\000"
 1500      627300
 1501              	.LASF1:
 1502 0222 7369676E 		.ascii	"signed char\000"
 1502      65642063 
 1502      68617200 
 1503              	.LASF23:
 1504 022e 4359434F 		.ascii	"CYCONFIGCPYCODE\000"
 1504      4E464947 
 1504      43505943 
 1504      4F444500 
 1505              	.LASF43:
 1506 023e 474E5520 		.ascii	"GNU C 4.8.4 20140526 (release) [ARM/embedded-4_8-br"
 1506      4320342E 
 1506      382E3420 
 1506      32303134 
 1506      30353236 
 1507 0271 616E6368 		.ascii	"anch revision 211358] -mcpu=cortex-m0 -mthumb -g -O"
 1507      20726576 
 1507      6973696F 
 1507      6E203231 
 1507      31333538 
 1508 02a4 30202D66 		.ascii	"0 -ffunction-sections\000"
 1508      66756E63 
 1508      74696F6E 
 1508      2D736563 
 1508      74696F6E 
 1509              		.ident	"GCC: (GNU Tools for ARM Embedded Processors) 4.8.4 20140526 (release) [ARM/embedded-4_8-br
